.venv_3.13) PS G:\GitHub\PyKotor> mypy Libraries\PyKotor\src\pykotor\tools\model.py       
pyproject.toml: [mypy]: python_version: Python 3.8 is not supported (must be 3.9 or higher)
Libraries\PyKotor\src\pykotor\resource\formats\ncs\dencs\stack\local_stack.py:17: error: Incompatible types in assignment (expression has type "None", variable has type "list[Any]") 
 [assignment]
Libraries\PyKotor\src\pykotor\resource\formats\ncs\dencs\scriptnode\script_node.py:12: error: Incompatible default for argument "parent" (default has type "ellipsis", argument has type "Optional[ScriptNode]")  [assignment]
Libraries\PyKotor\src\pykotor\resource\formats\ncs\dencs\node\node.py:6: error: Module "pykotor.resource.formats.ncs.dencs.analysis.analysis_adapter" has no attribute "Analysis"  [attr-defined]
Libraries\PyKotor\src\utility\system\win32\registry.py:29: error: Returning Any from function declared to return "Optional[str]"  [no-any-return]
Libraries\PyKotor\src\utility\string_util.py:519: error: Name "curskip" already defined on line 482  [no-redef]
Libraries\PyKotor\src\utility\string_util.py:595: error: Signature of "maketrans" incompatible with supertype "builtins.str"  [override]
Libraries\PyKotor\src\utility\string_util.py:595: note:      Superclass:
Libraries\PyKotor\src\utility\string_util.py:595: note:          @overload
Libraries\PyKotor\src\utility\string_util.py:595: note:          @staticmethod
Libraries\PyKotor\src\utility\string_util.py:595: note:          def [_T] maketrans(Union[dict[int, _T], dict[str, _T], dict[Union[str, int], _T]], /) -> dict[int, _T]
Libraries\PyKotor\src\utility\string_util.py:595: note:          @overload
Libraries\PyKotor\src\utility\string_util.py:595: note:          @staticmethod
Libraries\PyKotor\src\utility\string_util.py:595: note:          def maketrans(str, str, /) -> dict[int, int]
Libraries\PyKotor\src\utility\string_util.py:595: note:          @overload
Libraries\PyKotor\src\utility\string_util.py:595: note:          @staticmethod
Libraries\PyKotor\src\utility\string_util.py:595: note:          def maketrans(str, str, str, /) -> dict[int, Optional[int]]
Libraries\PyKotor\src\utility\string_util.py:595: note:      Subclass:
Libraries\PyKotor\src\utility\string_util.py:595: note:          @classmethod
Libraries\PyKotor\src\utility\string_util.py:595: note:          def maketrans(cls, Union[WrappedStr, str], Union[WrappedStr, str], Union[WrappedStr, str], /) -> dict[int, Optional[int]]
Libraries\PyKotor\src\utility\string_util.py:631: error: Argument 1 to "_assert_str_type" of "WrappedStr" has incompatible type "object"; expected "str"  [arg-type]
Libraries\PyKotor\src\utility\string_util.py:641: error: Argument 1 to "_assert_str_type" of "WrappedStr" has incompatible type "object"; expected "str"  [arg-type]
Libraries\PyKotor\src\utility\string_util.py:804: error: Argument 1 of "expandtabs" is incompatible with supertype "builtins.str"; supertype defines the argument type as "SupportsIndex"  [override]
Libraries\PyKotor\src\utility\string_util.py:804: note: This violates the Liskov substitution principle
Libraries\PyKotor\src\utility\string_util.py:804: note: See https://mypy.readthedocs.io/en/stable/common_issues.html#incompatible-overrides
Libraries\PyKotor\src\utility\string_util.py:1246: error: Returning Any from function declared to return "str"  [no-any-return]
Libraries\PyKotor\src\pykotor\resource\formats\tpc\convert\dxt\decompress_dxt.py:208: error: Name "alpha" already defined on line 204  [no-redef]
Libraries\PyKotor\src\pykotor\resource\formats\tpc\convert\dxt\compress_dxt.py:128: error: Name "code" already defined on line 123  [no-redef]
Libraries\PyKotor\src\pykotor\resource\formats\tpc\convert\dxt\compress_dxt.py:158: error: Name "color" already defined on line 149  [no-redef]
Libraries\PyKotor\src\pykotor\resource\formats\tpc\convert\dxt\compress_dxt.py:240: error: Name "r" already defined on line 209  [no-redef]
Libraries\PyKotor\src\pykotor\resource\formats\tpc\convert\dxt\compress_dxt.py:241: error: Name "g" already defined on line 209  [no-redef]
Libraries\PyKotor\src\pykotor\resource\formats\tpc\convert\dxt\compress_dxt.py:242: error: Name "b" already defined on line 209  [no-redef]
Libraries\PyKotor\src\pykotor\resource\formats\tpc\convert\dxt\compress_dxt.py:359: error: Name "at2_r" already defined on line 343  [no-redef]
Libraries\PyKotor\src\pykotor\resource\formats\tpc\convert\dxt\compress_dxt.py:360: error: Name "at2_g" already defined on line 343  [no-redef]
Libraries\PyKotor\src\pykotor\resource\formats\tpc\convert\dxt\compress_dxt.py:361: error: Name "at2_b" already defined on line 343  [no-redef]
Libraries\PyKotor\src\utility\common\misc_string\mutable_str.py:47: error: Argument 1 of "__reduce_ex__" is incompatible with supertype "builtins.object"; supertype defines the argument type as "SupportsIndex"  [override]
Libraries\PyKotor\src\utility\common\misc_string\mutable_str.py:47: note: This violates the Liskov substitution principle
Libraries\PyKotor\src\utility\common\misc_string\mutable_str.py:47: note: See https://mypy.readthedocs.io/en/stable/common_issues.html#incompatible-overrides
Libraries\PyKotor\src\utility\common\more_collections.py:47: error: Argument 1 of "insert" is incompatible with supertype "builtins.list"; supertype defines the argument type as "SupportsIndex"  [override]
Libraries\PyKotor\src\utility\common\more_collections.py:47: note: This violates the Liskov substitution principle
Libraries\PyKotor\src\utility\common\more_collections.py:47: note: See https://mypy.readthedocs.io/en/stable/common_issues.html#incompatible-overrides
Libraries\PyKotor\src\utility\common\more_collections.py:64: error: Signature of "__getitem__" incompatible with supertype "builtins.list"  [override]
Libraries\PyKotor\src\utility\common\more_collections.py:64: note:      Superclass:        
Libraries\PyKotor\src\utility\common\more_collections.py:64: note:          @overload      
Libraries\PyKotor\src\utility\common\more_collections.py:64: note:          def __getitem__(self, SupportsIndex, /) -> Any
Libraries\PyKotor\src\utility\common\more_collections.py:64: note:          @overload      
Libraries\PyKotor\src\utility\common\more_collections.py:64: note:          def __getitem__(self, slice[Any, Any, Any], /) -> list[Any]
Libraries\PyKotor\src\utility\common\more_collections.py:64: note:      Subclass:
Libraries\PyKotor\src\utility\common\more_collections.py:64: note:          def __getitem__(self, int, /) -> T
Libraries\PyKotor\src\utility\common\more_collections.py:64: error: Signature of "__getitem__" incompatible with supertype "typing.MutableSequence"  [override]
Libraries\PyKotor\src\utility\common\more_collections.py:64: note:      Superclass:        
Libraries\PyKotor\src\utility\common\more_collections.py:64: note:          @overload      
Libraries\PyKotor\src\utility\common\more_collections.py:64: note:          def __getitem__(self, int, /) -> Any
Libraries\PyKotor\src\utility\common\more_collections.py:64: note:          @overload      
Libraries\PyKotor\src\utility\common\more_collections.py:64: note:          def __getitem__(self, slice[Any, Any, Any], /) -> MutableSequence[Any]
Libraries\PyKotor\src\utility\common\more_collections.py:64: note:      Subclass:
Libraries\PyKotor\src\utility\common\more_collections.py:64: note:          def __getitem__(self, int, /) -> T
Libraries\PyKotor\src\utility\common\more_collections.py:64: error: Signature of "__getitem__" incompatible with supertype "typing.Sequence"  [override]
Libraries\PyKotor\src\utility\common\more_collections.py:64: note:      Superclass:        
Libraries\PyKotor\src\utility\common\more_collections.py:64: note:          @overload      
Libraries\PyKotor\src\utility\common\more_collections.py:64: note:          def __getitem__(self, int, /) -> Any
Libraries\PyKotor\src\utility\common\more_collections.py:64: note:          @overload      
Libraries\PyKotor\src\utility\common\more_collections.py:64: note:          def __getitem__(self, slice[Any, Any, Any], /) -> Sequence[Any]
Libraries\PyKotor\src\utility\common\more_collections.py:64: note:      Subclass:
Libraries\PyKotor\src\utility\common\more_collections.py:64: note:          def __getitem__(self, int, /) -> T
Libraries\PyKotor\src\utility\common\more_collections.py:67: error: Signature of "__setitem__" incompatible with supertype "builtins.list"  [override]
Libraries\PyKotor\src\utility\common\more_collections.py:67: note:      Superclass:        
Libraries\PyKotor\src\utility\common\more_collections.py:67: note:          @overload      
Libraries\PyKotor\src\utility\common\more_collections.py:67: note:          def __setitem__(self, SupportsIndex, Any, /) -> None
Libraries\PyKotor\src\utility\common\more_collections.py:67: note:          @overload      
Libraries\PyKotor\src\utility\common\more_collections.py:67: note:          def __setitem__(self, slice[Any, Any, Any], Iterable[Any], /) -> None
Libraries\PyKotor\src\utility\common\more_collections.py:67: note:      Subclass:
Libraries\PyKotor\src\utility\common\more_collections.py:67: note:          def __setitem__(self, int, T, /) -> None
Libraries\PyKotor\src\utility\common\more_collections.py:67: error: Signature of "__setitem__" incompatible with supertype "typing.MutableSequence"  [override]
Libraries\PyKotor\src\utility\common\more_collections.py:67: note:      Superclass:        
Libraries\PyKotor\src\utility\common\more_collections.py:67: note:          @overload      
Libraries\PyKotor\src\utility\common\more_collections.py:67: note:          def __setitem__(self, int, Any, /) -> None
Libraries\PyKotor\src\utility\common\more_collections.py:67: note:          @overload      
Libraries\PyKotor\src\utility\common\more_collections.py:67: note:          def __setitem__(self, slice[Any, Any, Any], Iterable[Any], /) -> None
Libraries\PyKotor\src\utility\common\more_collections.py:67: note:      Subclass:
Libraries\PyKotor\src\utility\common\more_collections.py:67: note:          def __setitem__(self, int, T, /) -> None
Libraries\PyKotor\src\utility\common\more_collections.py:79: error: Self type cannot have type arguments  [misc]
Libraries\PyKotor\src\utility\common\more_collections.py:85: error: Signature of "__delitem__" incompatible with supertype "typing.MutableSequence"  [override]
Libraries\PyKotor\src\utility\common\more_collections.py:85: note:      Superclass:        
Libraries\PyKotor\src\utility\common\more_collections.py:85: note:          @overload      
Libraries\PyKotor\src\utility\common\more_collections.py:85: note:          def __delitem__(self, int, /) -> None
Libraries\PyKotor\src\utility\common\more_collections.py:85: note:          @overload      
Libraries\PyKotor\src\utility\common\more_collections.py:85: note:          def __delitem__(self, slice[Any, Any, Any], /) -> None
Libraries\PyKotor\src\utility\common\more_collections.py:85: note:      Subclass:
Libraries\PyKotor\src\utility\common\more_collections.py:85: note:          def __delitem__(self, int, /) -> None
Libraries\PyKotor\src\utility\common\more_collections.py:85: error: Argument 1 of "__delitem__" is incompatible with supertype "builtins.list"; supertype defines the argument type as
 "Union[SupportsIndex, slice[Any, Any, Any]]"  [override]
Libraries\PyKotor\src\utility\common\more_collections.py:85: note: This violates the Liskov substitution principle
Libraries\PyKotor\src\utility\common\more_collections.py:85: note: See https://mypy.readthedocs.io/en/stable/common_issues.html#incompatible-overrides
Libraries\PyKotor\src\utility\common\more_collections.py:106: error: Argument 1 of "__lt__" is incompatible with supertype "typing.AbstractSet"; supertype defines the argument type as "AbstractSet[Any]"  [override]
Libraries\PyKotor\src\utility\common\more_collections.py:106: note: This violates the Liskov substitution principle
Libraries\PyKotor\src\utility\common\more_collections.py:106: note: See https://mypy.readthedocs.io/en/stable/common_issues.html#incompatible-overrides
Libraries\PyKotor\src\utility\common\more_collections.py:109: error: Argument 1 of "__le__" is incompatible with supertype "typing.AbstractSet"; supertype defines the argument type as "AbstractSet[Any]"  [override]
Libraries\PyKotor\src\utility\common\more_collections.py:109: note: This violates the Liskov substitution principle
Libraries\PyKotor\src\utility\common\more_collections.py:109: note: See https://mypy.readthedocs.io/en/stable/common_issues.html#incompatible-overrides
Libraries\PyKotor\src\utility\common\more_collections.py:112: error: Argument 1 of "__gt__" is incompatible with supertype "typing.AbstractSet"; supertype defines the argument type as "AbstractSet[Any]"  [override]
Libraries\PyKotor\src\utility\common\more_collections.py:112: note: This violates the Liskov substitution principle
Libraries\PyKotor\src\utility\common\more_collections.py:112: note: See https://mypy.readthedocs.io/en/stable/common_issues.html#incompatible-overrides
Libraries\PyKotor\src\utility\common\more_collections.py:115: error: Argument 1 of "__ge__" is incompatible with supertype "typing.AbstractSet"; supertype defines the argument type as "AbstractSet[Any]"  [override]
Libraries\PyKotor\src\utility\common\more_collections.py:115: note: This violates the Liskov substitution principle
Libraries\PyKotor\src\utility\common\more_collections.py:115: note: See https://mypy.readthedocs.io/en/stable/common_issues.html#incompatible-overrides
Libraries\PyKotor\src\utility\common\more_collections.py:129: error: Signature of "__add__" incompatible with supertype "builtins.list"  [override]
Libraries\PyKotor\src\utility\common\more_collections.py:129: note:      Superclass:       
Libraries\PyKotor\src\utility\common\more_collections.py:129: note:          @overload     
Libraries\PyKotor\src\utility\common\more_collections.py:129: note:          def __add__(self, list[Any], /) -> list[Any]
Libraries\PyKotor\src\utility\common\more_collections.py:129: note:          @overload     
Libraries\PyKotor\src\utility\common\more_collections.py:129: note:          def [_S] __add__(self, list[_S], /) -> list[Union[_S, Any]]
Libraries\PyKotor\src\utility\common\more_collections.py:129: note:      Subclass:
Libraries\PyKotor\src\utility\common\more_collections.py:129: note:          def __add__(self, Iterable[T], /) -> OrderedSet[T]
Libraries\PyKotor\src\utility\common\more_collections.py:129: error: Self type cannot have type arguments  [misc]
Libraries\PyKotor\src\utility\common\more_collections.py:130: error: Returning Any from function declared to return "Self"  [no-any-return]
Libraries\PyKotor\src\utility\common\more_collections.py:130: error: Unsupported left operand type for + ("set[T]")  [operator]
Libraries\PyKotor\src\utility\common\more_collections.py:132: error: Missing return statement  [return]
Libraries\PyKotor\src\utility\common\more_collections.py:132: error: Signature of "__iadd__" incompatible with "__add__" of supertype "builtins.list"  [override]
Libraries\PyKotor\src\utility\common\more_collections.py:132: note:      Superclass:       
Libraries\PyKotor\src\utility\common\more_collections.py:132: note:          @overload     
Libraries\PyKotor\src\utility\common\more_collections.py:132: note:          def __add__(self, list[Any], /) -> list[Any]
Libraries\PyKotor\src\utility\common\more_collections.py:132: note:          @overload     
Libraries\PyKotor\src\utility\common\more_collections.py:132: note:          def [_S] __add__(self, list[_S], /) -> list[Union[_S, Any]]
Libraries\PyKotor\src\utility\common\more_collections.py:132: note:      Subclass:
Libraries\PyKotor\src\utility\common\more_collections.py:132: note:          def __iadd__(self, Iterable[T], /) -> OrderedSet[T]
Libraries\PyKotor\src\utility\common\more_collections.py:132: error: Self type cannot have type arguments  [misc]
Libraries\PyKotor\src\utility\common\more_collections.py:133: error: Unsupported left operand type for + ("set[T]")  [operator]
Libraries\PyKotor\src\utility\common\more_collections.py:211: error: "object" has no attribute "_case_map"  [attr-defined]
Libraries\PyKotor\src\utility\common\more_collections.py:213: error: Incompatible types in assignment (expression has type "object", variable has type "dict[str, T]")  [assignment]  
Libraries\PyKotor\src\utility\common\more_collections.py:232: error: Invalid index type "T" for "dict[str, T]"; expected type "str"  [index]
Libraries\PyKotor\src\utility\common\more_collections.py:240: error: Incompatible types in assignment (expression has type "str", target has type "T")  [assignment]
Libraries\PyKotor\src\utility\common\more_collections.py:248: error: Argument 1 to "__delitem__" of "dict" has incompatible type "T"; expected "str"  [arg-type]
Libraries\PyKotor\src\utility\common\more_collections.py:285: error: Incompatible default for argument "__default" (default has type "None", argument has type "VT")  [assignment]    
Libraries\PyKotor\src\utility\common\more_collections.py:285: note: PEP 484 prohibits implicit Optional. Accordingly, mypy has changed its default to no_implicit_optional=True       
Libraries\PyKotor\src\utility\common\more_collections.py:285: note: Use https://github.com/hauntsaninja/no_implicit_optional to automatically upgrade your codebase
Libraries\PyKotor\src\utility\common\more_collections.py:291: error: No overload variant of
 "pop" of "dict" matches argument type "T"  [call-overload]
Libraries\PyKotor\src\utility\common\more_collections.py:291: note: Possible overload variants:
Libraries\PyKotor\src\utility\common\more_collections.py:291: note:     def pop(self, str, /) -> T
Libraries\PyKotor\src\utility\common\more_collections.py:291: note:     def pop(self, str, T, /) -> T
Libraries\PyKotor\src\utility\common\more_collections.py:291: note:     def [_T] pop(self, str, _T, /) -> Union[T, _T]
Libraries\PyKotor\src\utility\common\more_collections.py:325: error: Incompatible default for argument "__default" (default has type "None", argument has type "VT")  [assignment]    
Libraries\PyKotor\src\utility\common\more_collections.py:325: note: PEP 484 prohibits implicit Optional. Accordingly, mypy has changed its default to no_implicit_optional=True       
Libraries\PyKotor\src\utility\common\more_collections.py:325: note: Use https://github.com/hauntsaninja/no_implicit_optional to automatically upgrade your codebase
Libraries\PyKotor\src\utility\common\more_collections.py:328: error: Incompatible types in assignment (expression has type "object", variable has type "str")  [assignment]
Libraries\PyKotor\src\utility\common\more_collections.py:328: note: Error code "assignment" not covered by "type: ignore" comment
Libraries\PyKotor\src\utility\common\more_collections.py:407: error: Argument 1 to "__delitem__" of "OrderedSet" has incompatible type "slice[None, int, None]"; expected "int"  [arg-type]
Libraries\PyKotor\src\utility\common\more_collections.py:428: error: Incompatible types in assignment (expression has type "list[Any]", variable has type "OrderedSet[str]")  [assignment]
Libraries\PyKotor\src\pykotor\common\language.py:150: error: Returning Any from function declared to return "Language"  [no-any-return]
Libraries\PyKotor\src\utility\common\geometry.py:71: error: Incompatible types in assignment (expression has type "Vector2", variable has type "Self")  [assignment]
Libraries\PyKotor\src\utility\common\geometry.py:1257: error: Returning Any from function declared to return "Vector3"  [no-any-return]
Libraries\PyKotor\src\utility\common\geometry.py:1268: error: Returning Any from function declared to return "Vector3"  [no-any-return]
Libraries\PyKotor\src\utility\common\geometry.py:1384: error: Name "inside" already defined on line 1376  [no-redef]
Libraries\PyKotor\src\pykotor\resource\formats\ncs\dencs\scriptnode\script_root_node.py:60: error: Argument 1 to "range" has incompatible type "Optional[int]"; expected "SupportsIndex"  [arg-type]
Libraries\PyKotor\src\pykotor\resource\formats\ncs\dencs\utils\struct_type.py:9: error: Cannot assign to a method  [method-assign]
Libraries\PyKotor\src\pykotor\resource\formats\ncs\dencs\utils\struct_type.py:9: error: Incompatible types in assignment (expression has type "list[Never]", variable has type "Callable[[], list[Type]]")  [assignment]
Libraries\PyKotor\src\pykotor\resource\formats\ncs\dencs\utils\struct_type.py:11: error: Incompatible types in assignment (expression has type "int", base class "Type" defined the type as "Callable[[], int]")  [assignment]
Libraries\PyKotor\src\pykotor\resource\formats\ncs\dencs\utils\struct_type.py:17: error: "Callable[[], list[Type]]" has no attribute "__iter__" (not iterable)  [attr-defined]        
Libraries\PyKotor\src\pykotor\resource\formats\ncs\dencs\utils\struct_type.py:19: error: Cannot assign to a method  [method-assign]
Libraries\PyKotor\src\pykotor\resource\formats\ncs\dencs\utils\struct_type.py:19: error: Incompatible types in assignment (expression has type "None", variable has type "Callable[[], list[Type]]")  [assignment]
Libraries\PyKotor\src\pykotor\resource\formats\ncs\dencs\utils\struct_type.py:23: error: Argument 1 to "len" has incompatible type "Callable[[], list[Type]]"; expected "Sized"  [arg-type]
Libraries\PyKotor\src\pykotor\resource\formats\ncs\dencs\utils\struct_type.py:28: error: Argument 1 to "len" has incompatible type "Callable[[], list[Type]]"; expected "Sized"  [arg-type]
Libraries\PyKotor\src\pykotor\resource\formats\ncs\dencs\utils\struct_type.py:29: error: Value of type "Callable[[], list[Type]]" is not indexable  [index]
Libraries\PyKotor\src\pykotor\resource\formats\ncs\dencs\utils\struct_type.py:33: error: "Callable[[], list[Type]]" has no attribute "append"  [attr-defined]
Libraries\PyKotor\src\pykotor\resource\formats\ncs\dencs\utils\struct_type.py:34: error: Argument 1 to "equals" of "Type" has incompatible type "Type"; expected "int"  [arg-type]    
Libraries\PyKotor\src\pykotor\resource\formats\ncs\dencs\utils\struct_type.py:40: error: "Callable[[], list[Type]]" has no attribute "insert"  [attr-defined]
Libraries\PyKotor\src\pykotor\resource\formats\ncs\dencs\utils\struct_type.py:41: error: Argument 1 to "equals" of "Type" has incompatible type "Type"; expected "int"  [arg-type]    
Libraries\PyKotor\src\pykotor\resource\formats\ncs\dencs\utils\struct_type.py:50: error: Value of type "Callable[[], list[Type]]" is not indexable  [index]
Libraries\PyKotor\src\pykotor\resource\formats\ncs\dencs\utils\struct_type.py:58: error: Unsupported target for indexed assignment ("Callable[[], list[Type]]")  [index]
Libraries\PyKotor\src\pykotor\resource\formats\ncs\dencs\utils\struct_type.py:62: error: Incompatible return value type (got "Callable[[], list[Type]]", expected "list[Type]")  [return-value]
Libraries\PyKotor\src\pykotor\resource\formats\ncs\dencs\utils\struct_type.py:66: error: Argument 1 to "len" has incompatible type "Callable[[], list[Type]]"; expected "Sized"  [arg-type]
Libraries\PyKotor\src\pykotor\resource\formats\ncs\dencs\utils\struct_type.py:67: error: Value of type "Callable[[], list[Type]]" is not indexable  [index]
Libraries\PyKotor\src\pykotor\resource\formats\ncs\dencs\utils\struct_type.py:88: error: Value of type "Optional[list[str]]" is not indexable  [index]
Libraries\PyKotor\src\pykotor\resource\formats\ncs\dencs\utils\struct_type.py:92: error: Argument 1 to "len" has incompatible type "Callable[[], list[Type]]"; expected "Sized"  [arg-type]
Libraries\PyKotor\src\pykotor\resource\formats\ncs\dencs\utils\struct_type.py:94: error: "Callable[[], list[Type]]" has no attribute "__iter__" (not iterable)  [attr-defined]        
Libraries\PyKotor\src\pykotor\resource\formats\ncs\dencs\utils\struct_type.py:98: error: Returning Any from function declared to return "Type"  [no-any-return]
Libraries\PyKotor\src\pykotor\resource\formats\ncs\dencs\utils\struct_type.py:110: error: Argument 1 to "len" has incompatible type "Callable[[], list[Type]]"; expected "Sized"  [arg-type]
Libraries\PyKotor\src\pykotor\resource\formats\ncs\dencs\utils\struct_type.py:111: error: Value of type "Callable[[], list[Type]]" is not indexable  [index]
Libraries\PyKotor\src\pykotor\resource\formats\ncs\dencs\utils\destroy_parse_tree.py:30: error: Cannot find implementation or library stub for module named "pykotor.resource.formats.ncs.dencs.node.vector"  [import-not-found]
Libraries\PyKotor\src\pykotor\resource\formats\ncs\dencs\utils\node_analysis_data.py:43: error: Incompatible types in assignment (expression has type "None", variable has type "dict[int, NodeData]")  [assignment]
Libraries\PyKotor\src\pykotor\resource\formats\ncs\dencs\utils\node_analysis_data.py:113: error: "NodeData" has no attribute "deadcode"  [attr-defined]
Libraries\PyKotor\src\pykotor\resource\formats\ncs\dencs\actions_data.py:27: error: Returning Any from function declared to return "str"  [no-any-return]
Libraries\PyKotor\src\pykotor\resource\formats\_base.py:217: error: Returning Any from function declared to return "bool"  [no-any-return]
Libraries\PyKotor\src\pykotor\resource\formats\ncs\dencs\node\t_logorii.py:8: error: Module "pykotor.resource.formats.ncs.dencs.analysis.analysis_adapter" has no attribute "Analysis"
  [attr-defined]
Libraries\PyKotor\src\pykotor\resource\formats\ncs\dencs\node\t_incorii.py:8: error: Module "pykotor.resource.formats.ncs.dencs.analysis.analysis_adapter" has no attribute "Analysis"
  [attr-defined]
Libraries\PyKotor\src\pykotor\resource\formats\ncs\dencs\node\t_excorii.py:8: error: Module "pykotor.resource.formats.ncs.dencs.analysis.analysis_adapter" has no attribute "Analysis"
  [attr-defined]
Libraries\PyKotor\src\pykotor\resource\formats\ncs\dencs\node\t_boolandii.py:8: error: Module "pykotor.resource.formats.ncs.dencs.analysis.analysis_adapter" has no attribute "Analysis"  [attr-defined]
Libraries\PyKotor\src\pykotor\resource\formats\ncs\dencs\node\t_logandii.py:8: error: Module "pykotor.resource.formats.ncs.dencs.analysis.analysis_adapter" has no attribute "Analysis"  [attr-defined]
Libraries\PyKotor\src\pykotor\resource\formats\ncs\dencs\node\t_not.py:8: error: Module "pykotor.resource.formats.ncs.dencs.analysis.analysis_adapter" has no attribute "Analysis"  [attr-defined]
Libraries\PyKotor\src\pykotor\resource\formats\ncs\dencs\node\t_neg.py:8: error: Module "pykotor.resource.formats.ncs.dencs.analysis.analysis_adapter" has no attribute "Analysis"  [attr-defined]
Libraries\PyKotor\src\pykotor\resource\formats\ncs\dencs\node\t_comp.py:8: error: Module "pykotor.resource.formats.ncs.dencs.analysis.analysis_adapter" has no attribute "Analysis"  [attr-defined]
Libraries\PyKotor\src\pykotor\resource\formats\ncs\dencs\node\t_unright.py:8: error: Module "pykotor.resource.formats.ncs.dencs.analysis.analysis_adapter" has no attribute "Analysis"
  [attr-defined]
Libraries\PyKotor\src\pykotor\resource\formats\ncs\dencs\node\t_sub.py:8: error: Module "pykotor.resource.formats.ncs.dencs.analysis.analysis_adapter" has no attribute "Analysis"  [attr-defined]
Libraries\PyKotor\src\pykotor\resource\formats\ncs\dencs\node\t_shright.py:8: error: Module "pykotor.resource.formats.ncs.dencs.analysis.analysis_adapter" has no attribute "Analysis"
  [attr-defined]
Libraries\PyKotor\src\pykotor\resource\formats\ncs\dencs\node\t_shleft.py:8: error: Module "pykotor.resource.formats.ncs.dencs.analysis.analysis_adapter" has no attribute "Analysis" 
 [attr-defined]
Libraries\PyKotor\src\pykotor\resource\formats\ncs\dencs\node\t_nequal.py:8: error: Module "pykotor.resource.formats.ncs.dencs.analysis.analysis_adapter" has no attribute "Analysis" 
 [attr-defined]
Libraries\PyKotor\src\pykotor\resource\formats\ncs\dencs\node\t_mul.py:8: error: Module "pykotor.resource.formats.ncs.dencs.analysis.analysis_adapter" has no attribute "Analysis"  [attr-defined]
Libraries\PyKotor\src\pykotor\resource\formats\ncs\dencs\node\t_mod.py:8: error: Module "pykotor.resource.formats.ncs.dencs.analysis.analysis_adapter" has no attribute "Analysis"  [attr-defined]
Libraries\PyKotor\src\pykotor\resource\formats\ncs\dencs\node\t_lt.py:8: error: Module "pykotor.resource.formats.ncs.dencs.analysis.analysis_adapter" has no attribute "Analysis"  [attr-defined]
Libraries\PyKotor\src\pykotor\resource\formats\ncs\dencs\node\t_leq.py:8: error: Module "pykotor.resource.formats.ncs.dencs.analysis.analysis_adapter" has no attribute "Analysis"  [attr-defined]
Libraries\PyKotor\src\pykotor\resource\formats\ncs\dencs\node\t_gt.py:8: error: Module "pykotor.resource.formats.ncs.dencs.analysis.analysis_adapter" has no attribute "Analysis"  [attr-defined]
Libraries\PyKotor\src\pykotor\resource\formats\ncs\dencs\node\t_geq.py:8: error: Module "pykotor.resource.formats.ncs.dencs.analysis.analysis_adapter" has no attribute "Analysis"  [attr-defined]
Libraries\PyKotor\src\pykotor\resource\formats\ncs\dencs\node\t_equal.py:8: error: Module "pykotor.resource.formats.ncs.dencs.analysis.analysis_adapter" has no attribute "Analysis"  [attr-defined]
Libraries\PyKotor\src\pykotor\resource\formats\ncs\dencs\node\t_div.py:8: error: Module "pykotor.resource.formats.ncs.dencs.analysis.analysis_adapter" has no attribute "Analysis"  [attr-defined]
Libraries\PyKotor\src\pykotor\resource\formats\ncs\dencs\node\t_add.py:8: error: Module "pykotor.resource.formats.ncs.dencs.analysis.analysis_adapter" has no attribute "Analysis"  [attr-defined]
Libraries\PyKotor\src\pykotor\resource\formats\ncs\dencs\node\a_add_var_cmd.py:8: error: Module "pykotor.resource.formats.ncs.dencs.analysis.analysis_adapter" has no attribute "Analysis"  [attr-defined]
Libraries\PyKotor\src\pykotor\resource\formats\ncs\dencs\node\a_add_var_cmd.py:37: error: Item "None" of "Optional[Node]" has no attribute "remove_child"  [union-attr]
Libraries\PyKotor\src\pykotor\resource\formats\ncs\dencs\node\a_add_var_cmd.py:42: error: Returning Any from function declared to return "str"  [no-any-return]
Libraries\PyKotor\src\pykotor\resource\formats\ncs\dencs\node\a_action_jump_cmd.py:8: error: Module "pykotor.resource.formats.ncs.dencs.analysis.analysis_adapter" has no attribute "Analysis"  [attr-defined]
Libraries\PyKotor\src\pykotor\resource\formats\ncs\dencs\node\a_action_jump_cmd.py:60: error: Item "None" of "Optional[Node]" has no attribute "remove_child"  [union-attr]
Libraries\PyKotor\src\pykotor\resource\formats\ncs\dencs\node\a_action_jump_cmd.py:72: error: Item "None" of "Optional[Node]" has no attribute "remove_child"  [union-attr]
Libraries\PyKotor\src\pykotor\resource\formats\ncs\dencs\node\a_action_jump_cmd.py:84: error: Item "None" of "Optional[Node]" has no attribute "remove_child"  [union-attr]
Libraries\PyKotor\src\pykotor\resource\formats\ncs\dencs\node\a_action_jump_cmd.py:96: error: Item "None" of "Optional[Node]" has no attribute "remove_child"  [union-attr]
Libraries\PyKotor\src\pykotor\resource\formats\ncs\dencs\node\a_action_jump_cmd.py:101: error: Returning Any from function declared to return "str"  [no-any-return]
Libraries\PyKotor\src\pykotor\resource\formats\ncs\dencs\node\a_logii_cmd.py:8: error: Module "pykotor.resource.formats.ncs.dencs.analysis.analysis_adapter" has no attribute "Analysis"  [attr-defined]
Libraries\PyKotor\src\pykotor\resource\formats\ncs\dencs\node\a_logii_cmd.py:18: error: Too many arguments for "ALogiiCmd"  [call-arg]
Libraries\PyKotor\src\pykotor\resource\formats\ncs\dencs\node\a_logii_cmd.py:31: error: Item "None" of "Optional[Node]" has no attribute "remove_child"  [union-attr]
Libraries\PyKotor\src\pykotor\resource\formats\ncs\dencs\node\a_unary_cmd.py:8: error: Module "pykotor.resource.formats.ncs.dencs.analysis.analysis_adapter" has no attribute "Analysis"  [attr-defined]
Libraries\PyKotor\src\pykotor\resource\formats\ncs\dencs\node\a_unary_cmd.py:18: error: Too many arguments for "AUnaryCmd"  [call-arg]
Libraries\PyKotor\src\pykotor\resource\formats\ncs\dencs\node\a_unary_cmd.py:31: error: Item "None" of "Optional[Node]" has no attribute "remove_child"  [union-attr]
Libraries\PyKotor\src\pykotor\resource\formats\ncs\dencs\node\a_binary_cmd.py:8: error: Module "pykotor.resource.formats.ncs.dencs.analysis.analysis_adapter" has no attribute "Analysis"  [attr-defined]
Libraries\PyKotor\src\pykotor\resource\formats\ncs\dencs\node\a_binary_cmd.py:18: error: Too many arguments for "ABinaryCmd"  [call-arg]
Libraries\PyKotor\src\pykotor\resource\formats\ncs\dencs\node\a_binary_cmd.py:31: error: Item "None" of "Optional[Node]" has no attribute "remove_child"  [union-attr]
Libraries\PyKotor\src\pykotor\resource\formats\ncs\dencs\node\t_storestate.py:8: error: Module "pykotor.resource.formats.ncs.dencs.analysis.analysis_adapter" has no attribute "Analysis"  [attr-defined]
Libraries\PyKotor\src\pykotor\resource\formats\ncs\dencs\node\a_store_state_cmd.py:8: error: Module "pykotor.resource.formats.ncs.dencs.analysis.analysis_adapter" has no attribute "Analysis"  [attr-defined]
Libraries\PyKotor\src\pykotor\resource\formats\ncs\dencs\node\a_store_state_cmd.py:18: error: Too many arguments for "AStoreStateCmd"  [call-arg]
Libraries\PyKotor\src\pykotor\resource\formats\ncs\dencs\node\a_store_state_cmd.py:31: error: Item "None" of "Optional[Node]" has no attribute "remove_child"  [union-attr]
Libraries\PyKotor\src\pykotor\resource\formats\ncs\dencs\node\t_savebp.py:8: error: Module "pykotor.resource.formats.ncs.dencs.analysis.analysis_adapter" has no attribute "Analysis" 
 [attr-defined]
Libraries\PyKotor\src\pykotor\resource\formats\ncs\dencs\node\t_restorebp.py:8: error: Module "pykotor.resource.formats.ncs.dencs.analysis.analysis_adapter" has no attribute "Analysis"  [attr-defined]
Libraries\PyKotor\src\pykotor\resource\formats\ncs\dencs\node\a_bp_cmd.py:8: error: Module "pykotor.resource.formats.ncs.dencs.analysis.analysis_adapter" has no attribute "Analysis" 
 [attr-defined]
Libraries\PyKotor\src\pykotor\resource\formats\ncs\dencs\node\a_bp_cmd.py:18: error: Too many arguments for "ABpCmd"  [call-arg]
Libraries\PyKotor\src\pykotor\resource\formats\ncs\dencs\node\a_bp_cmd.py:31: error: Item "None" of "Optional[Node]" has no attribute "remove_child"  [union-attr]
Libraries\PyKotor\src\pykotor\resource\formats\ncs\dencs\node\t_destruct.py:8: error: Module "pykotor.resource.formats.ncs.dencs.analysis.analysis_adapter" has no attribute "Analysis"  [attr-defined]
Libraries\PyKotor\src\pykotor\resource\formats\ncs\dencs\node\a_destruct_cmd.py:8: error: Module "pykotor.resource.formats.ncs.dencs.analysis.analysis_adapter" has no attribute "Analysis"  [attr-defined]
Libraries\PyKotor\src\pykotor\resource\formats\ncs\dencs\node\a_destruct_cmd.py:18: error: Too many arguments for "ADestructCmd"  [call-arg]
Libraries\PyKotor\src\pykotor\resource\formats\ncs\dencs\node\a_destruct_cmd.py:31: error: Item "None" of "Optional[Node]" has no attribute "remove_child"  [union-attr]
Libraries\PyKotor\src\pykotor\resource\formats\ncs\dencs\node\t_incisp.py:8: error: Module "pykotor.resource.formats.ncs.dencs.analysis.analysis_adapter" has no attribute "Analysis" 
 [attr-defined]
Libraries\PyKotor\src\pykotor\resource\formats\ncs\dencs\node\t_incibp.py:8: error: Module "pykotor.resource.formats.ncs.dencs.analysis.analysis_adapter" has no attribute "Analysis" 
 [attr-defined]
Libraries\PyKotor\src\pykotor\resource\formats\ncs\dencs\node\t_decisp.py:8: error: Module "pykotor.resource.formats.ncs.dencs.analysis.analysis_adapter" has no attribute "Analysis" 
 [attr-defined]
Libraries\PyKotor\src\pykotor\resource\formats\ncs\dencs\node\t_decibp.py:8: error: Module "pykotor.resource.formats.ncs.dencs.analysis.analysis_adapter" has no attribute "Analysis" 
 [attr-defined]
Libraries\PyKotor\src\pykotor\resource\formats\ncs\dencs\node\a_stack_op_cmd.py:8: error: Module "pykotor.resource.formats.ncs.dencs.analysis.analysis_adapter" has no attribute "Analysis"  [attr-defined]
Libraries\PyKotor\src\pykotor\resource\formats\ncs\dencs\node\a_stack_op_cmd.py:37: error: Item "None" of "Optional[Node]" has no attribute "remove_child"  [union-attr]
Libraries\PyKotor\src\pykotor\resource\formats\ncs\dencs\node\a_stack_op_cmd.py:42: error: Returning Any from function declared to return "str"  [no-any-return]
Libraries\PyKotor\src\pykotor\resource\formats\ncs\dencs\node\t_rsadd.py:8: error: Module "pykotor.resource.formats.ncs.dencs.analysis.analysis_adapter" has no attribute "Analysis"  [attr-defined]
Libraries\PyKotor\src\pykotor\resource\formats\ncs\dencs\node\a_rsadd_cmd.py:8: error: Module "pykotor.resource.formats.ncs.dencs.analysis.analysis_adapter" has no attribute "Analysis"  [attr-defined]
Libraries\PyKotor\src\pykotor\resource\formats\ncs\dencs\node\a_rsadd_cmd.py:18: error: Too many arguments for "ARsaddCmd"  [call-arg]
Libraries\PyKotor\src\pykotor\resource\formats\ncs\dencs\node\a_rsadd_cmd.py:31: error: Item "None" of "Optional[Node]" has no attribute "remove_child"  [union-attr]
Libraries\PyKotor\src\pykotor\resource\formats\ncs\dencs\node\t_movsp.py:8: error: Module "pykotor.resource.formats.ncs.dencs.analysis.analysis_adapter" has no attribute "Analysis"  [attr-defined]
Libraries\PyKotor\src\pykotor\resource\formats\ncs\dencs\node\a_movesp_cmd.py:8: error: Module "pykotor.resource.formats.ncs.dencs.analysis.analysis_adapter" has no attribute "Analysis"  [attr-defined]
Libraries\PyKotor\src\pykotor\resource\formats\ncs\dencs\node\a_movesp_cmd.py:18: error: Too many arguments for "AMovespCmd"  [call-arg]
Libraries\PyKotor\src\pykotor\resource\formats\ncs\dencs\node\a_movesp_cmd.py:31: error: Item "None" of "Optional[Node]" has no attribute "remove_child"  [union-attr]
Libraries\PyKotor\src\pykotor\resource\formats\ncs\dencs\node\t_cptopbp.py:8: error: Module "pykotor.resource.formats.ncs.dencs.analysis.analysis_adapter" has no attribute "Analysis"
  [attr-defined]
Libraries\PyKotor\src\pykotor\resource\formats\ncs\dencs\node\t_cpdownbp.py:8: error: Module "pykotor.resource.formats.ncs.dencs.analysis.analysis_adapter" has no attribute "Analysis"  [attr-defined]
Libraries\PyKotor\src\pykotor\resource\formats\ncs\dencs\node\a_copytopbp_cmd.py:8: error: Module "pykotor.resource.formats.ncs.dencs.analysis.analysis_adapter" has no attribute "Analysis"  [attr-defined]
Libraries\PyKotor\src\pykotor\resource\formats\ncs\dencs\node\a_copytopbp_cmd.py:18: error: Too many arguments for "ACopytopbpCmd"  [call-arg]
Libraries\PyKotor\src\pykotor\resource\formats\ncs\dencs\node\a_copytopbp_cmd.py:31: error: Item "None" of "Optional[Node]" has no attribute "remove_child"  [union-attr]
Libraries\PyKotor\src\pykotor\resource\formats\ncs\dencs\node\a_copydownbp_cmd.py:8: error: Module "pykotor.resource.formats.ncs.dencs.analysis.analysis_adapter" has no attribute "Analysis"  [attr-defined]
Libraries\PyKotor\src\pykotor\resource\formats\ncs\dencs\node\a_copydownbp_cmd.py:18: error: Too many arguments for "ACopydownbpCmd"  [call-arg]
Libraries\PyKotor\src\pykotor\resource\formats\ncs\dencs\node\a_copydownbp_cmd.py:31: error: Item "None" of "Optional[Node]" has no attribute "remove_child"  [union-attr]
Libraries\PyKotor\src\pykotor\resource\formats\ncs\dencs\node\t_cptopsp.py:8: error: Module "pykotor.resource.formats.ncs.dencs.analysis.analysis_adapter" has no attribute "Analysis"
  [attr-defined]
Libraries\PyKotor\src\pykotor\resource\formats\ncs\dencs\node\t_cpdownsp.py:8: error: Module "pykotor.resource.formats.ncs.dencs.analysis.analysis_adapter" has no attribute "Analysis"  [attr-defined]
Libraries\PyKotor\src\pykotor\resource\formats\ncs\dencs\node\a_copytopsp_cmd.py:8: error: Module "pykotor.resource.formats.ncs.dencs.analysis.analysis_adapter" has no attribute "Analysis"  [attr-defined]
Libraries\PyKotor\src\pykotor\resource\formats\ncs\dencs\node\a_copytopsp_cmd.py:18: error: Too many arguments for "ACopytopspCmd"  [call-arg]
Libraries\PyKotor\src\pykotor\resource\formats\ncs\dencs\node\a_copytopsp_cmd.py:31: error: Item "None" of "Optional[Node]" has no attribute "remove_child"  [union-attr]
Libraries\PyKotor\src\pykotor\resource\formats\ncs\dencs\node\a_copydownsp_cmd.py:8: error: Module "pykotor.resource.formats.ncs.dencs.analysis.analysis_adapter" has no attribute "Analysis"  [attr-defined]
Libraries\PyKotor\src\pykotor\resource\formats\ncs\dencs\node\a_copydownsp_cmd.py:18: error: Too many arguments for "ACopydownspCmd"  [call-arg]
Libraries\PyKotor\src\pykotor\resource\formats\ncs\dencs\node\a_copydownsp_cmd.py:31: error: Item "None" of "Optional[Node]" has no attribute "remove_child"  [union-attr]
Libraries\PyKotor\src\pykotor\resource\formats\ncs\dencs\node\a_return_cmd.py:8: error: Module "pykotor.resource.formats.ncs.dencs.analysis.analysis_adapter" has no attribute "Analysis"  [attr-defined]
Libraries\PyKotor\src\pykotor\resource\formats\ncs\dencs\node\a_return_cmd.py:18: error: Too many arguments for "AReturnCmd"  [call-arg]
Libraries\PyKotor\src\pykotor\resource\formats\ncs\dencs\node\a_return_cmd.py:31: error: Item "None" of "Optional[Node]" has no attribute "remove_child"  [union-attr]
Libraries\PyKotor\src\pykotor\resource\formats\ncs\dencs\node\t_retn.py:8: error: Module "pykotor.resource.formats.ncs.dencs.analysis.analysis_adapter" has no attribute "Analysis"  [attr-defined]
Libraries\PyKotor\src\pykotor\resource\formats\ncs\dencs\node\t_jz.py:8: error: Module "pykotor.resource.formats.ncs.dencs.analysis.analysis_adapter" has no attribute "Analysis"  [attr-defined]
Libraries\PyKotor\src\pykotor\resource\formats\ncs\dencs\node\t_jnz.py:8: error: Module "pykotor.resource.formats.ncs.dencs.analysis.analysis_adapter" has no attribute "Analysis"  [attr-defined]
Libraries\PyKotor\src\pykotor\resource\formats\ncs\dencs\node\a_cond_jump_cmd.py:8: error: Module "pykotor.resource.formats.ncs.dencs.analysis.analysis_adapter" has no attribute "Analysis"  [attr-defined]
Libraries\PyKotor\src\pykotor\resource\formats\ncs\dencs\node\a_cond_jump_cmd.py:18: error: Too many arguments for "ACondJumpCmd"  [call-arg]
Libraries\PyKotor\src\pykotor\resource\formats\ncs\dencs\node\a_cond_jump_cmd.py:31: error: Item "None" of "Optional[Node]" has no attribute "remove_child"  [union-attr]
Libraries\PyKotor\src\pykotor\resource\formats\ncs\dencs\node\t_jsr.py:8: error: Module "pykotor.resource.formats.ncs.dencs.analysis.analysis_adapter" has no attribute "Analysis"  [attr-defined]
Libraries\PyKotor\src\pykotor\resource\formats\ncs\dencs\node\t_jmp.py:8: error: Module "pykotor.resource.formats.ncs.dencs.analysis.analysis_adapter" has no attribute "Analysis"  [attr-defined]
Libraries\PyKotor\src\pykotor\resource\formats\ncs\dencs\node\a_jump_sub_cmd.py:8: error: Module "pykotor.resource.formats.ncs.dencs.analysis.analysis_adapter" has no attribute "Analysis"  [attr-defined]
Libraries\PyKotor\src\pykotor\resource\formats\ncs\dencs\node\a_jump_sub_cmd.py:18: error: Too many arguments for "AJumpSubCmd"  [call-arg]
Libraries\PyKotor\src\pykotor\resource\formats\ncs\dencs\node\a_jump_sub_cmd.py:31: error: Item "None" of "Optional[Node]" has no attribute "remove_child"  [union-attr]
Libraries\PyKotor\src\pykotor\resource\formats\ncs\dencs\node\a_jump_cmd.py:8: error: Module "pykotor.resource.formats.ncs.dencs.analysis.analysis_adapter" has no attribute "Analysis"  [attr-defined]
Libraries\PyKotor\src\pykotor\resource\formats\ncs\dencs\node\a_jump_cmd.py:18: error: Too many arguments for "AJumpCmd"  [call-arg]
Libraries\PyKotor\src\pykotor\resource\formats\ncs\dencs\node\a_jump_cmd.py:31: error: Item
 "None" of "Optional[Node]" has no attribute "remove_child"  [union-attr]
Libraries\PyKotor\src\pykotor\resource\formats\ncs\dencs\node\t_action.py:8: error: Module "pykotor.resource.formats.ncs.dencs.analysis.analysis_adapter" has no attribute "Analysis" 
 [attr-defined]
Libraries\PyKotor\src\pykotor\resource\formats\ncs\dencs\node\a_action_cmd.py:8: error: Module "pykotor.resource.formats.ncs.dencs.analysis.analysis_adapter" has no attribute "Analysis"  [attr-defined]
Libraries\PyKotor\src\pykotor\resource\formats\ncs\dencs\node\a_action_cmd.py:18: error: Too many arguments for "AActionCmd"  [call-arg]
Libraries\PyKotor\src\pykotor\resource\formats\ncs\dencs\node\a_action_cmd.py:31: error: Item "None" of "Optional[Node]" has no attribute "remove_child"  [union-attr]
Libraries\PyKotor\src\pykotor\resource\formats\ncs\dencs\node\t_string_literal.py:8: error: Module "pykotor.resource.formats.ncs.dencs.analysis.analysis_adapter" has no attribute "Analysis"  [attr-defined]
Libraries\PyKotor\src\pykotor\resource\formats\ncs\dencs\node\t_semi.py:8: error: Module "pykotor.resource.formats.ncs.dencs.analysis.analysis_adapter" has no attribute "Analysis"  [attr-defined]
Libraries\PyKotor\src\pykotor\resource\formats\ncs\dencs\node\t_integer_constant.py:8: error: Module "pykotor.resource.formats.ncs.dencs.analysis.analysis_adapter" has no attribute "Analysis"  [attr-defined]
Libraries\PyKotor\src\pykotor\resource\formats\ncs\dencs\node\t_float_constant.py:8: error: Module "pykotor.resource.formats.ncs.dencs.analysis.analysis_adapter" has no attribute "Analysis"  [attr-defined]
Libraries\PyKotor\src\pykotor\resource\formats\ncs\dencs\node\t_const.py:8: error: Module "pykotor.resource.formats.ncs.dencs.analysis.analysis_adapter" has no attribute "Analysis"  [attr-defined]
Libraries\PyKotor\src\pykotor\resource\formats\ncs\dencs\node\a_const_cmd.py:8: error: Module "pykotor.resource.formats.ncs.dencs.analysis.analysis_adapter" has no attribute "Analysis"  [attr-defined]
Libraries\PyKotor\src\pykotor\resource\formats\ncs\dencs\node\a_const_cmd.py:18: error: Too many arguments for "AConstCmd"  [call-arg]
Libraries\PyKotor\src\pykotor\resource\formats\ncs\dencs\node\a_const_cmd.py:31: error: Item "None" of "Optional[Node]" has no attribute "remove_child"  [union-attr]
Libraries\PyKotor\src\pykotor\resource\formats\ncs\dencs\node\a_subroutine.py:8: error: Module "pykotor.resource.formats.ncs.dencs.analysis.analysis_adapter" has no attribute "Analysis"  [attr-defined]
Libraries\PyKotor\src\pykotor\resource\formats\ncs\dencs\node\a_subroutine.py:27: error: Too many arguments for "ASubroutine"  [call-arg]
Libraries\PyKotor\src\pykotor\resource\formats\ncs\dencs\node\a_subroutine.py:43: error: Item "None" of "Optional[Node]" has no attribute "remove_child"  [union-attr]
Libraries\PyKotor\src\pykotor\resource\formats\ncs\dencs\node\a_subroutine.py:55: error: Item "None" of "Optional[Node]" has no attribute "remove_child"  [union-attr]
Libraries\PyKotor\src\pykotor\resource\formats\ncs\dencs\node\a_command_block.py:8: error: Module "pykotor.resource.formats.ncs.dencs.analysis.analysis_adapter" has no attribute "Analysis"  [attr-defined]
Libraries\PyKotor\src\pykotor\resource\formats\ncs\dencs\node\a_command_block.py:18: error: Too many arguments for "ACommandBlock"  [call-arg]
Libraries\PyKotor\src\pykotor\resource\formats\ncs\dencs\node\a_command_block.py:30: error: Item "None" of "Optional[Node]" has no attribute "remove_child"  [union-attr]
Libraries\PyKotor\src\pykotor\resource\formats\ncs\dencs\node\a_command_block.py:36: error: Item "None" of "Optional[Node]" has no attribute "remove_child"  [union-attr]
Libraries\PyKotor\src\pykotor\resource\formats\ncs\dencs\node\a_command_block.py:42: error: Argument 1 to "remove" of "list" has incompatible type "Node"; expected "PCmd"  [arg-type]
Libraries\PyKotor\src\pykotor\resource\formats\ncs\dencs\node\a_command_block.py:46: error: Argument 1 to "index" of "list" has incompatible type "Node"; expected "PCmd"  [arg-type] 
Libraries\PyKotor\src\pykotor\resource\formats\ncs\dencs\node\a_command_block.py:50: error: Item "None" of "Optional[Node]" has no attribute "remove_child"  [union-attr]
Libraries\PyKotor\src\pykotor\resource\formats\ncs\dencs\node\eof.py:8: error: Module "pykotor.resource.formats.ncs.dencs.analysis.analysis_adapter" has no attribute "Analysis"  [attr-defined]
Libraries\PyKotor\src\pykotor\resource\formats\ncs\dencs\node\a_program.py:8: error: Module "pykotor.resource.formats.ncs.dencs.analysis.analysis_adapter" has no attribute "Analysis"
  [attr-defined]
Libraries\PyKotor\src\pykotor\resource\formats\ncs\dencs\node\a_program.py:26: error: Too many arguments for "AProgram"  [call-arg]
Libraries\PyKotor\src\pykotor\resource\formats\ncs\dencs\node\a_program.py:45: error: Item "None" of "Optional[Node]" has no attribute "remove_child"  [union-attr]
Libraries\PyKotor\src\pykotor\resource\formats\ncs\dencs\node\a_program.py:57: error: Item "None" of "Optional[Node]" has no attribute "remove_child"  [union-attr]
Libraries\PyKotor\src\pykotor\resource\formats\ncs\dencs\node\a_program.py:69: error: Item "None" of "Optional[Node]" has no attribute "remove_child"  [union-attr]
Libraries\PyKotor\src\pykotor\resource\formats\ncs\dencs\node\a_program.py:81: error: Item "None" of "Optional[Node]" has no attribute "remove_child"  [union-attr]
Libraries\PyKotor\src\pykotor\resource\formats\ncs\dencs\node\a_program.py:90: error: Item "None" of "Optional[Node]" has no attribute "remove_child"  [union-attr]
Libraries\PyKotor\src\pykotor\resource\formats\ncs\dencs\node\a_program.py:108: error: Argument 1 to "remove" of "list" has incompatible type "Node"; expected "PSubroutine"  [arg-type]
Libraries\PyKotor\src\pykotor\resource\formats\ncs\dencs\node\a_program.py:124: error: Argument 1 to "index" of "list" has incompatible type "Node"; expected "PSubroutine"  [arg-type]
Libraries\PyKotor\src\pykotor\resource\formats\ncs\dencs\node\a_program.py:128: error: Item
 "None" of "Optional[Node]" has no attribute "remove_child"  [union-attr]
Libraries\PyKotor\src\utility\error_handling.py:384: error: Incompatible default for argument "return_type" (default has type "object", argument has type "type[RT]")  [assignment]   
Libraries\PyKotor\src\pykotor\resource\formats\ncs\dencs\node\a_or_logii_op.py:8: error: Module "pykotor.resource.formats.ncs.dencs.analysis.analysis_adapter" has no attribute "Analysis"  [attr-defined]
Libraries\PyKotor\src\pykotor\resource\formats\ncs\dencs\node\a_or_logii_op.py:37: error: Item "None" of "Optional[Node]" has no attribute "remove_child"  [union-attr]
Libraries\PyKotor\src\pykotor\resource\formats\ncs\dencs\node\a_or_logii_op.py:42: error: Returning Any from function declared to return "str"  [no-any-return]
Libraries\PyKotor\src\pykotor\resource\formats\ncs\dencs\node\a_incl_or_logii_op.py:8: error: Module "pykotor.resource.formats.ncs.dencs.analysis.analysis_adapter" has no attribute "Analysis"  [attr-defined]
Libraries\PyKotor\src\pykotor\resource\formats\ncs\dencs\node\a_incl_or_logii_op.py:37: error: Item "None" of "Optional[Node]" has no attribute "remove_child"  [union-attr]
Libraries\PyKotor\src\pykotor\resource\formats\ncs\dencs\node\a_incl_or_logii_op.py:42: error: Returning Any from function declared to return "str"  [no-any-return]
Libraries\PyKotor\src\pykotor\resource\formats\ncs\dencs\node\a_excl_or_logii_op.py:8: error: Module "pykotor.resource.formats.ncs.dencs.analysis.analysis_adapter" has no attribute "Analysis"  [attr-defined]
Libraries\PyKotor\src\pykotor\resource\formats\ncs\dencs\node\a_excl_or_logii_op.py:37: error: Item "None" of "Optional[Node]" has no attribute "remove_child"  [union-attr]
Libraries\PyKotor\src\pykotor\resource\formats\ncs\dencs\node\a_excl_or_logii_op.py:42: error: Returning Any from function declared to return "str"  [no-any-return]
Libraries\PyKotor\src\pykotor\resource\formats\ncs\dencs\node\a_bit_and_logii_op.py:8: error: Module "pykotor.resource.formats.ncs.dencs.analysis.analysis_adapter" has no attribute "Analysis"  [attr-defined]
Libraries\PyKotor\src\pykotor\resource\formats\ncs\dencs\node\a_bit_and_logii_op.py:37: error: Item "None" of "Optional[Node]" has no attribute "remove_child"  [union-attr]
Libraries\PyKotor\src\pykotor\resource\formats\ncs\dencs\node\a_bit_and_logii_op.py:42: error: Returning Any from function declared to return "str"  [no-any-return]
Libraries\PyKotor\src\pykotor\resource\formats\ncs\dencs\node\a_and_logii_op.py:8: error: Module "pykotor.resource.formats.ncs.dencs.analysis.analysis_adapter" has no attribute "Analysis"  [attr-defined]
Libraries\PyKotor\src\pykotor\resource\formats\ncs\dencs\node\a_and_logii_op.py:37: error: Item "None" of "Optional[Node]" has no attribute "remove_child"  [union-attr]
Libraries\PyKotor\src\pykotor\resource\formats\ncs\dencs\node\a_and_logii_op.py:42: error: Returning Any from function declared to return "str"  [no-any-return]
Libraries\PyKotor\src\pykotor\resource\formats\ncs\dencs\node\a_not_unary_op.py:8: error: Module "pykotor.resource.formats.ncs.dencs.analysis.analysis_adapter" has no attribute "Analysis"  [attr-defined]
Libraries\PyKotor\src\pykotor\resource\formats\ncs\dencs\node\a_not_unary_op.py:37: error: Item "None" of "Optional[Node]" has no attribute "remove_child"  [union-attr]
Libraries\PyKotor\src\pykotor\resource\formats\ncs\dencs\node\a_not_unary_op.py:42: error: Returning Any from function declared to return "str"  [no-any-return]
Libraries\PyKotor\src\pykotor\resource\formats\ncs\dencs\node\a_neg_unary_op.py:8: error: Module "pykotor.resource.formats.ncs.dencs.analysis.analysis_adapter" has no attribute "Analysis"  [attr-defined]
Libraries\PyKotor\src\pykotor\resource\formats\ncs\dencs\node\a_neg_unary_op.py:37: error: Item "None" of "Optional[Node]" has no attribute "remove_child"  [union-attr]
Libraries\PyKotor\src\pykotor\resource\formats\ncs\dencs\node\a_neg_unary_op.py:42: error: Returning Any from function declared to return "str"  [no-any-return]
Libraries\PyKotor\src\pykotor\resource\formats\ncs\dencs\node\a_comp_unary_op.py:8: error: Module "pykotor.resource.formats.ncs.dencs.analysis.analysis_adapter" has no attribute "Analysis"  [attr-defined]
Libraries\PyKotor\src\pykotor\resource\formats\ncs\dencs\node\a_comp_unary_op.py:37: error: Item "None" of "Optional[Node]" has no attribute "remove_child"  [union-attr]
Libraries\PyKotor\src\pykotor\resource\formats\ncs\dencs\node\a_comp_unary_op.py:42: error: Returning Any from function declared to return "str"  [no-any-return]
Libraries\PyKotor\src\pykotor\resource\formats\ncs\dencs\node\a_unright_binary_op.py:8: error: Module "pykotor.resource.formats.ncs.dencs.analysis.analysis_adapter" has no attribute "Analysis"  [attr-defined]
Libraries\PyKotor\src\pykotor\resource\formats\ncs\dencs\node\a_unright_binary_op.py:37: error: Item "None" of "Optional[Node]" has no attribute "remove_child"  [union-attr]
Libraries\PyKotor\src\pykotor\resource\formats\ncs\dencs\node\a_unright_binary_op.py:42: error: Returning Any from function declared to return "str"  [no-any-return]
Libraries\PyKotor\src\pykotor\resource\formats\ncs\dencs\node\a_sub_binary_op.py:8: error: Module "pykotor.resource.formats.ncs.dencs.analysis.analysis_adapter" has no attribute "Analysis"  [attr-defined]
Libraries\PyKotor\src\pykotor\resource\formats\ncs\dencs\node\a_sub_binary_op.py:37: error: Item "None" of "Optional[Node]" has no attribute "remove_child"  [union-attr]
Libraries\PyKotor\src\pykotor\resource\formats\ncs\dencs\node\a_sub_binary_op.py:42: error: Returning Any from function declared to return "str"  [no-any-return]
Libraries\PyKotor\src\pykotor\resource\formats\ncs\dencs\node\a_shright_binary_op.py:8: error: Module "pykotor.resource.formats.ncs.dencs.analysis.analysis_adapter" has no attribute "Analysis"  [attr-defined]
Libraries\PyKotor\src\pykotor\resource\formats\ncs\dencs\node\a_shright_binary_op.py:37: error: Item "None" of "Optional[Node]" has no attribute "remove_child"  [union-attr]
Libraries\PyKotor\src\pykotor\resource\formats\ncs\dencs\node\a_shright_binary_op.py:42: error: Returning Any from function declared to return "str"  [no-any-return]
Libraries\PyKotor\src\pykotor\resource\formats\ncs\dencs\node\a_shleft_binary_op.py:8: error: Module "pykotor.resource.formats.ncs.dencs.analysis.analysis_adapter" has no attribute "Analysis"  [attr-defined]
Libraries\PyKotor\src\pykotor\resource\formats\ncs\dencs\node\a_shleft_binary_op.py:37: error: Item "None" of "Optional[Node]" has no attribute "remove_child"  [union-attr]
Libraries\PyKotor\src\pykotor\resource\formats\ncs\dencs\node\a_shleft_binary_op.py:42: error: Returning Any from function declared to return "str"  [no-any-return]
Libraries\PyKotor\src\pykotor\resource\formats\ncs\dencs\node\a_nequal_binary_op.py:8: error: Module "pykotor.resource.formats.ncs.dencs.analysis.analysis_adapter" has no attribute "Analysis"  [attr-defined]
Libraries\PyKotor\src\pykotor\resource\formats\ncs\dencs\node\a_nequal_binary_op.py:37: error: Item "None" of "Optional[Node]" has no attribute "remove_child"  [union-attr]
Libraries\PyKotor\src\pykotor\resource\formats\ncs\dencs\node\a_nequal_binary_op.py:42: error: Returning Any from function declared to return "str"  [no-any-return]
Libraries\PyKotor\src\pykotor\resource\formats\ncs\dencs\node\a_mul_binary_op.py:8: error: Module "pykotor.resource.formats.ncs.dencs.analysis.analysis_adapter" has no attribute "Analysis"  [attr-defined]
Libraries\PyKotor\src\pykotor\resource\formats\ncs\dencs\node\a_mul_binary_op.py:37: error: Item "None" of "Optional[Node]" has no attribute "remove_child"  [union-attr]
Libraries\PyKotor\src\pykotor\resource\formats\ncs\dencs\node\a_mul_binary_op.py:42: error: Returning Any from function declared to return "str"  [no-any-return]
Libraries\PyKotor\src\pykotor\resource\formats\ncs\dencs\node\a_mod_binary_op.py:8: error: Module "pykotor.resource.formats.ncs.dencs.analysis.analysis_adapter" has no attribute "Analysis"  [attr-defined]
Libraries\PyKotor\src\pykotor\resource\formats\ncs\dencs\node\a_mod_binary_op.py:37: error: Item "None" of "Optional[Node]" has no attribute "remove_child"  [union-attr]
Libraries\PyKotor\src\pykotor\resource\formats\ncs\dencs\node\a_mod_binary_op.py:42: error: Returning Any from function declared to return "str"  [no-any-return]
Libraries\PyKotor\src\pykotor\resource\formats\ncs\dencs\node\a_lt_binary_op.py:8: error: Module "pykotor.resource.formats.ncs.dencs.analysis.analysis_adapter" has no attribute "Analysis"  [attr-defined]
Libraries\PyKotor\src\pykotor\resource\formats\ncs\dencs\node\a_lt_binary_op.py:37: error: Item "None" of "Optional[Node]" has no attribute "remove_child"  [union-attr]
Libraries\PyKotor\src\pykotor\resource\formats\ncs\dencs\node\a_lt_binary_op.py:42: error: Returning Any from function declared to return "str"  [no-any-return]
Libraries\PyKotor\src\pykotor\resource\formats\ncs\dencs\node\a_leq_binary_op.py:8: error: Module "pykotor.resource.formats.ncs.dencs.analysis.analysis_adapter" has no attribute "Analysis"  [attr-defined]
Libraries\PyKotor\src\pykotor\resource\formats\ncs\dencs\node\a_leq_binary_op.py:37: error: Item "None" of "Optional[Node]" has no attribute "remove_child"  [union-attr]
Libraries\PyKotor\src\pykotor\resource\formats\ncs\dencs\node\a_leq_binary_op.py:42: error: Returning Any from function declared to return "str"  [no-any-return]
Libraries\PyKotor\src\pykotor\resource\formats\ncs\dencs\node\a_gt_binary_op.py:8: error: Module "pykotor.resource.formats.ncs.dencs.analysis.analysis_adapter" has no attribute "Analysis"  [attr-defined]
Libraries\PyKotor\src\pykotor\resource\formats\ncs\dencs\node\a_gt_binary_op.py:37: error: Item "None" of "Optional[Node]" has no attribute "remove_child"  [union-attr]
Libraries\PyKotor\src\pykotor\resource\formats\ncs\dencs\node\a_gt_binary_op.py:42: error: Returning Any from function declared to return "str"  [no-any-return]
Libraries\PyKotor\src\pykotor\resource\formats\ncs\dencs\node\a_geq_binary_op.py:8: error: Module "pykotor.resource.formats.ncs.dencs.analysis.analysis_adapter" has no attribute "Analysis"  [attr-defined]
Libraries\PyKotor\src\pykotor\resource\formats\ncs\dencs\node\a_geq_binary_op.py:37: error: Item "None" of "Optional[Node]" has no attribute "remove_child"  [union-attr]
Libraries\PyKotor\src\pykotor\resource\formats\ncs\dencs\node\a_geq_binary_op.py:42: error: Returning Any from function declared to return "str"  [no-any-return]
Libraries\PyKotor\src\pykotor\resource\formats\ncs\dencs\node\a_equal_binary_op.py:8: error: Module "pykotor.resource.formats.ncs.dencs.analysis.analysis_adapter" has no attribute "Analysis"  [attr-defined]
Libraries\PyKotor\src\pykotor\resource\formats\ncs\dencs\node\a_equal_binary_op.py:37: error: Item "None" of "Optional[Node]" has no attribute "remove_child"  [union-attr]
Libraries\PyKotor\src\pykotor\resource\formats\ncs\dencs\node\a_equal_binary_op.py:42: error: Returning Any from function declared to return "str"  [no-any-return]
Libraries\PyKotor\src\pykotor\resource\formats\ncs\dencs\node\a_div_binary_op.py:8: error: Module "pykotor.resource.formats.ncs.dencs.analysis.analysis_adapter" has no attribute "Analysis"  [attr-defined]
Libraries\PyKotor\src\pykotor\resource\formats\ncs\dencs\node\a_div_binary_op.py:37: error: Item "None" of "Optional[Node]" has no attribute "remove_child"  [union-attr]
Libraries\PyKotor\src\pykotor\resource\formats\ncs\dencs\node\a_div_binary_op.py:42: error: Returning Any from function declared to return "str"  [no-any-return]
Libraries\PyKotor\src\pykotor\resource\formats\ncs\dencs\node\a_add_binary_op.py:8: error: Module "pykotor.resource.formats.ncs.dencs.analysis.analysis_adapter" has no attribute "Analysis"  [attr-defined]
Libraries\PyKotor\src\pykotor\resource\formats\ncs\dencs\node\a_add_binary_op.py:37: error: Item "None" of "Optional[Node]" has no attribute "remove_child"  [union-attr]
Libraries\PyKotor\src\pykotor\resource\formats\ncs\dencs\node\a_add_binary_op.py:42: error: Returning Any from function declared to return "str"  [no-any-return]
Libraries\PyKotor\src\pykotor\resource\formats\ncs\dencs\node\a_logii_command.py:34: error: Incompatible return value type (got "Optional[PLogiiOp]", expected "PLogiiOp")  [return-value]
Libraries\PyKotor\src\pykotor\resource\formats\ncs\dencs\node\a_logii_command.py:41: error: Item "None" of "Optional[Node]" has no attribute "remove_child"  [union-attr]
Libraries\PyKotor\src\pykotor\resource\formats\ncs\dencs\node\a_logii_command.py:46: error: Incompatible return value type (got "Optional[TIntegerConstant]", expected "TIntegerConstant")  [return-value]
Libraries\PyKotor\src\pykotor\resource\formats\ncs\dencs\node\a_logii_command.py:53: error: Item "None" of "Optional[Node]" has no attribute "remove_child"  [union-attr]
Libraries\PyKotor\src\pykotor\resource\formats\ncs\dencs\node\a_logii_command.py:58: error: Incompatible return value type (got "Optional[TIntegerConstant]", expected "TIntegerConstant")  [return-value]
Libraries\PyKotor\src\pykotor\resource\formats\ncs\dencs\node\a_logii_command.py:65: error: Item "None" of "Optional[Node]" has no attribute "remove_child"  [union-attr]
Libraries\PyKotor\src\pykotor\resource\formats\ncs\dencs\node\a_logii_command.py:70: error: Incompatible return value type (got "Optional[TSemi]", expected "TSemi")  [return-value]  
Libraries\PyKotor\src\pykotor\resource\formats\ncs\dencs\node\a_logii_command.py:77: error: Item "None" of "Optional[Node]" has no attribute "remove_child"  [union-attr]
Libraries\PyKotor\src\pykotor\resource\formats\ncs\dencs\node\a_unary_command.py:34: error: Incompatible return value type (got "Optional[PUnaryOp]", expected "PUnaryOp")  [return-value]
Libraries\PyKotor\src\pykotor\resource\formats\ncs\dencs\node\a_unary_command.py:41: error: Item "None" of "Optional[Node]" has no attribute "remove_child"  [union-attr]
Libraries\PyKotor\src\pykotor\resource\formats\ncs\dencs\node\a_unary_command.py:46: error: Incompatible return value type (got "Optional[TIntegerConstant]", expected "TIntegerConstant")  [return-value]
Libraries\PyKotor\src\pykotor\resource\formats\ncs\dencs\node\a_unary_command.py:53: error: Item "None" of "Optional[Node]" has no attribute "remove_child"  [union-attr]
Libraries\PyKotor\src\pykotor\resource\formats\ncs\dencs\node\a_unary_command.py:58: error: Incompatible return value type (got "Optional[TIntegerConstant]", expected "TIntegerConstant")  [return-value]
Libraries\PyKotor\src\pykotor\resource\formats\ncs\dencs\node\a_unary_command.py:65: error: Item "None" of "Optional[Node]" has no attribute "remove_child"  [union-attr]
Libraries\PyKotor\src\pykotor\resource\formats\ncs\dencs\node\a_unary_command.py:70: error: Incompatible return value type (got "Optional[TSemi]", expected "TSemi")  [return-value]  
Libraries\PyKotor\src\pykotor\resource\formats\ncs\dencs\node\a_unary_command.py:77: error: Item "None" of "Optional[Node]" has no attribute "remove_child"  [union-attr]
Libraries\PyKotor\src\pykotor\resource\formats\ncs\dencs\node\a_binary_command.py:37: error: Incompatible return value type (got "Optional[PBinaryOp]", expected "PBinaryOp")  [return-value]
Libraries\PyKotor\src\pykotor\resource\formats\ncs\dencs\node\a_binary_command.py:44: error: Item "None" of "Optional[Node]" has no attribute "remove_child"  [union-attr]
Libraries\PyKotor\src\pykotor\resource\formats\ncs\dencs\node\a_binary_command.py:49: error: Incompatible return value type (got "Optional[TIntegerConstant]", expected "TIntegerConstant")  [return-value]
Libraries\PyKotor\src\pykotor\resource\formats\ncs\dencs\node\a_binary_command.py:56: error: Item "None" of "Optional[Node]" has no attribute "remove_child"  [union-attr]
Libraries\PyKotor\src\pykotor\resource\formats\ncs\dencs\node\a_binary_command.py:61: error: Incompatible return value type (got "Optional[TIntegerConstant]", expected "TIntegerConstant")  [return-value]
Libraries\PyKotor\src\pykotor\resource\formats\ncs\dencs\node\a_binary_command.py:68: error: Item "None" of "Optional[Node]" has no attribute "remove_child"  [union-attr]
Libraries\PyKotor\src\pykotor\resource\formats\ncs\dencs\node\a_binary_command.py:73: error: Incompatible return value type (got "Optional[TIntegerConstant]", expected "TIntegerConstant")  [return-value]
Libraries\PyKotor\src\pykotor\resource\formats\ncs\dencs\node\a_binary_command.py:80: error: Item "None" of "Optional[Node]" has no attribute "remove_child"  [union-attr]
Libraries\PyKotor\src\pykotor\resource\formats\ncs\dencs\node\a_binary_command.py:85: error: Incompatible return value type (got "Optional[TSemi]", expected "TSemi")  [return-value] 
Libraries\PyKotor\src\pykotor\resource\formats\ncs\dencs\node\a_binary_command.py:92: error: Item "None" of "Optional[Node]" has no attribute "remove_child"  [union-attr]
Libraries\PyKotor\src\pykotor\resource\formats\ncs\dencs\node\a_store_state_command.py:8: error: Module "pykotor.resource.formats.ncs.dencs.analysis.analysis_adapter" has no attribute "Analysis"  [attr-defined]
Libraries\PyKotor\src\pykotor\resource\formats\ncs\dencs\node\a_store_state_command.py:45: error: Item "None" of "Optional[Node]" has no attribute "remove_child"  [union-attr]       
Libraries\PyKotor\src\pykotor\resource\formats\ncs\dencs\node\a_store_state_command.py:57: error: Item "None" of "Optional[Node]" has no attribute "remove_child"  [union-attr]       
Libraries\PyKotor\src\pykotor\resource\formats\ncs\dencs\node\a_store_state_command.py:69: error: Item "None" of "Optional[Node]" has no attribute "remove_child"  [union-attr]       
Libraries\PyKotor\src\pykotor\resource\formats\ncs\dencs\node\a_store_state_command.py:81: error: Item "None" of "Optional[Node]" has no attribute "remove_child"  [union-attr]       
Libraries\PyKotor\src\pykotor\resource\formats\ncs\dencs\node\a_store_state_command.py:93: error: Item "None" of "Optional[Node]" has no attribute "remove_child"  [union-attr]       
Libraries\PyKotor\src\pykotor\resource\formats\ncs\dencs\node\a_store_state_command.py:105:
 error: Item "None" of "Optional[Node]" has no attribute "remove_child"  [union-attr]      
Libraries\PyKotor\src\pykotor\resource\formats\ncs\dencs\node\a_savebp_bp_op.py:8: error: Module "pykotor.resource.formats.ncs.dencs.analysis.analysis_adapter" has no attribute "Analysis"  [attr-defined]
Libraries\PyKotor\src\pykotor\resource\formats\ncs\dencs\node\a_savebp_bp_op.py:18: error: Too many arguments for "ASavebpBpOp"  [call-arg]
Libraries\PyKotor\src\pykotor\resource\formats\ncs\dencs\node\a_savebp_bp_op.py:31: error: Item "None" of "Optional[Node]" has no attribute "remove_child"  [union-attr]
Libraries\PyKotor\src\pykotor\resource\formats\ncs\dencs\node\a_restorebp_bp_op.py:8: error: Module "pykotor.resource.formats.ncs.dencs.analysis.analysis_adapter" has no attribute "Analysis"  [attr-defined]
Libraries\PyKotor\src\pykotor\resource\formats\ncs\dencs\node\a_restorebp_bp_op.py:18: error: Too many arguments for "ARestorebpBpOp"  [call-arg]
Libraries\PyKotor\src\pykotor\resource\formats\ncs\dencs\node\a_restorebp_bp_op.py:31: error: Item "None" of "Optional[Node]" has no attribute "remove_child"  [union-attr]
Libraries\PyKotor\src\pykotor\resource\formats\ncs\dencs\node\a_bp_command.py:8: error: Module "pykotor.resource.formats.ncs.dencs.analysis.analysis_adapter" has no attribute "Analysis"  [attr-defined]
Libraries\PyKotor\src\pykotor\resource\formats\ncs\dencs\node\a_bp_command.py:41: error: Item "None" of "Optional[Node]" has no attribute "remove_child"  [union-attr]
Libraries\PyKotor\src\pykotor\resource\formats\ncs\dencs\node\a_bp_command.py:53: error: Item "None" of "Optional[Node]" has no attribute "remove_child"  [union-attr]
Libraries\PyKotor\src\pykotor\resource\formats\ncs\dencs\node\a_bp_command.py:65: error: Item "None" of "Optional[Node]" has no attribute "remove_child"  [union-attr]
Libraries\PyKotor\src\pykotor\resource\formats\ncs\dencs\node\a_bp_command.py:77: error: Item "None" of "Optional[Node]" has no attribute "remove_child"  [union-attr]
Libraries\PyKotor\src\pykotor\resource\formats\ncs\dencs\node\a_destruct_command.py:6: error: Module "pykotor.resource.formats.ncs.dencs.analysis.analysis_adapter" has no attribute "Analysis"  [attr-defined]
Libraries\PyKotor\src\pykotor\resource\formats\ncs\dencs\node\a_destruct_command.py:15: error: Argument 1 to "__init__" has incompatible type "ADestructCommand"; expected "Node"  [arg-type]
Libraries\PyKotor\src\pykotor\resource\formats\ncs\dencs\node\a_destruct_command.py:46: error: Item "None" of "Optional[Node]" has no attribute "remove_child"  [union-attr]
Libraries\PyKotor\src\pykotor\resource\formats\ncs\dencs\node\a_destruct_command.py:47: error: Argument 1 to "set_parent" of "Node" has incompatible type "ADestructCommand"; expected
 "Optional[Node]"  [arg-type]
Libraries\PyKotor\src\pykotor\resource\formats\ncs\dencs\node\a_destruct_command.py:58: error: Item "None" of "Optional[Node]" has no attribute "remove_child"  [union-attr]
Libraries\PyKotor\src\pykotor\resource\formats\ncs\dencs\node\a_destruct_command.py:59: error: Argument 1 to "set_parent" of "Node" has incompatible type "ADestructCommand"; expected
 "Optional[Node]"  [arg-type]
Libraries\PyKotor\src\pykotor\resource\formats\ncs\dencs\node\a_destruct_command.py:70: error: Item "None" of "Optional[Node]" has no attribute "remove_child"  [union-attr]
Libraries\PyKotor\src\pykotor\resource\formats\ncs\dencs\node\a_destruct_command.py:71: error: Argument 1 to "set_parent" of "Node" has incompatible type "ADestructCommand"; expected
 "Optional[Node]"  [arg-type]
Libraries\PyKotor\src\pykotor\resource\formats\ncs\dencs\node\a_destruct_command.py:82: error: Item "None" of "Optional[Node]" has no attribute "remove_child"  [union-attr]
Libraries\PyKotor\src\pykotor\resource\formats\ncs\dencs\node\a_destruct_command.py:83: error: Argument 1 to "set_parent" of "Node" has incompatible type "ADestructCommand"; expected
 "Optional[Node]"  [arg-type]
Libraries\PyKotor\src\pykotor\resource\formats\ncs\dencs\node\a_destruct_command.py:94: error: Item "None" of "Optional[Node]" has no attribute "remove_child"  [union-attr]
Libraries\PyKotor\src\pykotor\resource\formats\ncs\dencs\node\a_destruct_command.py:95: error: Argument 1 to "set_parent" of "Node" has incompatible type "ADestructCommand"; expected
 "Optional[Node]"  [arg-type]
Libraries\PyKotor\src\pykotor\resource\formats\ncs\dencs\node\a_destruct_command.py:106: error: Item "None" of "Optional[Node]" has no attribute "remove_child"  [union-attr]
Libraries\PyKotor\src\pykotor\resource\formats\ncs\dencs\node\a_destruct_command.py:107: error: Argument 1 to "set_parent" of "Node" has incompatible type "ADestructCommand"; expected "Optional[Node]"  [arg-type]
Libraries\PyKotor\src\pykotor\resource\formats\ncs\dencs\node\a_destruct_command.py:118: error: Item "None" of "Optional[Node]" has no attribute "remove_child"  [union-attr]
Libraries\PyKotor\src\pykotor\resource\formats\ncs\dencs\node\a_destruct_command.py:119: error: Argument 1 to "set_parent" of "Node" has incompatible type "ADestructCommand"; expected "Optional[Node]"  [arg-type]
Libraries\PyKotor\src\pykotor\resource\formats\ncs\dencs\node\a_stack_command.py:8: error: Module "pykotor.resource.formats.ncs.dencs.analysis.analysis_adapter" has no attribute "Analysis"  [attr-defined]
Libraries\PyKotor\src\pykotor\resource\formats\ncs\dencs\node\a_stack_command.py:64: error: Item "None" of "Optional[Node]" has no attribute "remove_child"  [union-attr]
Libraries\PyKotor\src\pykotor\resource\formats\ncs\dencs\node\a_stack_command.py:76: error: Item "None" of "Optional[Node]" has no attribute "remove_child"  [union-attr]
Libraries\PyKotor\src\pykotor\resource\formats\ncs\dencs\node\a_stack_command.py:88: error: Item "None" of "Optional[Node]" has no attribute "remove_child"  [union-attr]
Libraries\PyKotor\src\pykotor\resource\formats\ncs\dencs\node\a_stack_command.py:100: error: Item "None" of "Optional[Node]" has no attribute "remove_child"  [union-attr]
Libraries\PyKotor\src\pykotor\resource\formats\ncs\dencs\node\a_stack_command.py:112: error: Item "None" of "Optional[Node]" has no attribute "remove_child"  [union-attr]
Libraries\PyKotor\src\pykotor\resource\formats\ncs\dencs\node\a_stack_command.py:117: error: Returning Any from function declared to return "str"  [no-any-return]
Libraries\PyKotor\src\pykotor\resource\formats\ncs\dencs\node\a_incisp_stack_op.py:8: error: Module "pykotor.resource.formats.ncs.dencs.analysis.analysis_adapter" has no attribute "Analysis"  [attr-defined]
Libraries\PyKotor\src\pykotor\resource\formats\ncs\dencs\node\a_incisp_stack_op.py:37: error: Item "None" of "Optional[Node]" has no attribute "remove_child"  [union-attr]
Libraries\PyKotor\src\pykotor\resource\formats\ncs\dencs\node\a_incisp_stack_op.py:42: error: Returning Any from function declared to return "str"  [no-any-return]
Libraries\PyKotor\src\pykotor\resource\formats\ncs\dencs\node\a_incibp_stack_op.py:8: error: Module "pykotor.resource.formats.ncs.dencs.analysis.analysis_adapter" has no attribute "Analysis"  [attr-defined]
Libraries\PyKotor\src\pykotor\resource\formats\ncs\dencs\node\a_incibp_stack_op.py:37: error: Item "None" of "Optional[Node]" has no attribute "remove_child"  [union-attr]
Libraries\PyKotor\src\pykotor\resource\formats\ncs\dencs\node\a_incibp_stack_op.py:42: error: Returning Any from function declared to return "str"  [no-any-return]
Libraries\PyKotor\src\pykotor\resource\formats\ncs\dencs\node\a_decisp_stack_op.py:8: error: Module "pykotor.resource.formats.ncs.dencs.analysis.analysis_adapter" has no attribute "Analysis"  [attr-defined]
Libraries\PyKotor\src\pykotor\resource\formats\ncs\dencs\node\a_decisp_stack_op.py:37: error: Item "None" of "Optional[Node]" has no attribute "remove_child"  [union-attr]
Libraries\PyKotor\src\pykotor\resource\formats\ncs\dencs\node\a_decisp_stack_op.py:42: error: Returning Any from function declared to return "str"  [no-any-return]
Libraries\PyKotor\src\pykotor\resource\formats\ncs\dencs\node\a_decibp_stack_op.py:8: error: Module "pykotor.resource.formats.ncs.dencs.analysis.analysis_adapter" has no attribute "Analysis"  [attr-defined]
Libraries\PyKotor\src\pykotor\resource\formats\ncs\dencs\node\a_decibp_stack_op.py:37: error: Item "None" of "Optional[Node]" has no attribute "remove_child"  [union-attr]
Libraries\PyKotor\src\pykotor\resource\formats\ncs\dencs\node\a_decibp_stack_op.py:42: error: Returning Any from function declared to return "str"  [no-any-return]
Libraries\PyKotor\src\pykotor\resource\formats\ncs\dencs\node\a_rsadd_command.py:8: error: Module "pykotor.resource.formats.ncs.dencs.analysis.analysis_adapter" has no attribute "Analysis"  [attr-defined]
Libraries\PyKotor\src\pykotor\resource\formats\ncs\dencs\node\a_rsadd_command.py:23: error: Too many arguments for "ARsaddCommand"  [call-arg]
Libraries\PyKotor\src\pykotor\resource\formats\ncs\dencs\node\a_rsadd_command.py:41: error: Item "None" of "Optional[Node]" has no attribute "remove_child"  [union-attr]
Libraries\PyKotor\src\pykotor\resource\formats\ncs\dencs\node\a_rsadd_command.py:53: error: Item "None" of "Optional[Node]" has no attribute "remove_child"  [union-attr]
Libraries\PyKotor\src\pykotor\resource\formats\ncs\dencs\node\a_rsadd_command.py:65: error: Item "None" of "Optional[Node]" has no attribute "remove_child"  [union-attr]
Libraries\PyKotor\src\pykotor\resource\formats\ncs\dencs\node\a_rsadd_command.py:77: error: Item "None" of "Optional[Node]" has no attribute "remove_child"  [union-attr]
Libraries\PyKotor\src\pykotor\resource\formats\ncs\dencs\node\a_move_sp_command.py:8: error: Module "pykotor.resource.formats.ncs.dencs.analysis.analysis_adapter" has no attribute "Analysis"  [attr-defined]
Libraries\PyKotor\src\pykotor\resource\formats\ncs\dencs\node\a_move_sp_command.py:24: error: Too many arguments for "AMoveSpCommand"  [call-arg]
Libraries\PyKotor\src\pykotor\resource\formats\ncs\dencs\node\a_move_sp_command.py:43: error: Item "None" of "Optional[Node]" has no attribute "remove_child"  [union-attr]
Libraries\PyKotor\src\pykotor\resource\formats\ncs\dencs\node\a_move_sp_command.py:55: error: Item "None" of "Optional[Node]" has no attribute "remove_child"  [union-attr]
Libraries\PyKotor\src\pykotor\resource\formats\ncs\dencs\node\a_move_sp_command.py:67: error: Item "None" of "Optional[Node]" has no attribute "remove_child"  [union-attr]
Libraries\PyKotor\src\pykotor\resource\formats\ncs\dencs\node\a_move_sp_command.py:79: error: Item "None" of "Optional[Node]" has no attribute "remove_child"  [union-attr]
Libraries\PyKotor\src\pykotor\resource\formats\ncs\dencs\node\a_move_sp_command.py:91: error: Item "None" of "Optional[Node]" has no attribute "remove_child"  [union-attr]
Libraries\PyKotor\src\pykotor\resource\formats\ncs\dencs\node\a_copy_top_bp_command.py:8: error: Module "pykotor.resource.formats.ncs.dencs.analysis.analysis_adapter" has no attribute "Analysis"  [attr-defined]
Libraries\PyKotor\src\pykotor\resource\formats\ncs\dencs\node\a_copy_top_bp_command.py:45: error: Item "None" of "Optional[Node]" has no attribute "remove_child"  [union-attr]       
Libraries\PyKotor\src\pykotor\resource\formats\ncs\dencs\node\a_copy_top_bp_command.py:57: error: Item "None" of "Optional[Node]" has no attribute "remove_child"  [union-attr]       
Libraries\PyKotor\src\pykotor\resource\formats\ncs\dencs\node\a_copy_top_bp_command.py:69: error: Item "None" of "Optional[Node]" has no attribute "remove_child"  [union-attr]       
Libraries\PyKotor\src\pykotor\resource\formats\ncs\dencs\node\a_copy_top_bp_command.py:81: error: Item "None" of "Optional[Node]" has no attribute "remove_child"  [union-attr]       
Libraries\PyKotor\src\pykotor\resource\formats\ncs\dencs\node\a_copy_top_bp_command.py:93: error: Item "None" of "Optional[Node]" has no attribute "remove_child"  [union-attr]       
Libraries\PyKotor\src\pykotor\resource\formats\ncs\dencs\node\a_copy_top_bp_command.py:105:
 error: Item "None" of "Optional[Node]" has no attribute "remove_child"  [union-attr]      
Libraries\PyKotor\src\pykotor\resource\formats\ncs\dencs\node\a_copy_down_bp_command.py:8: error: Module "pykotor.resource.formats.ncs.dencs.analysis.analysis_adapter" has no attribute "Analysis"  [attr-defined]
Libraries\PyKotor\src\pykotor\resource\formats\ncs\dencs\node\a_copy_down_bp_command.py:45:
 error: Item "None" of "Optional[Node]" has no attribute "remove_child"  [union-attr]      
Libraries\PyKotor\src\pykotor\resource\formats\ncs\dencs\node\a_copy_down_bp_command.py:57:
 error: Item "None" of "Optional[Node]" has no attribute "remove_child"  [union-attr]      
Libraries\PyKotor\src\pykotor\resource\formats\ncs\dencs\node\a_copy_down_bp_command.py:69:
 error: Item "None" of "Optional[Node]" has no attribute "remove_child"  [union-attr]      
Libraries\PyKotor\src\pykotor\resource\formats\ncs\dencs\node\a_copy_down_bp_command.py:81:
 error: Item "None" of "Optional[Node]" has no attribute "remove_child"  [union-attr]      
Libraries\PyKotor\src\pykotor\resource\formats\ncs\dencs\node\a_copy_down_bp_command.py:93:
 error: Item "None" of "Optional[Node]" has no attribute "remove_child"  [union-attr]      
Libraries\PyKotor\src\pykotor\resource\formats\ncs\dencs\node\a_copy_down_bp_command.py:105: error: Item "None" of "Optional[Node]" has no attribute "remove_child"  [union-attr]     
Libraries\PyKotor\src\pykotor\resource\formats\ncs\dencs\node\a_copy_top_sp_command.py:8: error: Module "pykotor.resource.formats.ncs.dencs.analysis.analysis_adapter" has no attribute "Analysis"  [attr-defined]
Libraries\PyKotor\src\pykotor\resource\formats\ncs\dencs\node\a_copy_top_sp_command.py:25: error: Too many arguments for "ACopyTopSpCommand"  [call-arg]
Libraries\PyKotor\src\pykotor\resource\formats\ncs\dencs\node\a_copy_top_sp_command.py:45: error: Item "None" of "Optional[Node]" has no attribute "remove_child"  [union-attr]       
Libraries\PyKotor\src\pykotor\resource\formats\ncs\dencs\node\a_copy_top_sp_command.py:57: error: Item "None" of "Optional[Node]" has no attribute "remove_child"  [union-attr]       
Libraries\PyKotor\src\pykotor\resource\formats\ncs\dencs\node\a_copy_top_sp_command.py:69: error: Item "None" of "Optional[Node]" has no attribute "remove_child"  [union-attr]       
Libraries\PyKotor\src\pykotor\resource\formats\ncs\dencs\node\a_copy_top_sp_command.py:81: error: Item "None" of "Optional[Node]" has no attribute "remove_child"  [union-attr]       
Libraries\PyKotor\src\pykotor\resource\formats\ncs\dencs\node\a_copy_top_sp_command.py:93: error: Item "None" of "Optional[Node]" has no attribute "remove_child"  [union-attr]       
Libraries\PyKotor\src\pykotor\resource\formats\ncs\dencs\node\a_copy_top_sp_command.py:105:
 error: Item "None" of "Optional[Node]" has no attribute "remove_child"  [union-attr]      
Libraries\PyKotor\src\pykotor\resource\formats\ncs\dencs\node\a_copy_down_sp_command.py:8: error: Module "pykotor.resource.formats.ncs.dencs.analysis.analysis_adapter" has no attribute "Analysis"  [attr-defined]
Libraries\PyKotor\src\pykotor\resource\formats\ncs\dencs\node\a_copy_down_sp_command.py:25:
 error: Too many arguments for "ACopyDownSpCommand"  [call-arg]
Libraries\PyKotor\src\pykotor\resource\formats\ncs\dencs\node\a_copy_down_sp_command.py:45:
 error: Item "None" of "Optional[Node]" has no attribute "remove_child"  [union-attr]      
Libraries\PyKotor\src\pykotor\resource\formats\ncs\dencs\node\a_copy_down_sp_command.py:57:
 error: Item "None" of "Optional[Node]" has no attribute "remove_child"  [union-attr]      
Libraries\PyKotor\src\pykotor\resource\formats\ncs\dencs\node\a_copy_down_sp_command.py:69:
 error: Item "None" of "Optional[Node]" has no attribute "remove_child"  [union-attr]      
Libraries\PyKotor\src\pykotor\resource\formats\ncs\dencs\node\a_copy_down_sp_command.py:81:
 error: Item "None" of "Optional[Node]" has no attribute "remove_child"  [union-attr]      
Libraries\PyKotor\src\pykotor\resource\formats\ncs\dencs\node\a_copy_down_sp_command.py:93:
 error: Item "None" of "Optional[Node]" has no attribute "remove_child"  [union-attr]      
Libraries\PyKotor\src\pykotor\resource\formats\ncs\dencs\node\a_copy_down_sp_command.py:105: error: Item "None" of "Optional[Node]" has no attribute "remove_child"  [union-attr]     
Libraries\PyKotor\src\pykotor\resource\formats\ncs\dencs\node\a_return.py:8: error: Module "pykotor.resource.formats.ncs.dencs.analysis.analysis_adapter" has no attribute "Analysis" 
 [attr-defined]
Libraries\PyKotor\src\pykotor\resource\formats\ncs\dencs\node\a_return.py:23: error: Too many arguments for "AReturn"  [call-arg]
Libraries\PyKotor\src\pykotor\resource\formats\ncs\dencs\node\a_return.py:41: error: Item "None" of "Optional[Node]" has no attribute "remove_child"  [union-attr]
Libraries\PyKotor\src\pykotor\resource\formats\ncs\dencs\node\a_return.py:53: error: Item "None" of "Optional[Node]" has no attribute "remove_child"  [union-attr]
Libraries\PyKotor\src\pykotor\resource\formats\ncs\dencs\node\a_return.py:65: error: Item "None" of "Optional[Node]" has no attribute "remove_child"  [union-attr]
Libraries\PyKotor\src\pykotor\resource\formats\ncs\dencs\node\a_return.py:77: error: Item "None" of "Optional[Node]" has no attribute "remove_child"  [union-attr]
Libraries\PyKotor\src\pykotor\resource\formats\ncs\dencs\node\a_zero_jump_if.py:8: error: Module "pykotor.resource.formats.ncs.dencs.analysis.analysis_adapter" has no attribute "Analysis"  [attr-defined]
Libraries\PyKotor\src\pykotor\resource\formats\ncs\dencs\node\a_zero_jump_if.py:18: error: Too many arguments for "AZeroJumpIf"  [call-arg]
Libraries\PyKotor\src\pykotor\resource\formats\ncs\dencs\node\a_zero_jump_if.py:31: error: Item "None" of "Optional[Node]" has no attribute "remove_child"  [union-attr]
Libraries\PyKotor\src\pykotor\resource\formats\ncs\dencs\node\a_nonzero_jump_if.py:8: error: Module "pykotor.resource.formats.ncs.dencs.analysis.analysis_adapter" has no attribute "Analysis"  [attr-defined]
Libraries\PyKotor\src\pykotor\resource\formats\ncs\dencs\node\a_nonzero_jump_if.py:18: error: Too many arguments for "ANonzeroJumpIf"  [call-arg]
Libraries\PyKotor\src\pykotor\resource\formats\ncs\dencs\node\a_nonzero_jump_if.py:31: error: Item "None" of "Optional[Node]" has no attribute "remove_child"  [union-attr]
Libraries\PyKotor\src\pykotor\resource\formats\ncs\dencs\node\a_conditional_jump_command.py:8: error: Module "pykotor.resource.formats.ncs.dencs.analysis.analysis_adapter" has no attribute "Analysis"  [attr-defined]
Libraries\PyKotor\src\pykotor\resource\formats\ncs\dencs\node\a_conditional_jump_command.py:24: error: Too many arguments for "AConditionalJumpCommand"  [call-arg]
Libraries\PyKotor\src\pykotor\resource\formats\ncs\dencs\node\a_conditional_jump_command.py:43: error: Item "None" of "Optional[Node]" has no attribute "remove_child"  [union-attr]  
Libraries\PyKotor\src\pykotor\resource\formats\ncs\dencs\node\a_conditional_jump_command.py:55: error: Item "None" of "Optional[Node]" has no attribute "remove_child"  [union-attr]  
Libraries\PyKotor\src\pykotor\resource\formats\ncs\dencs\node\a_conditional_jump_command.py:67: error: Item "None" of "Optional[Node]" has no attribute "remove_child"  [union-attr]  
Libraries\PyKotor\src\pykotor\resource\formats\ncs\dencs\node\a_conditional_jump_command.py:79: error: Item "None" of "Optional[Node]" has no attribute "remove_child"  [union-attr]  
Libraries\PyKotor\src\pykotor\resource\formats\ncs\dencs\node\a_conditional_jump_command.py:91: error: Item "None" of "Optional[Node]" has no attribute "remove_child"  [union-attr]  
Libraries\PyKotor\src\pykotor\resource\formats\ncs\dencs\node\a_jump_to_subroutine.py:8: error: Module "pykotor.resource.formats.ncs.dencs.analysis.analysis_adapter" has no attribute
 "Analysis"  [attr-defined]
Libraries\PyKotor\src\pykotor\resource\formats\ncs\dencs\node\a_jump_to_subroutine.py:24: error: Too many arguments for "AJumpToSubroutine"  [call-arg]
Libraries\PyKotor\src\pykotor\resource\formats\ncs\dencs\node\a_jump_to_subroutine.py:43: error: Item "None" of "Optional[Node]" has no attribute "remove_child"  [union-attr]        
Libraries\PyKotor\src\pykotor\resource\formats\ncs\dencs\node\a_jump_to_subroutine.py:55: error: Item "None" of "Optional[Node]" has no attribute "remove_child"  [union-attr]        
Libraries\PyKotor\src\pykotor\resource\formats\ncs\dencs\node\a_jump_to_subroutine.py:67: error: Item "None" of "Optional[Node]" has no attribute "remove_child"  [union-attr]        
Libraries\PyKotor\src\pykotor\resource\formats\ncs\dencs\node\a_jump_to_subroutine.py:79: error: Item "None" of "Optional[Node]" has no attribute "remove_child"  [union-attr]        
Libraries\PyKotor\src\pykotor\resource\formats\ncs\dencs\node\a_jump_to_subroutine.py:91: error: Item "None" of "Optional[Node]" has no attribute "remove_child"  [union-attr]        
Libraries\PyKotor\src\pykotor\resource\formats\ncs\dencs\node\a_jump_command.py:8: error: Module "pykotor.resource.formats.ncs.dencs.analysis.analysis_adapter" has no attribute "Analysis"  [attr-defined]
Libraries\PyKotor\src\pykotor\resource\formats\ncs\dencs\node\a_jump_command.py:24: error: Too many arguments for "AJumpCommand"  [call-arg]
Libraries\PyKotor\src\pykotor\resource\formats\ncs\dencs\node\a_jump_command.py:43: error: Item "None" of "Optional[Node]" has no attribute "remove_child"  [union-attr]
Libraries\PyKotor\src\pykotor\resource\formats\ncs\dencs\node\a_jump_command.py:55: error: Item "None" of "Optional[Node]" has no attribute "remove_child"  [union-attr]
Libraries\PyKotor\src\pykotor\resource\formats\ncs\dencs\node\a_jump_command.py:67: error: Item "None" of "Optional[Node]" has no attribute "remove_child"  [union-attr]
Libraries\PyKotor\src\pykotor\resource\formats\ncs\dencs\node\a_jump_command.py:79: error: Item "None" of "Optional[Node]" has no attribute "remove_child"  [union-attr]
Libraries\PyKotor\src\pykotor\resource\formats\ncs\dencs\node\a_jump_command.py:91: error: Item "None" of "Optional[Node]" has no attribute "remove_child"  [union-attr]
Libraries\PyKotor\src\pykotor\resource\formats\ncs\dencs\node\a_action_command.py:8: error: Module "pykotor.resource.formats.ncs.dencs.analysis.analysis_adapter" has no attribute "Analysis"  [attr-defined]
Libraries\PyKotor\src\pykotor\resource\formats\ncs\dencs\node\a_action_command.py:25: error: Too many arguments for "AActionCommand"  [call-arg]
Libraries\PyKotor\src\pykotor\resource\formats\ncs\dencs\node\a_action_command.py:45: error: Item "None" of "Optional[Node]" has no attribute "remove_child"  [union-attr]
Libraries\PyKotor\src\pykotor\resource\formats\ncs\dencs\node\a_action_command.py:57: error: Item "None" of "Optional[Node]" has no attribute "remove_child"  [union-attr]
Libraries\PyKotor\src\pykotor\resource\formats\ncs\dencs\node\a_action_command.py:69: error: Item "None" of "Optional[Node]" has no attribute "remove_child"  [union-attr]
Libraries\PyKotor\src\pykotor\resource\formats\ncs\dencs\node\a_action_command.py:81: error: Item "None" of "Optional[Node]" has no attribute "remove_child"  [union-attr]
Libraries\PyKotor\src\pykotor\resource\formats\ncs\dencs\node\a_action_command.py:93: error: Item "None" of "Optional[Node]" has no attribute "remove_child"  [union-attr]
Libraries\PyKotor\src\pykotor\resource\formats\ncs\dencs\node\a_action_command.py:105: error: Item "None" of "Optional[Node]" has no attribute "remove_child"  [union-attr]
Libraries\PyKotor\src\pykotor\resource\formats\ncs\dencs\node\a_string_constant.py:8: error: Module "pykotor.resource.formats.ncs.dencs.analysis.analysis_adapter" has no attribute "Analysis"  [attr-defined]
Libraries\PyKotor\src\pykotor\resource\formats\ncs\dencs\node\a_string_constant.py:18: error: Too many arguments for "AStringConstant"  [call-arg]
Libraries\PyKotor\src\pykotor\resource\formats\ncs\dencs\node\a_string_constant.py:31: error: Item "None" of "Optional[Node]" has no attribute "remove_child"  [union-attr]
Libraries\PyKotor\src\pykotor\resource\formats\ncs\dencs\node\a_int_constant.py:8: error: Module "pykotor.resource.formats.ncs.dencs.analysis.analysis_adapter" has no attribute "Analysis"  [attr-defined]
Libraries\PyKotor\src\pykotor\resource\formats\ncs\dencs\node\a_int_constant.py:18: error: Too many arguments for "AIntConstant"  [call-arg]
Libraries\PyKotor\src\pykotor\resource\formats\ncs\dencs\node\a_int_constant.py:31: error: Item "None" of "Optional[Node]" has no attribute "remove_child"  [union-attr]
Libraries\PyKotor\src\pykotor\resource\formats\ncs\dencs\node\a_float_constant.py:8: error: Module "pykotor.resource.formats.ncs.dencs.analysis.analysis_adapter" has no attribute "Analysis"  [attr-defined]
Libraries\PyKotor\src\pykotor\resource\formats\ncs\dencs\node\a_float_constant.py:18: error: Too many arguments for "AFloatConstant"  [call-arg]
Libraries\PyKotor\src\pykotor\resource\formats\ncs\dencs\node\a_float_constant.py:31: error: Item "None" of "Optional[Node]" has no attribute "remove_child"  [union-attr]
Libraries\PyKotor\src\pykotor\resource\formats\ncs\dencs\node\a_const_command.py:8: error: Module "pykotor.resource.formats.ncs.dencs.analysis.analysis_adapter" has no attribute "Analysis"  [attr-defined]
Libraries\PyKotor\src\pykotor\resource\formats\ncs\dencs\node\a_const_command.py:25: error: Too many arguments for "AConstCommand"  [call-arg]
Libraries\PyKotor\src\pykotor\resource\formats\ncs\dencs\node\a_const_command.py:44: error: Item "None" of "Optional[Node]" has no attribute "remove_child"  [union-attr]
Libraries\PyKotor\src\pykotor\resource\formats\ncs\dencs\node\a_const_command.py:56: error: Item "None" of "Optional[Node]" has no attribute "remove_child"  [union-attr]
Libraries\PyKotor\src\pykotor\resource\formats\ncs\dencs\node\a_const_command.py:68: error: Item "None" of "Optional[Node]" has no attribute "remove_child"  [union-attr]
Libraries\PyKotor\src\pykotor\resource\formats\ncs\dencs\node\a_const_command.py:80: error: Item "None" of "Optional[Node]" has no attribute "remove_child"  [union-attr]
Libraries\PyKotor\src\pykotor\resource\formats\ncs\dencs\node\a_const_command.py:92: error: Item "None" of "Optional[Node]" has no attribute "remove_child"  [union-attr]
Libraries\PyKotor\src\pykotor\resource\formats\ncs\dencs\node\start.py:8: error: Module "pykotor.resource.formats.ncs.dencs.analysis.analysis_adapter" has no attribute "Analysis"  [attr-defined]
Libraries\PyKotor\src\pykotor\resource\formats\ncs\dencs\node\start.py:32: error: Argument 1 to "Start" has incompatible type "Optional[Node]"; expected "Optional[PProgram]"  [arg-type]
Libraries\PyKotor\src\pykotor\resource\formats\ncs\dencs\node\start.py:48: error: Item "None" of "Optional[Node]" has no attribute "remove_child"  [union-attr]
Libraries\PyKotor\src\pykotor\resource\formats\ncs\dencs\node\start.py:60: error: Item "None" of "Optional[Node]" has no attribute "remove_child"  [union-attr]
Libraries\PyKotor\src\utility\misc.py:32: error: Returning Any from function declared to return "Literal['32bit', '64bit']"  [no-any-return]
Libraries\PyKotor\src\utility\misc.py:130: error: Library stubs not installed for "psutil" 
 [import-untyped]
Libraries\PyKotor\src\utility\misc.py:130: note: Hint: "python3 -m pip install types-psutil"
Libraries\PyKotor\src\utility\misc.py:130: note: (or run "mypy --install-types" to install all missing stub packages)
Libraries\PyKotor\src\utility\misc.py:130: error: Name "psutil" already defined on line 128
  [no-redef]
Libraries\PyKotor\src\utility\misc.py:151: error: Cannot find implementation or library stub for module named "GPUtil"  [import-not-found]
Libraries\PyKotor\src\utility\misc.py:151: error: Name "GPUtil" already defined on line 149
  [no-redef]
Libraries\PyKotor\src\pykotor\resource\formats\ncs\dencs\analysis\pruned_depth_first_adapter.py:41: error: Item "None" of "Optional[PProgram]" has no attribute "apply"  [union-attr] 
Libraries\PyKotor\src\pykotor\resource\formats\ncs\dencs\analysis\pruned_depth_first_adapter.py:54: error: Item "None" of "Optional[PSize]" has no attribute "apply"  [union-attr]    
Libraries\PyKotor\src\pykotor\resource\formats\ncs\dencs\analysis\pruned_depth_first_adapter.py:56: error: Item "None" of "Optional[PRsaddCommand]" has no attribute "apply"  [union-attr]
Libraries\PyKotor\src\pykotor\resource\formats\ncs\dencs\analysis\pruned_depth_first_adapter.py:58: error: Item "None" of "Optional[PJumpToSubroutine]" has no attribute "apply"  [union-attr]
Libraries\PyKotor\src\pykotor\resource\formats\ncs\dencs\analysis\pruned_depth_first_adapter.py:60: error: Item "None" of "Optional[PReturn]" has no attribute "apply"  [union-attr]  
Libraries\PyKotor\src\pykotor\resource\formats\ncs\dencs\analysis\pruned_depth_first_adapter.py:78: error: Item "None" of "Optional[PCommandBlock]" has no attribute "apply"  [union-attr]
Libraries\PyKotor\src\pykotor\resource\formats\ncs\dencs\analysis\pruned_depth_first_adapter.py:80: error: Item "None" of "Optional[PReturn]" has no attribute "apply"  [union-attr]  
Libraries\PyKotor\src\pykotor\resource\formats\ncs\dencs\analysis\pruned_reversed_depth_first_adapter.py:37: error: Item "None" of "Optional[PProgram]" has no attribute "apply"  [union-attr]
Libraries\PyKotor\src\pykotor\resource\formats\ncs\dencs\analysis\pruned_reversed_depth_first_adapter.py:53: error: Item "None" of "Optional[PReturn]" has no attribute "apply"  [union-attr]
Libraries\PyKotor\src\pykotor\resource\formats\ncs\dencs\analysis\pruned_reversed_depth_first_adapter.py:55: error: Item "None" of "Optional[PJumpToSubroutine]" has no attribute "apply"  [union-attr]
Libraries\PyKotor\src\pykotor\resource\formats\ncs\dencs\analysis\pruned_reversed_depth_first_adapter.py:68: error: Item "None" of "Optional[PReturn]" has no attribute "apply"  [union-attr]
Libraries\PyKotor\src\pykotor\resource\formats\ncs\dencs\analysis\pruned_reversed_depth_first_adapter.py:70: error: Item "None" of "Optional[PCommandBlock]" has no attribute "apply" 
 [union-attr]
Libraries\PyKotor\src\pykotor\resource\formats\ncs\dencs\utils\node_utils.py:21: error: Incompatible types in assignment (expression has type "Optional[PLogiiCommand]", variable has type "ALogiiCommand")  [assignment]
Libraries\PyKotor\src\pykotor\resource\formats\ncs\dencs\utils\node_utils.py:30: error: Item "None" of "Optional[TIntegerConstant]" has no attribute "get_text"  [union-attr]
Libraries\PyKotor\src\pykotor\resource\formats\ncs\dencs\utils\node_utils.py:87: error: Item "None" of "Optional[TIntegerConstant]" has no attribute "get_text"  [union-attr]
Libraries\PyKotor\src\pykotor\resource\formats\ncs\dencs\utils\node_utils.py:89: error: Item "None" of "Optional[TIntegerConstant]" has no attribute "get_text"  [union-attr]
Libraries\PyKotor\src\pykotor\resource\formats\ncs\dencs\utils\node_utils.py:91: error: Item "None" of "Optional[TIntegerConstant]" has no attribute "get_text"  [union-attr]
Libraries\PyKotor\src\pykotor\resource\formats\ncs\dencs\utils\node_utils.py:93: error: Item "None" of "Optional[TIntegerConstant]" has no attribute "get_text"  [union-attr]
Libraries\PyKotor\src\pykotor\resource\formats\ncs\dencs\utils\node_utils.py:95: error: Item "None" of "Optional[TIntegerConstant]" has no attribute "get_text"  [union-attr]
Libraries\PyKotor\src\pykotor\resource\formats\ncs\dencs\utils\node_utils.py:97: error: Item "None" of "Optional[TIntegerConstant]" has no attribute "get_text"  [union-attr]
Libraries\PyKotor\src\pykotor\resource\formats\ncs\dencs\utils\node_utils.py:99: error: Item "None" of "Optional[TIntegerConstant]" has no attribute "get_text"  [union-attr]
Libraries\PyKotor\src\pykotor\resource\formats\ncs\dencs\utils\node_utils.py:101: error: Item "None" of "Optional[TIntegerConstant]" has no attribute "get_text"  [union-attr]        
Libraries\PyKotor\src\pykotor\resource\formats\ncs\dencs\utils\node_utils.py:103: error: Item "None" of "Optional[TIntegerConstant]" has no attribute "get_text"  [union-attr]        
Libraries\PyKotor\src\pykotor\resource\formats\ncs\dencs\utils\node_utils.py:105: error: Item "None" of "Optional[TIntegerConstant]" has no attribute "get_text"  [union-attr]        
Libraries\PyKotor\src\pykotor\resource\formats\ncs\dencs\utils\node_utils.py:107: error: Item "None" of "Optional[TIntegerConstant]" has no attribute "get_text"  [union-attr]        
Libraries\PyKotor\src\pykotor\resource\formats\ncs\dencs\utils\node_utils.py:109: error: Item "None" of "Optional[TIntegerConstant]" has no attribute "get_text"  [union-attr]        
Libraries\PyKotor\src\pykotor\resource\formats\ncs\dencs\utils\node_utils.py:117: error: Item "None" of "Optional[TIntegerConstant]" has no attribute "get_text"  [union-attr]        
Libraries\PyKotor\src\pykotor\resource\formats\ncs\dencs\utils\node_utils.py:119: error: Item "None" of "Optional[TIntegerConstant]" has no attribute "get_text"  [union-attr]        
Libraries\PyKotor\src\pykotor\resource\formats\ncs\dencs\utils\node_utils.py:121: error: Item "None" of "Optional[TIntegerConstant]" has no attribute "get_text"  [union-attr]        
Libraries\PyKotor\src\pykotor\resource\formats\ncs\dencs\utils\node_utils.py:123: error: Item "None" of "Optional[TIntegerConstant]" has no attribute "get_text"  [union-attr]        
Libraries\PyKotor\src\pykotor\resource\formats\ncs\dencs\utils\node_utils.py:132: error: Item "None" of "Optional[TIntegerConstant]" has no attribute "get_text"  [union-attr]        
Libraries\PyKotor\src\pykotor\resource\formats\ncs\dencs\utils\node_utils.py:134: error: Item "None" of "Optional[TIntegerConstant]" has no attribute "get_text"  [union-attr]        
Libraries\PyKotor\src\pykotor\resource\formats\ncs\dencs\utils\node_utils.py:136: error: Item "None" of "Optional[TIntegerConstant]" has no attribute "get_text"  [union-attr]        
Libraries\PyKotor\src\pykotor\resource\formats\ncs\dencs\utils\node_utils.py:234: error: Incompatible types in assignment (expression has type "PBinaryOp", variable has type "PUnaryOp")  [assignment]
Libraries\PyKotor\src\pykotor\resource\formats\ncs\dencs\utils\node_utils.py:265: error: Incompatible types in assignment (expression has type "PLogiiOp", variable has type "PUnaryOp")  [assignment]
Libraries\PyKotor\src\pykotor\resource\formats\ncs\dencs\utils\node_utils.py:278: error: Incompatible types in assignment (expression has type "Optional[PStackOp]", variable has type
 "PUnaryOp")  [assignment]
Libraries\PyKotor\src\pykotor\resource\formats\ncs\dencs\utils\node_utils.py:329: error: Item "None" of "Optional[TIntegerConstant]" has no attribute "get_text"  [union-attr]        
Libraries\PyKotor\src\pykotor\resource\formats\ncs\dencs\utils\node_utils.py:332: error: Item "None" of "Optional[TFloatConstant]" has no attribute "get_text"  [union-attr]
Libraries\PyKotor\src\pykotor\resource\formats\ncs\dencs\utils\node_utils.py:335: error: Item "None" of "Optional[TStringLiteral]" has no attribute "get_text"  [union-attr]
Libraries\PyKotor\src\pykotor\resource\formats\ncs\dencs\utils\node_utils.py:338: error: Item "None" of "Optional[TIntegerConstant]" has no attribute "get_text"  [union-attr]        
Libraries\PyKotor\src\pykotor\resource\formats\ncs\dencs\utils\node_utils.py:350: error: Item "None" of "Optional[TIntegerConstant]" has no attribute "get_text"  [union-attr]        
Libraries\PyKotor\src\pykotor\resource\formats\ncs\dencs\utils\node_utils.py:357: error: Item "None" of "Optional[TIntegerConstant]" has no attribute "get_text"  [union-attr]        
Libraries\PyKotor\src\pykotor\resource\formats\ncs\dencs\utils\node_utils.py:365: error: Returning Any from function declared to return "list[Any]"  [no-any-return]
Libraries\PyKotor\src\pykotor\resource\formats\ncs\dencs\utils\node_utils.py:384: error: Returning Any from function declared to return "int"  [no-any-return]
Libraries\PyKotor\src\pykotor\resource\formats\ncs\dencs\utils\node_utils.py:413: error: Argument 1 to "get_command_child" of "NodeUtils" has incompatible type "Optional[PCommandBlock]"; expected "Node"  [arg-type]
Libraries\PyKotor\src\pykotor\resource\formats\ncs\dencs\utils\node_utils.py:419: error: "AAddVarCmd" has no attribute "get_rsadd_command"; maybe "get_rsaddCommand", "set_rsaddCommand", or "_rsaddCommand"?  [attr-defined]
Libraries\PyKotor\src\pykotor\resource\formats\ncs\dencs\utils\node_utils.py:421: error: "AActionJumpCmd" has no attribute "get_store_state_command"; maybe "get_storeStateCommand", "set_storeStateCommand", or "_storeStateCommand"?  [attr-defined]
Libraries\PyKotor\src\pykotor\resource\formats\ncs\dencs\utils\node_utils.py:423: error: Argument 1 to "get_command_child" of "NodeUtils" has incompatible type "Optional[PConstCommand]"; expected "Node"  [arg-type]
Libraries\PyKotor\src\pykotor\resource\formats\ncs\dencs\utils\node_utils.py:425: error: Argument 1 to "get_command_child" of "NodeUtils" has incompatible type "Optional[PCopyDownSpCommand]"; expected "Node"  [arg-type]
Libraries\PyKotor\src\pykotor\resource\formats\ncs\dencs\utils\node_utils.py:427: error: Argument 1 to "get_command_child" of "NodeUtils" has incompatible type "Optional[PCopyTopSpCommand]"; expected "Node"  [arg-type]
Libraries\PyKotor\src\pykotor\resource\formats\ncs\dencs\utils\node_utils.py:429: error: Argument 1 to "get_command_child" of "NodeUtils" has incompatible type "Optional[PCopyDownBpCommand]"; expected "Node"  [arg-type]
Libraries\PyKotor\src\pykotor\resource\formats\ncs\dencs\utils\node_utils.py:431: error: Argument 1 to "get_command_child" of "NodeUtils" has incompatible type "Optional[PCopyTopBpCommand]"; expected "Node"  [arg-type]
Libraries\PyKotor\src\pykotor\resource\formats\ncs\dencs\utils\node_utils.py:433: error: Argument 1 to "get_command_child" of "NodeUtils" has incompatible type "Optional[PConditionalJumpCommand]"; expected "Node"  [arg-type]
Libraries\PyKotor\src\pykotor\resource\formats\ncs\dencs\utils\node_utils.py:435: error: Argument 1 to "get_command_child" of "NodeUtils" has incompatible type "Optional[PJumpCommand]"; expected "Node"  [arg-type]
Libraries\PyKotor\src\pykotor\resource\formats\ncs\dencs\utils\node_utils.py:437: error: Argument 1 to "get_command_child" of "NodeUtils" has incompatible type "Optional[PJumpToSubroutine]"; expected "Node"  [arg-type]
Libraries\PyKotor\src\pykotor\resource\formats\ncs\dencs\utils\node_utils.py:439: error: Argument 1 to "get_command_child" of "NodeUtils" has incompatible type "Optional[PMoveSpCommand]"; expected "Node"  [arg-type]
Libraries\PyKotor\src\pykotor\resource\formats\ncs\dencs\utils\node_utils.py:441: error: Argument 1 to "get_command_child" of "NodeUtils" has incompatible type "Optional[PLogiiCommand]"; expected "Node"  [arg-type]
Libraries\PyKotor\src\pykotor\resource\formats\ncs\dencs\utils\node_utils.py:443: error: Argument 1 to "get_command_child" of "NodeUtils" has incompatible type "Optional[PUnaryCommand]"; expected "Node"  [arg-type]
Libraries\PyKotor\src\pykotor\resource\formats\ncs\dencs\utils\node_utils.py:445: error: Argument 1 to "get_command_child" of "NodeUtils" has incompatible type "Optional[PBinaryCommand]"; expected "Node"  [arg-type]
Libraries\PyKotor\src\pykotor\resource\formats\ncs\dencs\utils\node_utils.py:447: error: Argument 1 to "get_command_child" of "NodeUtils" has incompatible type "Optional[PDestructCommand]"; expected "Node"  [arg-type]
Libraries\PyKotor\src\pykotor\resource\formats\ncs\dencs\utils\node_utils.py:449: error: Argument 1 to "get_command_child" of "NodeUtils" has incompatible type "Optional[PBpCommand]"; expected "Node"  [arg-type]
Libraries\PyKotor\src\pykotor\resource\formats\ncs\dencs\utils\node_utils.py:451: error: Argument 1 to "get_command_child" of "NodeUtils" has incompatible type "Optional[PActionCommand]"; expected "Node"  [arg-type]
Libraries\PyKotor\src\pykotor\resource\formats\ncs\dencs\utils\node_utils.py:453: error: "AStackOpCmd" has no attribute "get_stack_command"; maybe "get_stackCommand", "set_stackCommand", or "_stackCommand"?  [attr-defined]
Libraries\PyKotor\src\pykotor\resource\formats\ncs\dencs\utils\node_utils.py:455: error: Argument 1 to "get_command_child" of "NodeUtils" has incompatible type "Optional[PReturn]"; expected "Node"  [arg-type]
Libraries\PyKotor\src\pykotor\resource\formats\ncs\dencs\utils\node_utils.py:457: error: Argument 1 to "get_command_child" of "NodeUtils" has incompatible type "Optional[PStoreStateCommand]"; expected "Node"  [arg-type]
Libraries\PyKotor\src\pykotor\resource\formats\ncs\dencs\utils\node_utils.py:465: error: Item "Node" of "Optional[Node]" has no attribute "get_command_block"  [union-attr]
Libraries\PyKotor\src\pykotor\resource\formats\ncs\dencs\utils\node_utils.py:465: error: Item "None" of "Optional[Node]" has no attribute "get_command_block"  [union-attr]
Libraries\PyKotor\src\pykotor\resource\formats\ncs\dencs\utils\node_utils.py:528: error: Item "None" of "Optional[TIntegerConstant]" has no attribute "get_text"  [union-attr]        
Libraries\PyKotor\src\pykotor\resource\formats\ncs\dencs\utils\node_utils.py:530: error: Item "None" of "Optional[TIntegerConstant]" has no attribute "get_text"  [union-attr]        
Libraries\PyKotor\src\pykotor\resource\formats\ncs\dencs\utils\node_utils.py:532: error: Item "None" of "Optional[TIntegerConstant]" has no attribute "get_text"  [union-attr]        
Libraries\PyKotor\src\pykotor\resource\formats\ncs\dencs\utils\node_utils.py:534: error: Item "None" of "Optional[TIntegerConstant]" has no attribute "get_text"  [union-attr]        
Libraries\PyKotor\src\pykotor\resource\formats\ncs\dencs\utils\node_utils.py:536: error: Item "None" of "Optional[TIntegerConstant]" has no attribute "get_text"  [union-attr]        
Libraries\PyKotor\src\pykotor\resource\formats\ncs\dencs\utils\node_utils.py:538: error: Item "None" of "Optional[TIntegerConstant]" has no attribute "get_text"  [union-attr]        
Libraries\PyKotor\src\pykotor\resource\formats\ncs\dencs\utils\node_utils.py:540: error: Item "None" of "Optional[TIntegerConstant]" has no attribute "get_text"  [union-attr]        
Libraries\PyKotor\src\pykotor\resource\formats\ncs\dencs\utils\node_utils.py:542: error: Item "None" of "Optional[TIntegerConstant]" has no attribute "get_text"  [union-attr]        
Libraries\PyKotor\src\pykotor\resource\formats\ncs\dencs\utils\node_utils.py:544: error: Item "None" of "Optional[TIntegerConstant]" has no attribute "get_text"  [union-attr]        
Libraries\PyKotor\src\pykotor\resource\formats\ncs\dencs\utils\node_utils.py:546: error: Item "None" of "Optional[TIntegerConstant]" has no attribute "get_text"  [union-attr]        
Libraries\PyKotor\src\pykotor\resource\formats\ncs\dencs\utils\node_utils.py:548: error: Item "None" of "Optional[TIntegerConstant]" has no attribute "get_text"  [union-attr]        
Libraries\PyKotor\src\pykotor\resource\formats\ncs\dencs\utils\node_utils.py:550: error: Item "None" of "Optional[TIntegerConstant]" has no attribute "get_text"  [union-attr]        
Libraries\PyKotor\src\pykotor\resource\formats\ncs\dencs\utils\node_utils.py:558: error: Item "None" of "Optional[TIntegerConstant]" has no attribute "get_text"  [union-attr]        
Libraries\PyKotor\src\pykotor\resource\formats\ncs\dencs\utils\node_utils.py:560: error: Item "None" of "Optional[TIntegerConstant]" has no attribute "get_text"  [union-attr]        
Libraries\PyKotor\src\pykotor\resource\formats\ncs\dencs\utils\node_utils.py:562: error: Item "None" of "Optional[TIntegerConstant]" has no attribute "get_text"  [union-attr]        
Libraries\PyKotor\src\pykotor\resource\formats\ncs\dencs\utils\node_utils.py:566: error: Incompatible default for argument "actions" (default has type "None", argument has type "ActionsData")  [assignment]
Libraries\PyKotor\src\pykotor\resource\formats\ncs\dencs\utils\node_utils.py:566: note: PEP 484 prohibits implicit Optional. Accordingly, mypy has changed its default to no_implicit_optional=True
Libraries\PyKotor\src\pykotor\resource\formats\ncs\dencs\utils\node_utils.py:566: note: Use https://github.com/hauntsaninja/no_implicit_optional to automatically upgrade your codebase
Libraries\PyKotor\src\pykotor\resource\formats\ncs\dencs\utils\node_utils.py:571: error: Returning Any from function declared to return "Type"  [no-any-return]
Libraries\PyKotor\src\pykotor\resource\formats\ncs\dencs\utils\node_utils.py:593: error: Item "PProgram" of "Optional[PProgram]" has no attribute "get_conditional"  [union-attr]     
Libraries\PyKotor\src\pykotor\resource\formats\ncs\dencs\utils\node_utils.py:593: error: Item "None" of "Optional[PProgram]" has no attribute "get_conditional"  [union-attr]
Libraries\PyKotor\src\pykotor\resource\formats\ncs\dencs\utils\flatten_sub.py:40: error: Incompatible types in assignment (expression has type "None", variable has type "NodeAnalysisData")  [assignment]
Libraries\PyKotor\src\pykotor\resource\formats\ncs\dencs\utils\flatten_sub.py:43: error: Attribute "sub" already defined on line 38  [no-redef]
Libraries\PyKotor\src\pykotor\resource\formats\ncs\dencs\utils\flatten_sub.py:59: error: "AActionJumpCmd" has no attribute "get_store_state_command"; maybe "get_storeStateCommand", "set_storeStateCommand", or "_storeStateCommand"?  [attr-defined]
Libraries\PyKotor\src\pykotor\resource\formats\ncs\dencs\utils\flatten_sub.py:60: error: "AActionJumpCmd" has no attribute "get_jump_command"; maybe "get_jumpCommand", "set_jumpCommand", or "_jumpCommand"?  [attr-defined]
Libraries\PyKotor\src\pykotor\resource\formats\ncs\dencs\utils\flatten_sub.py:61: error: "AActionJumpCmd" has no attribute "get_command_block"; maybe "get_commandBlock", "set_commandBlock", or "_commandBlock"?  [attr-defined]
Libraries\PyKotor\src\pykotor\resource\formats\ncs\dencs\utils\flatten_sub.py:62: error: Incompatible types in assignment (expression has type "Optional[PReturn]", variable has type "AReturn")  [assignment]
Libraries\PyKotor\src\pykotor\resource\formats\ncs\dencs\utils\flatten_sub.py:63: error: Too many arguments for "AStoreStateCmd"  [call-arg]
Libraries\PyKotor\src\pykotor\resource\formats\ncs\dencs\utils\flatten_sub.py:64: error: Too many arguments for "AJumpCmd"  [call-arg]
Libraries\PyKotor\src\pykotor\resource\formats\ncs\dencs\utils\flatten_sub.py:65: error: Too many arguments for "AReturnCmd"  [call-arg]
Libraries\PyKotor\src\pykotor\resource\formats\ncs\dencs\utils\flatten_sub.py:70: error: Unsupported target for indexed assignment ("Optional[Any]")  [index]
Libraries\PyKotor\src\pykotor\resource\formats\ncs\dencs\utils\flatten_sub.py:72: error: Item "None" of "Optional[Any]" has no attribute "insert"  [union-attr]
Libraries\PyKotor\src\pykotor\resource\formats\ncs\dencs\utils\flatten_sub.py:76: error: Item "None" of "Optional[Any]" has no attribute "insert"  [union-attr]
Libraries\PyKotor\src\pykotor\resource\formats\ncs\dencs\utils\flatten_sub.py:78: error: Item "None" of "Optional[Any]" has no attribute "insert"  [union-attr]
Libraries\PyKotor\src\pykotor\resource\formats\ncs\dencs\utils\set_positions.py:25: error: Incompatible types in assignment (expression has type "None", variable has type "NodeAnalysisData")  [assignment]
Libraries\PyKotor\src\pykotor\resource\formats\ncs\dencs\scriptnode\a_return_statement.py:18: error: Cannot assign to a method  [method-assign]
Libraries\PyKotor\src\pykotor\resource\formats\ncs\dencs\scriptnode\a_return_statement.py:18: error: Incompatible types in assignment (expression has type "AExpression", variable has type "Callable[[AExpression], Any]")  [assignment]
Libraries\PyKotor\src\pykotor\resource\formats\ncs\dencs\scriptnode\a_return_statement.py:21: error: Incompatible return value type (got "Callable[[AExpression], Any]", expected "Optional[AExpression]")  [return-value]
Libraries\PyKotor\src\pykotor\resource\formats\ncs\dencs\scriptnode\a_return_statement.py:32: error: Cannot assign to a method  [method-assign]
Libraries\PyKotor\src\pykotor\resource\formats\ncs\dencs\scriptnode\a_return_statement.py:32: error: Incompatible types in assignment (expression has type "None", variable has type "Callable[[AExpression], Any]")  [assignment]
Libraries\PyKotor\src\pykotor\resource\formats\ncs\dencs\scriptnode\a_switch_case.py:18: error: Signature of "end" incompatible with supertype "ScriptRootNode"  [override]
Libraries\PyKotor\src\pykotor\resource\formats\ncs\dencs\scriptnode\a_switch_case.py:18: note:      Superclass:
Libraries\PyKotor\src\pykotor\resource\formats\ncs\dencs\scriptnode\a_switch_case.py:18: note:          int
Libraries\PyKotor\src\pykotor\resource\formats\ncs\dencs\scriptnode\a_switch_case.py:18: note:      Subclass:
Libraries\PyKotor\src\pykotor\resource\formats\ncs\dencs\scriptnode\a_switch_case.py:18: note:          def end(self, end: int) -> Any
Libraries\PyKotor\src\pykotor\resource\formats\ncs\dencs\scriptnode\a_switch_case.py:19: error: Cannot assign to a method  [method-assign]
Libraries\PyKotor\src\pykotor\resource\formats\ncs\dencs\scriptnode\a_switch_case.py:19: error: Incompatible types in assignment (expression has type "int", variable has type "Callable[[int], Any]")  [assignment]
Libraries\PyKotor\src\pykotor\resource\formats\ncs\dencs\scriptnode\a_switch_case.py:53: error: Incompatible types in assignment (expression has type "None", variable has type "AConst")  [assignment]
Libraries\PyKotor\src\pykotor\resource\formats\ncs\dencs\scriptnode\a_control_loop.py:15: error: Signature of "end" incompatible with supertype "ScriptRootNode"  [override]
Libraries\PyKotor\src\pykotor\resource\formats\ncs\dencs\scriptnode\a_control_loop.py:15: note:      Superclass:
Libraries\PyKotor\src\pykotor\resource\formats\ncs\dencs\scriptnode\a_control_loop.py:15: note:          int
Libraries\PyKotor\src\pykotor\resource\formats\ncs\dencs\scriptnode\a_control_loop.py:15: note:      Subclass:
Libraries\PyKotor\src\pykotor\resource\formats\ncs\dencs\scriptnode\a_control_loop.py:15: note:          def end(self, end: int) -> Any
Libraries\PyKotor\src\pykotor\resource\formats\ncs\dencs\scriptnode\a_control_loop.py:16: error: Cannot assign to a method  [method-assign]
Libraries\PyKotor\src\pykotor\resource\formats\ncs\dencs\scriptnode\a_control_loop.py:16: error: Incompatible types in assignment (expression has type "int", variable has type "Callable[[int], Any]")  [assignment]
Libraries\PyKotor\src\pykotor\resource\formats\ncs\dencs\stack\stack_entry.py:17: error: Incompatible return value type (got "Optional[Type]", expected "Type")  [return-value]       
Libraries\PyKotor\src\pykotor\resource\formats\ncs\dencs\stack\local_type_stack.py:24: error: Returning Any from function declared to return "Type"  [no-any-return]
Libraries\PyKotor\src\pykotor\resource\formats\ncs\dencs\stack\local_type_stack.py:26: error: Returning Any from function declared to return "Type"  [no-any-return]
Libraries\PyKotor\src\pykotor\resource\formats\ncs\dencs\stack\local_type_stack.py:47: error: Need type annotation for "params" (hint: "params: list[<type>] = ...")  [var-annotated] 
Libraries\PyKotor\src\pykotor\resource\formats\ncs\dencs\scriptnode\a_var_decl.py:60: error: Incompatible types in assignment (expression has type "None", variable has type "Variable")  [assignment]
Libraries\PyKotor\src\pykotor\resource\formats\ncs\dencs\scriptnode\a_switch.py:23: error: Name "switch_exp" already defined on line 19  [no-redef]
Libraries\PyKotor\src\pykotor\resource\formats\ncs\dencs\scriptnode\a_switch.py:33: error: Name "end" already defined on line 26  [no-redef]
Libraries\PyKotor\src\pykotor\resource\formats\ncs\dencs\scriptnode\a_switch.py:89: error: Incompatible types in assignment (expression has type "None", variable has type "list[ASwitchCase]")  [assignment]
Libraries\PyKotor\src\pykotor\resource\formats\ncs\dencs\scriptnode\a_switch.py:95: error: Incompatible types in assignment (expression has type "None", variable has type "AExpression")  [assignment]
Libraries\PyKotor\src\pykotor\resource\formats\ncs\dencs\scriptnode\a_expression_statement.py:14: error: Cannot assign to a method  [method-assign]
Libraries\PyKotor\src\pykotor\resource\formats\ncs\dencs\scriptnode\a_expression_statement.py:14: error: Incompatible types in assignment (expression has type "AExpression", variable has type "Callable[[], AExpression]")  [assignment]
Libraries\PyKotor\src\pykotor\resource\formats\ncs\dencs\scriptnode\a_expression_statement.py:17: error: Incompatible return value type (got "Callable[[], AExpression]", expected "AExpression")  [return-value]
Libraries\PyKotor\src\pykotor\resource\formats\ncs\dencs\scriptnode\a_expression_statement.py:22: error: Signature of "parent" incompatible with supertype "pykotor.resource.formats.ncs.dencs.scriptnode.script_node.ScriptNode"  [override]
Libraries\PyKotor\src\pykotor\resource\formats\ncs\dencs\scriptnode\a_expression_statement.py:22: note:      Superclass:
Libraries\PyKotor\src\pykotor\resource\formats\ncs\dencs\scriptnode\a_expression_statement.py:22: note:          def parent(self, parent: Optional[ScriptNode] = ...) -> Optional[ScriptNode]
Libraries\PyKotor\src\pykotor\resource\formats\ncs\dencs\scriptnode\a_expression_statement.py:22: note:      Subclass:
Libraries\PyKotor\src\pykotor\resource\formats\ncs\dencs\scriptnode\a_expression_statement.py:22: note:          def parent(self, parent: Optional[ScriptNode]) -> Any
Libraries\PyKotor\src\pykotor\resource\formats\ncs\dencs\scriptnode\a_expression_statement.py:30: error: Cannot assign to a method  [method-assign]
Libraries\PyKotor\src\pykotor\resource\formats\ncs\dencs\scriptnode\a_expression_statement.py:30: error: Incompatible types in assignment (expression has type "None", variable has type "Callable[[], AExpression]")  [assignment]
Libraries\PyKotor\src\pykotor\resource\formats\ncs\dencs\scriptnode\a_sub.py:29: error: Incompatible types in assignment (expression has type "None", variable has type "list[AVarRef]")  [assignment]
Libraries\PyKotor\src\pykotor\resource\formats\ncs\dencs\scriptnode\a_sub.py:91: error: Incompatible types in assignment (expression has type "None", variable has type "list[AVarRef]")  [assignment]
Libraries\PyKotor\src\pykotor\resource\formats\ncs\dencs\scriptnode\a_sub.py:94: error: Incompatible types in assignment (expression has type "None", variable has type "Type")  [assignment]
Libraries\PyKotor\src\pykotor\resource\formats\ncs\dencs\scriptnode\a_vector_const_exp.py:42: error: Return type "Optional[StackEntry]" of "stackentry" incompatible with return type "StackEntry" in supertype "pykotor.resource.formats.ncs.dencs.scriptnode.a_expression.AExpression"  [override]
Libraries\PyKotor\src\pykotor\resource\formats\ncs\dencs\scriptnode\a_vector_const_exp.py:52: error: Incompatible types in assignment (expression has type "None", variable has type "AExpression")  [assignment]
Libraries\PyKotor\src\pykotor\resource\formats\ncs\dencs\scriptnode\a_vector_const_exp.py:55: error: Incompatible types in assignment (expression has type "None", variable has type "AExpression")  [assignment]
Libraries\PyKotor\src\pykotor\resource\formats\ncs\dencs\scriptnode\a_vector_const_exp.py:58: error: Incompatible types in assignment (expression has type "None", variable has type "AExpression")  [assignment]
Libraries\PyKotor\src\pykotor\resource\formats\ncs\dencs\scriptnode\a_action_arg_exp.py:20: error: Return type "Optional[StackEntry]" of "stackentry" incompatible with return type "StackEntry" in supertype "pykotor.resource.formats.ncs.dencs.scriptnode.a_expression.AExpression"  [override]
Libraries\PyKotor\src\pykotor\resource\formats\ncs\dencs\scriptnode\a_fcn_call_exp.py:35: error: Incompatible return value type (got "Optional[StackEntry]", expected "StackEntry")  [return-value]
Libraries\PyKotor\src\pykotor\resource\formats\ncs\dencs\scriptnode\a_fcn_call_exp.py:45: error: Incompatible types in assignment (expression has type "None", variable has type "list[AExpression]")  [assignment]
Libraries\PyKotor\src\pykotor\resource\formats\ncs\dencs\scriptnode\a_unary_mod_exp.py:33: error: Incompatible return value type (got "Optional[StackEntry]", expected "StackEntry")  [return-value]
Libraries\PyKotor\src\pykotor\resource\formats\ncs\dencs\scriptnode\a_unary_mod_exp.py:42: error: Incompatible types in assignment (expression has type "None", variable has type "AVarRef")  [assignment]
Libraries\PyKotor\src\pykotor\resource\formats\ncs\dencs\scriptnode\a_unary_exp.py:29: error: Incompatible return value type (got "Optional[StackEntry]", expected "StackEntry")  [return-value]
Libraries\PyKotor\src\pykotor\resource\formats\ncs\dencs\scriptnode\a_unary_exp.py:38: error: Incompatible types in assignment (expression has type "None", variable has type "AExpression")  [assignment]
Libraries\PyKotor\src\pykotor\resource\formats\ncs\dencs\scriptnode\a_conditional_exp.py:37: error: Incompatible return value type (got "Optional[StackEntry]", expected "StackEntry")
  [return-value]
Libraries\PyKotor\src\pykotor\resource\formats\ncs\dencs\scriptnode\a_conditional_exp.py:46: error: Incompatible types in assignment (expression has type "None", variable has type "AExpression")  [assignment]
Libraries\PyKotor\src\pykotor\resource\formats\ncs\dencs\scriptnode\a_conditional_exp.py:49: error: Incompatible types in assignment (expression has type "None", variable has type "AExpression")  [assignment]
Libraries\PyKotor\src\pykotor\resource\formats\ncs\dencs\scriptnode\a_binary_exp.py:37: error: Incompatible return value type (got "Optional[StackEntry]", expected "StackEntry")  [return-value]
Libraries\PyKotor\src\pykotor\resource\formats\ncs\dencs\scriptnode\a_binary_exp.py:46: error: Incompatible types in assignment (expression has type "None", variable has type "AExpression")  [assignment]
Libraries\PyKotor\src\pykotor\resource\formats\ncs\dencs\scriptnode\a_binary_exp.py:49: error: Incompatible types in assignment (expression has type "None", variable has type "AExpression")  [assignment]
Libraries\PyKotor\src\pykotor\resource\formats\ncs\dencs\scriptnode\a_action_exp.py:42: error: Incompatible return value type (got "Optional[StackEntry]", expected "StackEntry")  [return-value]
Libraries\PyKotor\src\pykotor\resource\formats\ncs\dencs\scriptnode\a_action_exp.py:55: error: Incompatible types in assignment (expression has type "None", variable has type "list[AExpression]")  [assignment]
Libraries\PyKotor\src\pykotor\resource\formats\ncs\dencs\scriptnode\a_const.py:28: error: Incompatible types in assignment (expression has type "None", variable has type "Const")  [assignment]
Libraries\PyKotor\src\pykotor\resource\formats\ncs\dencs\stack\variable.py:34: error: Incompatible types in assignment (expression has type "None", variable has type "dict[LocalStack, int]")  [assignment]
Libraries\PyKotor\src\pykotor\resource\formats\ncs\dencs\stack\variable.py:38: error: Incompatible types in assignment (expression has type "None", variable has type "dict[LocalStack, int]")  [assignment]
Libraries\PyKotor\src\pykotor\resource\formats\ncs\dencs\scriptnode\a_modify_exp.py:45: error: Incompatible types in assignment (expression has type "None", variable has type "AExpression")  [assignment]
Libraries\PyKotor\src\pykotor\resource\formats\ncs\dencs\scriptnode\a_modify_exp.py:48: error: Incompatible types in assignment (expression has type "None", variable has type "AVarRef")  [assignment]
Libraries\PyKotor\src\pykotor\resource\formats\ncs\dencs\stack\var_struct.py:35: error: Incompatible types in assignment (expression has type "None", variable has type "list[Variable]")  [assignment]
Libraries\PyKotor\src\pykotor\resource\formats\ncs\dencs\stack\var_struct.py:38: error: Incompatible types in assignment (expression has type "None", variable has type "StructType") 
 [assignment]
Libraries\PyKotor\src\pykotor\resource\formats\ncs\dencs\stack\var_struct.py:52: error: Signature of "set_name" incompatible with supertype "pykotor.resource.formats.ncs.dencs.stack.variable.Variable"  [override]
Libraries\PyKotor\src\pykotor\resource\formats\ncs\dencs\stack\var_struct.py:52: note:      Superclass:
Libraries\PyKotor\src\pykotor\resource\formats\ncs\dencs\stack\var_struct.py:52: note:          def set_name(self, name: str) -> Any
Libraries\PyKotor\src\pykotor\resource\formats\ncs\dencs\stack\var_struct.py:52: note:      Subclass:
Libraries\PyKotor\src\pykotor\resource\formats\ncs\dencs\stack\var_struct.py:52: note:          def set_name(self, prefix: str, count: int) -> Any
Libraries\PyKotor\src\pykotor\resource\formats\ncs\dencs\stack\var_struct.py:56: error: Incompatible return value type (got "Optional[str]", expected "str")  [return-value]
Libraries\PyKotor\src\pykotor\resource\formats\ncs\dencs\stack\var_struct.py:65: error: Incompatible return value type (got "Optional[str]", expected "str")  [return-value]
Libraries\PyKotor\src\pykotor\resource\formats\ncs\dencs\stack\var_struct.py:83: error: Name "LocalStack" is not defined  [name-defined]
Libraries\PyKotor\src\pykotor\resource\formats\ncs\dencs\stack\var_struct.py:120: error: Incompatible return value type (got "Variable", expected "VarStruct")  [return-value]        
Libraries\PyKotor\src\pykotor\resource\formats\ncs\dencs\stack\var_struct.py:122: error: Returning Any from function declared to return "VarStruct"  [no-any-return]
Libraries\PyKotor\src\pykotor\resource\formats\ncs\dencs\stack\var_struct.py:122: error: "Variable" has no attribute "structify"  [attr-defined]
Libraries\PyKotor\src\pykotor\resource\formats\ncs\dencs\stack\var_struct.py:123: error: Incompatible return value type (got "None", expected "VarStruct")  [return-value]
Libraries\PyKotor\src\pykotor\resource\formats\ncs\dencs\scriptnode\a_var_ref.py:29: error: Incompatible types in assignment (expression has type "Variable", variable has type "VarStruct")  [assignment]
Libraries\PyKotor\src\pykotor\resource\formats\ncs\dencs\scriptnode\a_var_ref.py:34: error: Incompatible types in assignment (expression has type "Variable", variable has type "VarStruct")  [assignment]
Libraries\PyKotor\src\pykotor\resource\formats\ncs\dencs\scriptnode\a_var_ref.py:51: error: Incompatible types in assignment (expression has type "None", variable has type "VarStruct")  [assignment]
Libraries\PyKotor\src\pykotor\resource\formats\ncs\dencs\utils\subroutine_state.py:25: error: Attribute "decision" already defined on line 23  [no-redef]
Libraries\PyKotor\src\pykotor\resource\formats\ncs\dencs\utils\subroutine_state.py:39: error: Incompatible types in assignment (expression has type "None", variable has type "Node") 
 [assignment]
Libraries\PyKotor\src\pykotor\resource\formats\ncs\dencs\utils\subroutine_state.py:55: error: Incompatible types in assignment (expression has type "None", variable has type "Node") 
 [assignment]
Libraries\PyKotor\src\pykotor\resource\formats\ncs\dencs\utils\subroutine_state.py:56: error: Incompatible types in assignment (expression has type "None", variable has type "NodeAnalysisData")  [assignment]
Libraries\PyKotor\src\pykotor\resource\formats\ncs\dencs\utils\subroutine_state.py:57: error: Incompatible types in assignment (expression has type "None", variable has type "list[DecisionData]")  [assignment]
Libraries\PyKotor\src\pykotor\resource\formats\ncs\dencs\utils\subroutine_state.py:63: error: Incompatible types in assignment (expression has type "None", variable has type "list[DecisionData]")  [assignment]
Libraries\PyKotor\src\pykotor\resource\formats\ncs\dencs\utils\subroutine_state.py:64: error: Incompatible types in assignment (expression has type "None", variable has type "list[Type]")  [assignment]
Libraries\PyKotor\src\pykotor\resource\formats\ncs\dencs\utils\subroutine_state.py:65: error: Incompatible types in assignment (expression has type "None", variable has type "Node") 
 [assignment]
Libraries\PyKotor\src\pykotor\resource\formats\ncs\dencs\utils\subroutine_state.py:66: error: Incompatible types in assignment (expression has type "None", variable has type "NodeAnalysisData")  [assignment]
Libraries\PyKotor\src\pykotor\resource\formats\ncs\dencs\utils\subroutine_state.py:69: error: Incompatible types in assignment (expression has type "None", variable has type "Type") 
 [assignment]
Libraries\PyKotor\src\pykotor\resource\formats\ncs\dencs\utils\subroutine_state.py:118: error: Incompatible types in assignment (expression has type "None", variable has type "list[DecisionData]")  [assignment]
Libraries\PyKotor\src\pykotor\resource\formats\ncs\dencs\utils\subroutine_state.py:216: error: Incompatible types in assignment (expression has type "Variable", variable has type "VarStruct")  [assignment]
Libraries\PyKotor\src\pykotor\resource\formats\ncs\dencs\stack\local_var_stack.py:29: error: Incompatible types in assignment (expression has type "None", variable has type "list[Any]")  [assignment]
Libraries\PyKotor\src\pykotor\resource\formats\ncs\dencs\stack\local_var_stack.py:35: error: Incompatible types in assignment (expression has type "None", variable has type "list[Any]")  [assignment]
Libraries\PyKotor\src\pykotor\resource\formats\ncs\dencs\stack\local_var_stack.py:52: error: Returning Any from function declared to return "StackEntry"  [no-any-return]
Libraries\PyKotor\src\pykotor\resource\formats\ncs\dencs\stack\local_var_stack.py:54: error: Returning Any from function declared to return "StackEntry"  [no-any-return]
Libraries\PyKotor\src\pykotor\resource\formats\ncs\dencs\stack\local_var_stack.py:65: error: Returning Any from function declared to return "StackEntry"  [no-any-return]
Libraries\PyKotor\src\pykotor\resource\formats\ncs\dencs\scriptutils\sub_script_state.py:57: error: Incompatible types in assignment (expression has type "StackEntry", variable has type "Variable")  [assignment]
Libraries\PyKotor\src\pykotor\resource\formats\ncs\dencs\scriptutils\sub_script_state.py:70: error: Incompatible types in assignment (expression has type "None", variable has type "NodeAnalysisData")  [assignment]
Libraries\PyKotor\src\pykotor\resource\formats\ncs\dencs\scriptutils\sub_script_state.py:71: error: Incompatible types in assignment (expression has type "None", variable has type "SubroutineAnalysisData")  [assignment]
Libraries\PyKotor\src\pykotor\resource\formats\ncs\dencs\scriptutils\sub_script_state.py:74: error: Incompatible types in assignment (expression has type "None", variable has type "LocalVarStack")  [assignment]
Libraries\PyKotor\src\pykotor\resource\formats\ncs\dencs\scriptutils\sub_script_state.py:83: error: Incompatible types in assignment (expression has type "None", variable has type "dict[Variable, object]")  [assignment]
Libraries\PyKotor\src\pykotor\resource\formats\ncs\dencs\scriptutils\sub_script_state.py:84: error: Incompatible types in assignment (expression has type "None", variable has type "dict[Variable, int]")  [assignment]
Libraries\PyKotor\src\pykotor\resource\formats\ncs\dencs\scriptutils\sub_script_state.py:85: error: Incompatible types in assignment (expression has type "None", variable has type "dict[str, int]")  [assignment]
Libraries\PyKotor\src\pykotor\resource\formats\ncs\dencs\scriptutils\sub_script_state.py:88: error: Incompatible types in assignment (expression has type "None", variable has type "ScriptRootNode")  [assignment]
Libraries\PyKotor\src\pykotor\resource\formats\ncs\dencs\scriptutils\sub_script_state.py:89: error: Incompatible types in assignment (expression has type "None", variable has type "ASub")  [assignment]
Libraries\PyKotor\src\pykotor\resource\formats\ncs\dencs\scriptutils\sub_script_state.py:90: error: Incompatible types in assignment (expression has type "None", variable has type "NodeAnalysisData")  [assignment]
Libraries\PyKotor\src\pykotor\resource\formats\ncs\dencs\scriptutils\sub_script_state.py:91: error: Incompatible types in assignment (expression has type "None", variable has type "SubroutineAnalysisData")  [assignment]
Libraries\PyKotor\src\pykotor\resource\formats\ncs\dencs\scriptutils\sub_script_state.py:95: error: Incompatible types in assignment (expression has type "None", variable has type "LocalVarStack")  [assignment]
Libraries\PyKotor\src\pykotor\resource\formats\ncs\dencs\scriptutils\sub_script_state.py:116: error: Incompatible default for argument "ismain" (default has type "None", argument has type "bool")  [assignment]
Libraries\PyKotor\src\pykotor\resource\formats\ncs\dencs\scriptutils\sub_script_state.py:116: note: PEP 484 prohibits implicit Optional. Accordingly, mypy has changed its default to no_implicit_optional=True
Libraries\PyKotor\src\pykotor\resource\formats\ncs\dencs\scriptutils\sub_script_state.py:116: note: Use https://github.com/hauntsaninja/no_implicit_optional to automatically upgrade your codebase
Libraries\PyKotor\src\pykotor\resource\formats\ncs\dencs\scriptutils\sub_script_state.py:124: error: Incompatible types in assignment (expression has type "object", variable has type
 "AVarDecl")  [assignment]
Libraries\PyKotor\src\pykotor\resource\formats\ncs\dencs\scriptutils\sub_script_state.py:127: error: Incompatible types in assignment (expression has type "Optional[ScriptNode]", variable has type "ScriptRootNode")  [assignment]
Libraries\PyKotor\src\pykotor\resource\formats\ncs\dencs\scriptutils\sub_script_state.py:130: error: Argument 2 to "replace_child" of "ScriptRootNode" has incompatible type "AExpression"; expected "ScriptNode"  [arg-type]
Libraries\PyKotor\src\pykotor\resource\formats\ncs\dencs\scriptutils\sub_script_state.py:151: error: Incompatible types in assignment (expression has type "object", variable has type
 "AVarDecl")  [assignment]
Libraries\PyKotor\src\pykotor\resource\formats\ncs\dencs\scriptutils\sub_script_state.py:154: error: Incompatible types in assignment (expression has type "Optional[Node]", variable has type "Node")  [assignment]
Libraries\PyKotor\src\pykotor\resource\formats\ncs\dencs\scriptutils\sub_script_state.py:194: error: Incompatible types in assignment (expression has type "Optional[ScriptNode]", variable has type "ScriptNode")  [assignment]
Libraries\PyKotor\src\pykotor\resource\formats\ncs\dencs\scriptutils\sub_script_state.py:196: error: Incompatible types in assignment (expression has type "Optional[ASwitchCase]", variable has type "ScriptRootNode")  [assignment]
Libraries\PyKotor\src\pykotor\resource\formats\ncs\dencs\scriptutils\sub_script_state.py:212: error: Incompatible types in assignment (expression has type "Optional[ASwitchCase]", variable has type "ASwitchCase")  [assignment]
Libraries\PyKotor\src\pykotor\resource\formats\ncs\dencs\scriptutils\sub_script_state.py:225: error: Argument 1 to "get_pos" of "NodeAnalysisData" has incompatible type "Optional[Node]"; expected "Node"  [arg-type]
Libraries\PyKotor\src\pykotor\resource\formats\ncs\dencs\scriptutils\sub_script_state.py:261: error: Incompatible types in assignment (expression has type "StackEntry", variable has type "Const")  [assignment]
Libraries\PyKotor\src\pykotor\resource\formats\ncs\dencs\scriptutils\sub_script_state.py:287: error: Incompatible types in assignment (expression has type "StackEntry", variable has type "Variable")  [assignment]
Libraries\PyKotor\src\pykotor\resource\formats\ncs\dencs\scriptutils\sub_script_state.py:325: error: Argument 2 to "get_action_name" of "NodeUtils" has incompatible type "Optional[ActionsData]"; expected "ActionsData"  [arg-type]
Libraries\PyKotor\src\pykotor\resource\formats\ncs\dencs\scriptutils\sub_script_state.py:326: error: Argument 2 to "get_return_type" of "NodeUtils" has incompatible type "Optional[ActionsData]"; expected "ActionsData"  [arg-type]
Libraries\PyKotor\src\pykotor\resource\formats\ncs\dencs\scriptutils\sub_script_state.py:328: error: Incompatible types in assignment (expression has type "StackEntry", variable has type "Variable")  [assignment]
Libraries\PyKotor\src\pykotor\resource\formats\ncs\dencs\scriptutils\sub_script_state.py:330: error: Incompatible types in assignment (expression has type "Optional[VarStruct]", variable has type "Variable")  [assignment]
Libraries\PyKotor\src\pykotor\resource\formats\ncs\dencs\scriptutils\sub_script_state.py:354: error: Incompatible types in assignment (expression has type "AConditionalExp", variable has type "ABinaryExp")  [assignment]
Libraries\PyKotor\src\pykotor\resource\formats\ncs\dencs\scriptutils\sub_script_state.py:378: error: Item "ScriptNode" of "Optional[ScriptNode]" has no attribute "condition"  [union-attr]
Libraries\PyKotor\src\pykotor\resource\formats\ncs\dencs\scriptutils\sub_script_state.py:378: error: Item "None" of "Optional[ScriptNode]" has no attribute "condition"  [union-attr] 
Libraries\PyKotor\src\pykotor\resource\formats\ncs\dencs\scriptutils\sub_script_state.py:378: error: Argument 2 to "AConditionalExp" has incompatible type "Optional[AExpression]"; expected "AExpression"  [arg-type]
Libraries\PyKotor\src\pykotor\resource\formats\ncs\dencs\scriptutils\sub_script_state.py:380: error: Incompatible types in assignment (expression has type "Optional[ScriptNode]", variable has type "ScriptRootNode")  [assignment]
Libraries\PyKotor\src\pykotor\resource\formats\ncs\dencs\scriptutils\sub_script_state.py:381: error: "ScriptRootNode" has no attribute "condition"  [attr-defined]
Libraries\PyKotor\src\pykotor\resource\formats\ncs\dencs\scriptutils\sub_script_state.py:387: error: Argument 1 to "AConditionalExp" has incompatible type "Optional[AExpression]"; expected "AExpression"  [arg-type]
Libraries\PyKotor\src\pykotor\resource\formats\ncs\dencs\scriptutils\sub_script_state.py:392: error: Argument 1 to "AConditionalExp" has incompatible type "Optional[AExpression]"; expected "AExpression"  [arg-type]
Libraries\PyKotor\src\pykotor\resource\formats\ncs\dencs\scriptutils\sub_script_state.py:460: error: Argument 1 to "get_pos" of "NodeAnalysisData" has incompatible type "Optional[Node]"; expected "Node"  [arg-type]
Libraries\PyKotor\src\pykotor\resource\formats\ncs\dencs\scriptutils\sub_script_state.py:514: error: Argument 2 to "ASwitchCase" has incompatible type "AExpression"; expected "Optional[AConst]"  [arg-type]
Libraries\PyKotor\src\pykotor\resource\formats\ncs\dencs\scriptutils\sub_script_state.py:520: error: "Variable" has no attribute "equals"  [attr-defined]
Libraries\PyKotor\src\pykotor\resource\formats\ncs\dencs\scriptutils\sub_script_state.py:520: error: "AExpression" has no attribute "var"  [attr-defined]
Libraries\PyKotor\src\pykotor\resource\formats\ncs\dencs\scriptutils\sub_script_state.py:531: error: Incompatible types in assignment (expression has type "Optional[ScriptNode]", variable has type "Optional[ASwitch]")  [assignment]
Libraries\PyKotor\src\pykotor\resource\formats\ncs\dencs\scriptutils\sub_script_state.py:535: error: Argument 1 to "get_pos" of "NodeAnalysisData" has incompatible type "Optional[Node]"; expected "Node"  [arg-type]
Libraries\PyKotor\src\pykotor\resource\formats\ncs\dencs\scriptutils\sub_script_state.py:537: error: Argument 2 to "ASwitchCase" has incompatible type "AExpression"; expected "Optional[AConst]"  [arg-type]
Libraries\PyKotor\src\pykotor\resource\formats\ncs\dencs\scriptutils\sub_script_state.py:557: error: Name "_get_params" already defined on line 51  [no-redef]
Libraries\PyKotor\src\pykotor\resource\formats\ncs\dencs\scriptutils\sub_script_state.py:561: error: Incompatible types in assignment (expression has type "StackEntry", variable has type "Variable")  [assignment]
Libraries\PyKotor\src\pykotor\resource\formats\ncs\dencs\scriptutils\sub_script_state.py:576: error: "ScriptRootNode" has no attribute "set_parent"  [attr-defined]
Libraries\PyKotor\src\pykotor\resource\formats\ncs\dencs\scriptutils\sub_script_state.py:578: error: "AExpression" has no attribute "set_parent"  [attr-defined]
Libraries\PyKotor\src\pykotor\resource\formats\ncs\dencs\scriptutils\sub_script_state.py:588: error: Incompatible types in assignment (expression has type "Optional[ScriptNode]", variable has type "ScriptNode")  [assignment]
Libraries\PyKotor\src\pykotor\resource\formats\ncs\dencs\scriptutils\sub_script_state.py:618: error: Incompatible types in assignment (expression has type "Optional[ScriptNode]", variable has type "ScriptNode")  [assignment]
Libraries\PyKotor\src\pykotor\resource\formats\ncs\dencs\scriptutils\sub_script_state.py:630: error: Incompatible types in assignment (expression has type "Optional[Node]", variable has type "Node")  [assignment]
Libraries\PyKotor\src\pykotor\resource\formats\ncs\dencs\scriptutils\sub_script_state.py:644: error: Incompatible types in assignment (expression has type "Optional[ScriptNode]", variable has type "ScriptNode")  [assignment]
Libraries\PyKotor\src\pykotor\resource\formats\ncs\dencs\scriptutils\sub_script_state.py:655: error: Incompatible types in assignment (expression has type "Optional[ScriptNode]", variable has type "ScriptNode")  [assignment]
Libraries\PyKotor\src\pykotor\resource\formats\ncs\dencs\scriptutils\sub_script_state.py:666: error: Incompatible types in assignment (expression has type "Optional[ScriptNode]", variable has type "ScriptNode")  [assignment]
Libraries\PyKotor\src\pykotor\resource\formats\ncs\dencs\scriptutils\sub_script_state.py:684: error: Incompatible types in assignment (expression has type "Optional[Node]", variable has type "Node")  [assignment]
Libraries\PyKotor\src\pykotor\resource\formats\ncs\dencs\scriptutils\sub_script_state.py:692: error: Incompatible types in assignment (expression has type "Optional[ScriptNode]", variable has type "ScriptNode")  [assignment]
Libraries\PyKotor\src\pykotor\resource\formats\ncs\dencs\scriptutils\sub_script_state.py:696: error: "AExpression" has no attribute "expression"  [attr-defined]
Libraries\PyKotor\src\pykotor\resource\formats\ncs\dencs\scriptutils\sub_script_state.py:710: error: Missing positional argument "switchexp" in call to "switch_exp" of "ASwitch"  [call-arg]
Libraries\PyKotor\src\pykotor\resource\formats\ncs\dencs\scriptutils\sub_script_state.py:718: error: Incompatible types in assignment (expression has type "None", variable has type "ASwitchCase")  [assignment]
Libraries\PyKotor\src\pykotor\resource\formats\ncs\dencs\scriptutils\sub_script_state.py:744: error: No overload variant of "get" of "dict" matches argument types "Type", "int"  [call-overload]
Libraries\PyKotor\src\pykotor\resource\formats\ncs\dencs\scriptutils\sub_script_state.py:744: note: Possible overload variants:
Libraries\PyKotor\src\pykotor\resource\formats\ncs\dencs\scriptutils\sub_script_state.py:744: note:     def get(self, Variable, None = ..., /) -> Optional[int]
Libraries\PyKotor\src\pykotor\resource\formats\ncs\dencs\scriptutils\sub_script_state.py:744: note:     def get(self, Variable, int, /) -> int
Libraries\PyKotor\src\pykotor\resource\formats\ncs\dencs\scriptutils\sub_script_state.py:744: note:     def [_T] get(self, Variable, _T, /) -> Union[int, _T]
Libraries\PyKotor\src\pykotor\resource\formats\ncs\dencs\scriptutils\sub_script_state.py:748: error: Invalid index type "Type" for "dict[Variable, int]"; expected type "Variable"  [index]
Libraries\PyKotor\src\pykotor\resource\formats\ncs\dencs\scriptutils\sub_script_state.py:757: error: Argument 1 to "extend" of "list" has incompatible type "list[Optional[VarStruct]]"; expected "Iterable[Variable]"  [arg-type]
Libraries\PyKotor\src\pykotor\resource\formats\ncs\dencs\scriptutils\sub_script_state.py:792: error: Item "None" of "Optional[LocalVarStack]" has no attribute "get"  [union-attr]    
Libraries\PyKotor\src\pykotor\resource\formats\ncs\dencs\scriptutils\sub_script_state.py:792: error: Incompatible types in assignment (expression has type "Union[StackEntry, Any]", variable has type "Variable")  [assignment]
Libraries\PyKotor\src\pykotor\resource\formats\ncs\dencs\scriptutils\sub_script_state.py:798: error: Incompatible types in assignment (expression has type "StackEntry", variable has type "Variable")  [assignment]
Libraries\PyKotor\src\pykotor\resource\formats\ncs\dencs\scriptutils\sub_script_state.py:826: error: Incompatible types in assignment (expression has type "StackEntry", variable has type "Variable")  [assignment]
Libraries\PyKotor\src\pykotor\resource\formats\ncs\dencs\scriptutils\sub_script_state.py:833: error: Item "None" of "Optional[VarStruct]" has no attribute "assign"  [union-attr]     
Libraries\PyKotor\src\pykotor\resource\formats\ncs\dencs\scriptutils\sub_script_state.py:835: error: Argument 1 to "AVarRef" has incompatible type "Optional[VarStruct]"; expected "Union[Variable, VarStruct]"  [arg-type]
Libraries\PyKotor\src\pykotor\resource\formats\ncs\dencs\scriptutils\sub_script_state.py:851: error: Item "None" of "Optional[SubroutineState]" has no attribute "get_param_count"  [union-attr]
Libraries\PyKotor\src\pykotor\resource\formats\ncs\dencs\scriptutils\sub_script_state.py:877: error: Argument 2 to "get_action_param_types" of "NodeUtils" has incompatible type "Optional[ActionsData]"; expected "ActionsData"  [arg-type]
Libraries\PyKotor\src\pykotor\resource\formats\ncs\dencs\scriptutils\sub_script_state.py:902: error: Item "None" of "Optional[SubroutineState]" has no attribute "get_id"  [union-attr]
Libraries\PyKotor\src\pykotor\resource\formats\ncs\dencs\scriptutils\sub_script_state.py:908: error: Item "None" of "Optional[SubroutineState]" has no attribute "type"  [union-attr] 
Libraries\PyKotor\src\pykotor\resource\formats\ncs\dencs\scriptutils\sub_script_state.py:948: error: Incompatible types in assignment (expression has type "StackEntry", variable has type "Variable")  [assignment]
Libraries\PyKotor\src\pykotor\resource\formats\ncs\dencs\scriptutils\sub_script_state.py:962: error: Missing positional argument "end" in call to "end" of "ASwitch"  [call-arg]      
Libraries\PyKotor\src\pykotor\resource\formats\ncs\dencs\scriptutils\sub_script_state.py:965: error: Incompatible types in assignment (expression has type "Optional[Node]", variable has type "Node")  [assignment]
Libraries\PyKotor\src\pykotor\resource\formats\ncs\dencs\scriptutils\sub_script_state.py:969: error: Name "next_node" already defined on line 965  [no-redef]
Libraries\PyKotor\src\pykotor\resource\formats\ncs\dencs\scriptutils\sub_script_state.py:982: error: Incompatible types in assignment (expression has type "Optional[Node]", variable has type "Node")  [assignment]
Libraries\PyKotor\src\pykotor\resource\formats\ncs\dencs\scriptutils\sub_script_state.py:991: error: Incompatible types in assignment (expression has type "object", variable has type
 "AVarDecl")  [assignment]
Libraries\PyKotor\src\pykotor\resource\formats\ncs\dencs\scriptutils\sub_script_state.py:994: error: Incompatible types in assignment (expression has type "Optional[ScriptNode]", variable has type "ScriptNode")  [assignment]
Libraries\PyKotor\src\pykotor\resource\formats\ncs\dencs\scriptutils\sub_script_state.py:1000: error: Incompatible types in assignment (expression has type "Optional[ScriptNode]", variable has type "ScriptNode")  [assignment]
Libraries\PyKotor\src\pykotor\resource\formats\ncs\dencs\scriptutils\sub_script_state.py:1009: error: Item "ScriptNode" of "Optional[ScriptNode]" has no attribute "switch_exp"  [union-attr]
Libraries\PyKotor\src\pykotor\resource\formats\ncs\dencs\scriptutils\sub_script_state.py:1009: error: Item "None" of "Optional[ScriptNode]" has no attribute "switch_exp"  [union-attr]
Libraries\PyKotor\src\pykotor\resource\formats\ncs\dencs\scriptutils\sub_script_state.py:1010: error: "Variable" has no attribute "equals"  [attr-defined]
Libraries\PyKotor\src\pykotor\resource\formats\ncs\dencs\scriptutils\sub_script_state.py:1029: error: "ScriptRootNode" has no attribute "get_previous_child"  [attr-defined]
Libraries\PyKotor\src\pykotor\resource\formats\ncs\dencs\scriptutils\sub_script_state.py:475: error: Name "ASwitchCase" is used before definition  [used-before-def]
Libraries\PyKotor\src\pykotor\resource\formats\ncs\dencs\utils\subroutine_analysis_data.py:33: error: Incompatible types in assignment (expression has type "None", variable has type "NodeAnalysisData")  [assignment]
Libraries\PyKotor\src\pykotor\resource\formats\ncs\dencs\utils\subroutine_analysis_data.py:37: error: Incompatible types in assignment (expression has type "None", variable has type "dict[object, SubroutineState]")  [assignment]
Libraries\PyKotor\src\pykotor\resource\formats\ncs\dencs\utils\subroutine_analysis_data.py:38: error: Incompatible types in assignment (expression has type "None", variable has type "dict[int, object]")  [assignment]
Libraries\PyKotor\src\pykotor\resource\formats\ncs\dencs\utils\subroutine_analysis_data.py:46: error: Incompatible types in assignment (expression has type "None", variable has type "NodeAnalysisData")  [assignment]
Libraries\PyKotor\src\pykotor\resource\formats\ncs\dencs\utils\subroutine_analysis_data.py:50: error: Incompatible types in assignment (expression has type "None", variable has type "dict[object, SubroutineState]")  [assignment]
Libraries\PyKotor\src\pykotor\resource\formats\ncs\dencs\utils\subroutine_analysis_data.py:53: error: Incompatible types in assignment (expression has type "None", variable has type "dict[int, object]")  [assignment]
Libraries\PyKotor\src\pykotor\resource\formats\ncs\dencs\utils\subroutine_analysis_data.py:62: error: Incompatible types in assignment (expression has type "None", variable has type "list[StructType]")  [assignment]
Libraries\PyKotor\src\pykotor\resource\formats\ncs\dencs\utils\subroutine_analysis_data.py:69: error: Argument 1 to "get_pos" of "NodeAnalysisData" has incompatible type "object"; expected "Node"  [arg-type]
Libraries\PyKotor\src\pykotor\resource\formats\ncs\dencs\utils\subroutine_analysis_data.py:203: error: "StructType" has no attribute "types_list"  [attr-defined]
Libraries\PyKotor\src\pykotor\resource\formats\ncs\dencs\utils\subroutine_analysis_data.py:212: error: Incompatible return value type (got "Optional[str]", expected "str")  [return-value]
Libraries\PyKotor\src\pykotor\resource\formats\ncs\dencs\utils\subroutine_analysis_data.py:229: error: Argument 2 to "SubroutineState" has incompatible type "object"; expected "Node"
  [arg-type]
Libraries\PyKotor\src\pykotor\resource\formats\ncs\dencs\utils\subroutine_analysis_data.py:267: error: Argument 1 to "is_globals_sub" of "SubroutineAnalysisData" has incompatible type "PSubroutine"; expected "ASubroutine"  [arg-type]
Libraries\PyKotor\src\pykotor\resource\formats\ncs\dencs\utils\subroutine_analysis_data.py:268: error: Argument 1 to "add_globals" of "SubroutineAnalysisData" has incompatible type "PSubroutine"; expected "ASubroutine"  [arg-type]
Libraries\PyKotor\src\pykotor\resource\formats\ncs\dencs\utils\subroutine_analysis_data.py:270: error: Argument 1 to "add_main" of "SubroutineAnalysisData" has incompatible type "PSubroutine"; expected "ASubroutine"  [arg-type]
Libraries\PyKotor\src\pykotor\resource\formats\ncs\dencs\utils\subroutine_analysis_data.py:279: error: Incompatible types in assignment (expression has type "None", variable has type
 "list[PSubroutine]")  [assignment]
Libraries\PyKotor\src\pykotor\resource\formats\ncs\dencs\utils\subroutine_analysis_data.py:280: error: Incompatible types in assignment (expression has type "None", variable has type
 "PSubroutine")  [assignment]
Libraries\PyKotor\src\pykotor\resource\formats\ncs\dencs\main_pass.py:41: error: Attribute "nodedata" already defined on line 32  [no-redef]
Libraries\PyKotor\src\pykotor\resource\formats\ncs\dencs\main_pass.py:42: error: Attribute "subdata" already defined on line 33  [no-redef]
Libraries\PyKotor\src\pykotor\resource\formats\ncs\dencs\main_pass.py:43: error: Attribute "actions" already defined on line 34  [no-redef]
Libraries\PyKotor\src\pykotor\resource\formats\ncs\dencs\main_pass.py:43: error: Incompatible types in assignment (expression has type "None", variable has type "ActionsData")  [assignment]
Libraries\PyKotor\src\pykotor\resource\formats\ncs\dencs\main_pass.py:45: error: Attribute "globals" already defined on line 37  [no-redef]
Libraries\PyKotor\src\pykotor\resource\formats\ncs\dencs\main_pass.py:46: error: Attribute "type" already defined on line 38  [no-redef]
Libraries\PyKotor\src\pykotor\resource\formats\ncs\dencs\main_pass.py:49: error: Incompatible types in assignment (expression has type "None", variable has type "LocalVarStack")  [assignment]
Libraries\PyKotor\src\pykotor\resource\formats\ncs\dencs\main_pass.py:50: error: Incompatible types in assignment (expression has type "None", variable has type "NodeAnalysisData")  [assignment]
Libraries\PyKotor\src\pykotor\resource\formats\ncs\dencs\main_pass.py:51: error: Incompatible types in assignment (expression has type "None", variable has type "SubroutineAnalysisData")  [assignment]
Libraries\PyKotor\src\pykotor\resource\formats\ncs\dencs\main_pass.py:54: error: Incompatible types in assignment (expression has type "None", variable has type "SubScriptState")  [assignment]
Libraries\PyKotor\src\pykotor\resource\formats\ncs\dencs\main_pass.py:55: error: Incompatible types in assignment (expression has type "None", variable has type "ActionsData")  [assignment]
Libraries\PyKotor\src\pykotor\resource\formats\ncs\dencs\main_pass.py:64: error: Returning Any from function declared to return "str"  [no-any-return]
Libraries\PyKotor\src\pykotor\resource\formats\ncs\dencs\main_pass.py:64: error: "SubScriptState" has no attribute "to_string"  [attr-defined]
Libraries\PyKotor\src\pykotor\resource\formats\ncs\dencs\main_pass.py:89: error: Incompatible types in assignment (expression has type "None", variable has type "Variable")  [assignment]
Libraries\PyKotor\src\pykotor\resource\formats\ncs\dencs\main_pass.py:115: error: Argument 1 to "push" of "LocalVarStack" has incompatible type "Optional[VarStruct]"; expected "StackEntry"  [arg-type]
Libraries\PyKotor\src\pykotor\resource\formats\ncs\dencs\main_pass.py:153: error: Incompatible types in assignment (expression has type "None", variable has type "Variable")  [assignment]
Libraries\PyKotor\src\pykotor\resource\formats\ncs\dencs\main_pass.py:154: error: Incompatible types in assignment (expression has type "None", variable has type "Type")  [assignment]
Libraries\PyKotor\src\pykotor\resource\formats\ncs\dencs\main_pass.py:166: error: Incompatible types in assignment (expression has type "None", variable has type "Variable")  [assignment]
Libraries\PyKotor\src\pykotor\resource\formats\ncs\dencs\main_pass.py:233: error: Incompatible types in assignment (expression has type "None", variable has type "Variable")  [assignment]
Libraries\PyKotor\src\pykotor\resource\formats\ncs\dencs\main_pass.py:234: error: Incompatible types in assignment (expression has type "None", variable has type "Type")  [assignment]
Libraries\PyKotor\src\pykotor\resource\formats\ncs\dencs\main_pass.py:261: error: Incompatible types in assignment (expression has type "None", variable has type "StackEntry")  [assignment]
Libraries\PyKotor\src\pykotor\resource\formats\ncs\dencs\main_pass.py:262: error: Incompatible types in assignment (expression has type "None", variable has type "list[Variable]")  [assignment]
Libraries\PyKotor\src\pykotor\resource\formats\ncs\dencs\main_pass.py:292: error: Item "None" of "Optional[SubroutineState]" has no attribute "get_param_count"  [union-attr]
Libraries\PyKotor\src\pykotor\resource\formats\ncs\dencs\main_pass.py:317: error: Item "None" of "Optional[LocalVarStack]" has no attribute "structify"  [union-attr]
Libraries\PyKotor\src\pykotor\resource\formats\ncs\dencs\main_pass.py:320: error: Argument 1 to "push" of "LocalVarStack" has incompatible type "Union[VarStruct, Any, None]"; expected "StackEntry"  [arg-type]
Libraries\PyKotor\src\pykotor\resource\formats\ncs\dencs\main_pass.py:323: error: Item "None" of "Optional[LocalVarStack]" has no attribute "get"  [union-attr]
Libraries\PyKotor\src\pykotor\resource\formats\ncs\dencs\main_pass.py:337: error: Item "None" of "Optional[LocalVarStack]" has no attribute "structify"  [union-attr]
Libraries\PyKotor\src\pykotor\resource\formats\ncs\dencs\main_pass.py:409: error: Incompatible types in assignment (expression has type "None", variable has type "LocalVarStack")  [assignment]
Libraries\PyKotor\src\pykotor\resource\formats\ncs\dencs\do_types.py:201: error: Argument 1 to "get_pos" of "NodeAnalysisData" has incompatible type "object"; expected "Node"  [arg-type]
Libraries\PyKotor\src\pykotor\resource\formats\ncs\dencs\utils\subroutine_path_finder.py:30: error: Attribute "maxretry" already defined on line 28  [no-redef]
Libraries\PyKotor\src\pykotor\resource\formats\ncs\dencs\utils\subroutine_path_finder.py:32: error: Attribute "maxretry" already defined on line 28  [no-redef]
Libraries\PyKotor\src\pykotor\resource\formats\ncs\dencs\utils\subroutine_path_finder.py:34: error: Attribute "maxretry" already defined on line 28  [no-redef]
Libraries\PyKotor\src\pykotor\resource\formats\ncs\dencs\utils\subroutine_path_finder.py:39: error: Incompatible types in assignment (expression has type "None", variable has type "NodeAnalysisData")  [assignment]
Libraries\PyKotor\src\pykotor\resource\formats\ncs\dencs\utils\subroutine_path_finder.py:40: error: Incompatible types in assignment (expression has type "None", variable has type "SubroutineAnalysisData")  [assignment]
Libraries\PyKotor\src\pykotor\resource\formats\ncs\dencs\utils\subroutine_path_finder.py:41: error: Incompatible types in assignment (expression has type "None", variable has type "SubroutineState")  [assignment]
Libraries\PyKotor\src\pykotor\resource\formats\ncs\dencs\utils\subroutine_path_finder.py:42: error: Incompatible types in assignment (expression has type "None", variable has type "dict[int, int]")  [assignment]
Libraries\PyKotor\src\pykotor\resource\formats\ncs\dencs\scriptutils\cleanup_pass.py:24: error: Incompatible types in assignment (expression has type "None", variable has type "ASub")  [assignment]
Libraries\PyKotor\src\pykotor\resource\formats\ncs\dencs\scriptutils\cleanup_pass.py:25: error: Incompatible types in assignment (expression has type "None", variable has type "NodeAnalysisData")  [assignment]
Libraries\PyKotor\src\pykotor\resource\formats\ncs\dencs\scriptutils\cleanup_pass.py:26: error: Incompatible types in assignment (expression has type "None", variable has type "SubroutineAnalysisData")  [assignment]
Libraries\PyKotor\src\pykotor\resource\formats\ncs\dencs\scriptutils\cleanup_pass.py:27: error: Incompatible types in assignment (expression has type "None", variable has type "SubScriptState")  [assignment]
Libraries\PyKotor\src\pykotor\resource\formats\ncs\dencs\scriptutils\cleanup_pass.py:33: error: Item "ScriptNode" of "Optional[ScriptNode]" has no attribute "remove_children"  [union-attr]
Libraries\PyKotor\src\pykotor\resource\formats\ncs\dencs\scriptutils\cleanup_pass.py:33: error: Item "None" of "Optional[ScriptNode]" has no attribute "remove_children"  [union-attr]
Libraries\PyKotor\src\pykotor\resource\formats\ncs\dencs\scriptutils\cleanup_pass.py:50: error: Argument 1 to "AVarDecl" has incompatible type "Optional[VarStruct]"; expected "Variable"  [arg-type]
Libraries\PyKotor\src\pykotor\resource\formats\ncs\dencs\scriptutils\cleanup_pass.py:53: error: Item "VarStruct" of "Optional[VarStruct]" has no attribute "equals"  [union-attr]     
Libraries\PyKotor\src\pykotor\resource\formats\ncs\dencs\scriptutils\cleanup_pass.py:53: error: Item "None" of "Optional[VarStruct]" has no attribute "equals"  [union-attr]
Libraries\PyKotor\src\pykotor\resource\formats\ncs\dencs\scriptutils\cleanup_pass.py:53: error: "ScriptNode" has no attribute "var_var"  [attr-defined]
Libraries\PyKotor\src\pykotor\resource\formats\ncs\dencs\scriptutils\cleanup_pass.py:65: error: "AExpression" has no attribute "var_ref"  [attr-defined]
Libraries\PyKotor\src\pykotor\resource\formats\ncs\dencs\scriptutils\cleanup_pass.py:67: error: "AExpression" has no attribute "expression"  [attr-defined]
Libraries\PyKotor\src\pykotor\resource\formats\ncs\dencs\scriptutils\cleanup_pass.py:71: error: Argument 1 to "AExpressionStatement" has incompatible type "ScriptNode"; expected "AExpression"  [arg-type]
Libraries\PyKotor\src\pykotor\resource\formats\ncs\dencs\utils\set_dead_code.py:34: error: Incompatible types in assignment (expression has type "None", variable has type "NodeAnalysisData")  [assignment]
Libraries\PyKotor\src\pykotor\resource\formats\ncs\dencs\utils\set_dead_code.py:35: error: Incompatible types in assignment (expression has type "None", variable has type "SubroutineAnalysisData")  [assignment]
Libraries\PyKotor\src\pykotor\resource\formats\ncs\dencs\utils\set_dead_code.py:36: error: Incompatible types in assignment (expression has type "None", variable has type "dict[Node, list[Node]]")  [assignment]
Libraries\PyKotor\src\pykotor\resource\formats\ncs\dencs\utils\set_dead_code.py:37: error: Incompatible types in assignment (expression has type "None", variable has type "dict[Node, list[Node]]")  [assignment]
Libraries\PyKotor\src\pykotor\resource\formats\ncs\dencs\utils\set_dead_code.py:66: error: Too many arguments for "log_or_code" of "NodeAnalysisData"  [call-arg]
Libraries\PyKotor\src\pykotor\resource\formats\ncs\dencs\utils\set_dead_code.py:99: error: Too many arguments for "remove_destination" of "SetDeadCode"  [call-arg]
Libraries\PyKotor\src\pykotor\resource\formats\ncs\dencs\utils\set_dead_code.py:101: error: Name "remove_destination" already defined on line 98  [no-redef]
Libraries\PyKotor\src\pykotor\resource\formats\ncs\dencs\utils\set_dead_code.py:111: error: Too many arguments for "remove_destination" of "SetDeadCode"  [call-arg]
Libraries\PyKotor\src\pykotor\resource\formats\ncs\dencs\utils\set_destinations.py:29: error: Incompatible types in assignment (expression has type "None", variable has type "NodeAnalysisData")  [assignment]
Libraries\PyKotor\src\pykotor\resource\formats\ncs\dencs\utils\set_destinations.py:30: error: Incompatible types in assignment (expression has type "None", variable has type "SubroutineAnalysisData")  [assignment]
Libraries\PyKotor\src\pykotor\resource\formats\ncs\dencs\utils\set_destinations.py:32: error: Incompatible types in assignment (expression has type "None", variable has type "Node") 
 [assignment]
Libraries\PyKotor\src\pykotor\resource\formats\ncs\dencs\utils\set_destinations.py:99: error: Item "None" of "Optional[PReturn]" has no attribute "apply"  [union-attr]
Libraries\PyKotor\src\pykotor\resource\formats\ncs\dencs\utils\file_script_data.py:14: error: Cannot assign to a method  [method-assign]
Libraries\PyKotor\src\pykotor\resource\formats\ncs\dencs\utils\file_script_data.py:14: error: Incompatible types in assignment (expression has type "None", variable has type "Callable[[SubScriptState], Any]")  [assignment]
Libraries\PyKotor\src\pykotor\resource\formats\ncs\dencs\utils\file_script_data.py:15: error: Cannot assign to a method  [method-assign]
Libraries\PyKotor\src\pykotor\resource\formats\ncs\dencs\utils\file_script_data.py:15: error: Incompatible types in assignment (expression has type "None", variable has type "Callable[[SubroutineAnalysisData], Any]")  [assignment]
Libraries\PyKotor\src\pykotor\resource\formats\ncs\dencs\utils\file_script_data.py:24: error: Incompatible types in assignment (expression has type "None", variable has type "list[SubScriptState]")  [assignment]
Libraries\PyKotor\src\pykotor\resource\formats\ncs\dencs\utils\file_script_data.py:26: error: "Callable[[SubScriptState], Any]" has no attribute "close"  [attr-defined]
Libraries\PyKotor\src\pykotor\resource\formats\ncs\dencs\utils\file_script_data.py:27: error: Cannot assign to a method  [method-assign]
Libraries\PyKotor\src\pykotor\resource\formats\ncs\dencs\utils\file_script_data.py:27: error: Incompatible types in assignment (expression has type "None", variable has type "Callable[[SubScriptState], Any]")  [assignment]
Libraries\PyKotor\src\pykotor\resource\formats\ncs\dencs\utils\file_script_data.py:29: error: "Callable[[SubroutineAnalysisData], Any]" has no attribute "close"  [attr-defined]      
Libraries\PyKotor\src\pykotor\resource\formats\ncs\dencs\utils\file_script_data.py:30: error: Cannot assign to a method  [method-assign]
Libraries\PyKotor\src\pykotor\resource\formats\ncs\dencs\utils\file_script_data.py:30: error: Incompatible types in assignment (expression has type "None", variable has type "Callable[[SubroutineAnalysisData], Any]")  [assignment]
Libraries\PyKotor\src\pykotor\resource\formats\ncs\dencs\utils\file_script_data.py:36: error: Cannot assign to a method  [method-assign]
Libraries\PyKotor\src\pykotor\resource\formats\ncs\dencs\utils\file_script_data.py:36: error: Incompatible types in assignment (expression has type "SubScriptState", variable has type "Callable[[SubScriptState], Any]")  [assignment]
Libraries\PyKotor\src\pykotor\resource\formats\ncs\dencs\utils\file_script_data.py:42: error: Cannot assign to a method  [method-assign]
Libraries\PyKotor\src\pykotor\resource\formats\ncs\dencs\utils\file_script_data.py:42: error: Incompatible types in assignment (expression has type "SubroutineAnalysisData", variable has type "Callable[[SubroutineAnalysisData], Any]")  [assignment]
Libraries\PyKotor\src\pykotor\resource\formats\ncs\dencs\utils\file_script_data.py:71: error: "Callable[[SubScriptState], Any]" has no attribute "get_variables"  [attr-defined]      
Libraries\PyKotor\src\pykotor\resource\formats\ncs\dencs\utils\file_script_data.py:105: error: "Callable[[SubScriptState], Any]" has no attribute "to_string_globals"  [attr-defined] 
Libraries\PyKotor\src\pykotor\resource\formats\ncs\dencs\utils\file_script_data.py:112: error: "Callable[[SubroutineAnalysisData], Any]" has no attribute "get_struct_declarations"  [attr-defined]
Libraries\PyKotor\src\pykotor\resource\formats\ncs\dencs\utils\file_script_data.py:115: error: Incompatible types in assignment (expression has type "None", variable has type "list[str]")  [assignment]
Libraries\PyKotor\src\pykotor\resource\formats\ncs\dencs\utils\file_script_data.py:116: error: Incompatible types in assignment (expression has type "None", variable has type "list[str]")  [assignment]
Libraries\PyKotor\src\pykotor\resource\formats\ncs\dencs\utils\file_script_data.py:117: error: Incompatible types in assignment (expression has type "None", variable has type "SubScriptState")  [assignment]
Libraries\PyKotor\src\pykotor\resource\formats\ncs\dencs\utils\file_script_data.py:118: error: Incompatible types in assignment (expression has type "None", variable has type "list[str]")  [assignment]
Libraries\PyKotor\src\pykotor\resource\formats\ncs\dencs\utils\file_script_data.py:119: error: Incompatible types in assignment (expression has type "None", variable has type "list[str]")  [assignment]
Libraries\PyKotor\src\pykotor\resource\formats\ncs\dencs\utils\file_script_data.py:120: error: Incompatible types in assignment (expression has type "None", variable has type "SubScriptState")  [assignment]
Libraries\PyKotor\src\pykotor\resource\formats\ncs\dencs\do_global_vars.py:17: error: Name "MainPass" is not defined  [name-defined]
Libraries\PyKotor\src\pykotor\resource\formats\ncs\dencs\do_global_vars.py:27: error: Returning Any from function declared to return "str"  [no-any-return]
Libraries\PyKotor\src\pykotor\resource\formats\ncs\dencs\do_global_vars.py:54: error: Returning Any from function declared to return "LocalVarStack"  [no-any-return]
Libraries\PyKotor\src\pykotor\tools\encoding.py:100: error: Name "best_8bit_encoding" already defined on line 97  [no-redef]
Libraries\PyKotor\src\loggerplus\__init__.py:230: error: Argument "etype" to "__call__" of "_lru_cache_wrapper" has incompatible type "Optional[type[BaseException]]"; expected "Hashable"  [arg-type]
Libraries\PyKotor\src\loggerplus\__init__.py:550: error: Returning Any from function declared to return "Self"  [no-any-return]
Libraries\PyKotor\src\loggerplus\__init__.py:629: error: Argument 2 to "CustomPrintToLogger" has incompatible type "Optional[TextIOWrapper[_WrappedBuffer]]"; expected "TextIOWrapper[_WrappedBuffer]"  [arg-type]
Libraries\PyKotor\src\loggerplus\__init__.py:629: note: Error code "arg-type" not covered by "type: ignore" comment
Libraries\PyKotor\src\loggerplus\__init__.py:631: error: Argument 2 to "CustomPrintToLogger" has incompatible type "Optional[TextIOWrapper[_WrappedBuffer]]"; expected "TextIOWrapper[_WrappedBuffer]"  [arg-type]
Libraries\PyKotor\src\loggerplus\__init__.py:631: note: Error code "arg-type" not covered by "type: ignore" comment
Libraries\PyKotor\src\utility\system\path.py:92: error: Returning Any from function declared to return "tuple[str, str]"  [no-any-return]
Libraries\PyKotor\src\utility\system\path.py:95: error: Returning Any from function declared to return "str"  [no-any-return]
Libraries\PyKotor\src\utility\system\path.py:98: error: Returning Any from function declared to return "bool"  [no-any-return]
Libraries\PyKotor\src\utility\system\path.py:101: error: Returning Any from function declared to return "tuple[str, str]"  [no-any-return]
Libraries\PyKotor\src\utility\system\path.py:459: error: Name "self" already defined on line 457  [no-redef]
Libraries\PyKotor\src\utility\system\path.py:459: note: Error code "no-redef" not covered by "type: ignore" comment
Libraries\PyKotor\src\utility\system\path.py:875: error: No overload variant of "Popen" matches argument types "list[str]", "int", "int"  [call-overload]
Libraries\PyKotor\src\utility\system\path.py:875: note: Possible overload variants:        
Libraries\PyKotor\src\utility\system\path.py:875: note:     def [AnyStr: (str, bytes)] __init__(self, args: Union[Union[str, bytes, PathLike[str], PathLike[bytes]], Sequence[Union[str, bytes, PathLike[str], PathLike[bytes]]]], bufsize: int = ..., executable: Union[str, bytes, PathLike[str], PathLike[bytes], None] = ..., stdin: Union[int, IO[Any], None] = ..., stdout: Union[int, IO[Any], None] = ..., stderr: Union[int, IO[Any], None] = ..., preexec_fn: Optional[Callable[[], Any]] = ..., close_fds: bool = ..., shell: bool = ..., cwd: Union[str, bytes, PathLike[str], PathLike[bytes], None] = ..., env: Optional[Mapping[str, str]] = ..., universal_newlines: Optional[bool] = ..., startupinfo: Optional[Any] = ..., creationflags: int = ..., restore_signals: bool = ..., start_new_session: bool = ..., pass_fds: Collection[int] = ..., *, text: Optional[bool] = ..., encoding: str, errors: Optional[str] = ..., user: Union[str, int, None] = ..., group: Union[str, int, None] = ..., extra_groups: Optional[Iterable[Union[str, int]]] = ..., umask: int = ...) -> Popen[str]
Libraries\PyKotor\src\utility\system\path.py:875: note:     def [AnyStr: (str, bytes)] __init__(self, args: Union[Union[str, bytes, PathLike[str], PathLike[bytes]], Sequence[Union[str, bytes, PathLike[str], PathLike[bytes]]]], bufsize: int = ..., executable: Union[str, bytes, PathLike[str], PathLike[bytes], None] = ..., stdin: Union[int, IO[Any], None] = ..., stdout: Union[int, IO[Any], None] = ..., stderr: Union[int, IO[Any], None] = ..., preexec_fn: Optional[Callable[[], Any]] = ..., close_fds: bool = ..., shell: bool = ..., cwd: Union[str, bytes, PathLike[str], PathLike[bytes], None] = ..., env: Optional[Mapping[str, str]] = ..., universal_newlines: Optional[bool] = ..., startupinfo: Optional[Any] = ..., creationflags: int = ..., restore_signals: bool = ..., start_new_session: bool = ..., pass_fds: Collection[int] = ..., *, text: Optional[bool] = ..., encoding: Optional[str] = ..., errors: str, user: Union[str, int, None] = ..., group: Union[str, int, None] = ..., extra_groups: Optional[Iterable[Union[str, int]]] = ..., umask: int = ...) -> Popen[str]
Libraries\PyKotor\src\utility\system\path.py:875: note:     def [AnyStr: (str, bytes)] __init__(self, args: Union[Union[str, bytes, PathLike[str], PathLike[bytes]], Sequence[Union[str, bytes, PathLike[str], PathLike[bytes]]]], bufsize: int = ..., executable: Union[str, bytes, PathLike[str], PathLike[bytes], None] = ..., stdin: Union[int, IO[Any], None] = ..., stdout: Union[int, IO[Any], None] = ..., stderr: Union[int, IO[Any], None] = ..., preexec_fn: Optional[Callable[[], Any]] = ..., close_fds: bool = ..., shell: bool = ..., cwd: Union[str, bytes, PathLike[str], PathLike[bytes], None] = ..., env: Optional[Mapping[str, str]] = ..., *, universal_newlines: Literal[True], startupinfo: Optional[Any] = ..., creationflags: int = ..., restore_signals: bool = ..., start_new_session: bool = ..., pass_fds: Collection[int] = ..., text: Optional[bool] = ..., encoding: Optional[str] = ..., errors: Optional[str] = ..., user: Union[str, int, None] = ..., group: Union[str, int, None] = ..., extra_groups: Optional[Iterable[Union[str, int]]] = ..., umask: int = ...) -> Popen[str]
Libraries\PyKotor\src\utility\system\path.py:875: note:     def [AnyStr: (str, bytes)] __init__(self, args: Union[Union[str, bytes, PathLike[str], PathLike[bytes]], Sequence[Union[str, bytes, PathLike[str], PathLike[bytes]]]], bufsize: int = ..., executable: Union[str, bytes, PathLike[str], PathLike[bytes], None] = ..., stdin: Union[int, IO[Any], None] = ..., stdout: Union[int, IO[Any], None] = ..., stderr: Union[int, IO[Any], None] = ..., preexec_fn: Optional[Callable[[], Any]] = ..., close_fds: bool = ..., shell: bool = ..., cwd: Union[str, bytes, PathLike[str], PathLike[bytes], None] = ..., env: Optional[Mapping[str, str]] = ..., universal_newlines: Optional[bool] = ..., startupinfo: Optional[Any] = ..., creationflags: int = ..., restore_signals: bool = ..., start_new_session: bool = ..., pass_fds: Collection[int] = ..., *, text: Literal[True], encoding: Optional[str] = ..., errors: Optional[str] = ..., user: Union[str, int, None] = ..., group: Union[str, int, None] = ..., extra_groups: Optional[Iterable[Union[str, int]]] = ..., umask: int = ...) -> Popen[str]
Libraries\PyKotor\src\utility\system\path.py:875: note:     def [AnyStr: (str, bytes)] __init__(self, args: Union[Union[str, bytes, PathLike[str], PathLike[bytes]], Sequence[Union[str, bytes, PathLike[str], PathLike[bytes]]]], bufsize: int = ..., executable: Union[str, bytes, PathLike[str], PathLike[bytes], None] = ..., stdin: Union[int, IO[Any], None] = ..., stdout: Union[int, IO[Any], None] = ..., stderr: Union[int, IO[Any], None] = ..., preexec_fn: Optional[Callable[[], Any]] = ..., close_fds: bool = ..., shell: bool = ..., cwd: Union[str, bytes, PathLike[str], PathLike[bytes], None] = ..., env: Optional[Mapping[str, str]] = ..., universal_newlines: Optional[Literal[False]] = ..., startupinfo: Optional[Any] = ..., creationflags: int = ..., restore_signals: bool = ..., start_new_session: bool = ..., pass_fds: Collection[int] = ..., *, text: Optional[Literal[False]] = ..., encoding: None = ..., errors: None = ..., user: Union[str, int, None] = ..., group: Union[str, int, None] = ..., extra_groups: Optional[Iterable[Union[str, int]]] = ..., umask: int = ...) -> Popen[bytes]  
Libraries\PyKotor\src\utility\system\path.py:875: note:     def [AnyStr: (str, bytes)] __init__(self, args: Union[Union[str, bytes, PathLike[str], PathLike[bytes]], Sequence[Union[str, bytes, PathLike[str], PathLike[bytes]]]], bufsize: int = ..., executable: Union[str, bytes, PathLike[str], PathLike[bytes], None] = ..., stdin: Union[int, IO[Any], None] = ..., stdout: Union[int, IO[Any], None] = ..., stderr: Union[int, IO[Any], None] = ..., preexec_fn: Optional[Callable[[], Any]] = ..., close_fds: bool = ..., shell: bool = ..., cwd: Union[str, bytes, PathLike[str], PathLike[bytes], None] = ..., env: Optional[Mapping[str, str]] = ..., universal_newlines: Optional[bool] = ..., startupinfo: Optional[Any] = ..., creationflags: int = ..., restore_signals: bool = ..., start_new_session: bool = ..., pass_fds: Collection[int] = ..., *, text: Optional[bool] = ..., encoding: Optional[str] = ..., errors: Optional[str] = ..., user: Union[str, int, None] = ..., group: Union[str, int, None] = ..., extra_groups: Optional[Iterable[Union[str, int]]] = ..., umask: int = ...) -> Popen[Any]      
Libraries\PyKotor\src\utility\system\path.py:1006: error: "type[PurePosixPath]" has no attribute "_flavour"  [attr-defined]
Libraries\PyKotor\src\utility\system\path.py:1014: error: "type[PureWindowsPath]" has no attribute "_flavour"  [attr-defined]
Libraries\PyKotor\src\utility\common\stream.py:403: error: Returning Any from function declared to return "int"  [no-any-return]
Libraries\PyKotor\src\utility\common\stream.py:423: error: Returning Any from function declared to return "int"  [no-any-return]
Libraries\PyKotor\src\utility\common\stream.py:443: error: Returning Any from function declared to return "int"  [no-any-return]
Libraries\PyKotor\src\utility\common\stream.py:463: error: Returning Any from function declared to return "int"  [no-any-return]
Libraries\PyKotor\src\utility\common\stream.py:493: error: Returning Any from function declared to return "int"  [no-any-return]
Libraries\PyKotor\src\utility\common\stream.py:513: error: Returning Any from function declared to return "int"  [no-any-return]
Libraries\PyKotor\src\utility\common\stream.py:533: error: Returning Any from function declared to return "int"  [no-any-return]
Libraries\PyKotor\src\utility\common\stream.py:553: error: Returning Any from function declared to return "int"  [no-any-return]
Libraries\PyKotor\src\utility\common\stream.py:573: error: Returning Any from function declared to return "int"  [no-any-return]
Libraries\PyKotor\src\utility\common\stream.py:593: error: Returning Any from function declared to return "int"  [no-any-return]
Libraries\PyKotor\src\utility\common\stream.py:2324: error: Incompatible types in assignment (expression has type "BufferedReader[BufferedReader[_BufferedReaderStream]]", variable has type "mmap")  [assignment]
Libraries\PyKotor\src\utility\common\stream.py:2326: error: Argument 1 to "from_stream" of "RawBinaryReader" has incompatible type "mmap"; expected "Union[RawIOBase, BufferedIOBase]"
  [arg-type]
Libraries\PyKotor\src\utility\common\stream.py:2328: error: Incompatible types in assignment (expression has type "BufferedRandom", variable has type "BufferedReader[_BufferedReaderStream]")  [assignment]
Libraries\PyKotor\src\utility\common\stream.py:2329: error: Incompatible types in assignment (expression has type "BufferedRandom", variable has type "mmap")  [assignment]
Libraries\PyKotor\src\utility\common\stream.py:2329: error: Argument 1 to "BufferedRandom" has incompatible type "BufferedReader[_BufferedReaderStream]"; expected "RawIOBase"  [arg-type]
Libraries\PyKotor\src\utility\common\stream.py:2331: error: Argument 1 to "from_stream" of "RawBinaryReader" has incompatible type "mmap"; expected "Union[RawIOBase, BufferedIOBase]"
  [arg-type]
Libraries\PyKotor\src\utility\common\stream.py:2334: error: Incompatible types in assignment (expression has type "BytesIO", variable has type "RawBinaryReader")  [assignment]       
Libraries\PyKotor\src\utility\common\stream.py:2336: error: Argument 1 to "from_stream" of "RawBinaryReader" has incompatible type "RawBinaryReader"; expected "Union[RawIOBase, BufferedIOBase]"  [arg-type]
Libraries\PyKotor\src\utility\common\stream.py:2338: error: Incompatible types in assignment (expression has type "FileIO", variable has type "mmap")  [assignment]
Libraries\PyKotor\src\utility\common\stream.py:2340: error: Argument 1 to "from_stream" of "RawBinaryReader" has incompatible type "mmap"; expected "Union[RawIOBase, BufferedIOBase]"
  [arg-type]
Libraries\PyKotor\src\utility\common\stream.py:2342: error: Incompatible types in assignment (expression has type "BufferedReader[_BufferedReaderStream]", variable has type "mmap")  [assignment]
Libraries\PyKotor\src\utility\common\stream.py:2344: error: Argument 1 to "from_stream" of "RawBinaryReader" has incompatible type "mmap"; expected "Union[RawIOBase, BufferedIOBase]"
  [arg-type]
Libraries\PyKotor\src\utility\common\stream.py:2349: error: Incompatible types in assignment (expression has type "BytesIO", variable has type "RawBinaryReader")  [assignment]       
Libraries\PyKotor\src\utility\common\stream.py:2351: error: Incompatible types in assignment (expression has type "IO[Any]", variable has type "mmap")  [assignment]
Libraries\PyKotor\src\utility\common\stream.py:2353: error: Value of type variable "_BufferedReaderStreamT" of "BufferedReader" cannot be "mmap"  [type-var]
Libraries\PyKotor\src\utility\common\stream.py:2353: error: Incompatible types in assignment (expression has type "BufferedReader[mmap]", variable has type "RawBinaryReader")  [assignment]
Libraries\PyKotor\src\utility\common\stream.py:2355: error: Incompatible types in assignment (expression has type "BufferedRandom", variable has type "RawBinaryReader")  [assignment]
Libraries\PyKotor\src\utility\common\stream.py:2355: error: Argument 1 to "BufferedRandom" has incompatible type "mmap"; expected "RawIOBase"  [arg-type]
Libraries\PyKotor\src\utility\common\stream.py:2417: error: List item 0 has incompatible type "str"; expected "Union[int, float]"  [list-item]
Libraries\PyKotor\src\pykotor\common\stream.py:286: error: List item 0 has incompatible type "str"; expected "Union[int, float]"  [list-item]
Libraries\PyKotor\src\pykotor\common\stream.py:343: error: Returning Any from function declared to return "float"  [no-any-return]
Libraries\PyKotor\src\pykotor\resource\type.py:309: error: Cannot assign to final attribute
 "type_id"  [misc]
Libraries\PyKotor\src\pykotor\resource\type.py:309: error: Cannot assign to final name "type_id"  [misc]
Libraries\PyKotor\src\pykotor\resource\type.py:392: error: Accessing "__init__" on an instance is unsound, since instance.__init__ could be from an incompatible subclass  [misc]     
Libraries\PyKotor\src\pykotor\resource\formats\lip\lip_data.py:451: error: Name "last_time" already defined on line 447  [no-redef]
Libraries\PyKotor\src\pykotor\resource\formats\txi\io_txi.py:121: error: Name "args" already defined on line 58  [no-redef]
Libraries\PyKotor\src\pykotor\resource\formats\txi\txi_data.py:124: error: Name "args" already defined on line 108  [no-redef]
Libraries\PyKotor\src\pykotor\resource\formats\txi\txi_data.py:851: error: Incompatible types in assignment (expression has type "tuple[str, str, str, str, str, str, str, str, str, str]", base class "TXIBaseInformation" defined the type as "tuple[str, str, str, str]")  [assignment]
Libraries\PyKotor\src\pykotor\resource\formats\txi\txi_data.py:895: error: Incompatible types in assignment (expression has type "tuple[str, str, ... <24 more items>]", base class "TXIBaseInformation" defined the type as "tuple[str, str, str, str]")  [assignment]
Libraries\PyKotor\src\pykotor\resource\formats\txi\txi_data.py:1066: error: Incompatible types in assignment (expression has type "tuple[str, str, str, str, str, str, str, str, str]", base class "TXIBaseInformation" defined the type as "tuple[str, str, str, str]")  [assignment]
Libraries\PyKotor\src\pykotor\resource\formats\twoda\twoda_data.py:598: error: Argument 1 to "get_cell" of "TwoDA" has incompatible type "Optional[int]"; expected "int"  [arg-type]  
Libraries\PyKotor\src\pykotor\resource\formats\twoda\twoda_data.py:856: error: Argument 1 of "compare" is incompatible with supertype "pykotor.resource.formats._base.ComparableMixin"; supertype defines the argument type as "object"  [override]
Libraries\PyKotor\src\pykotor\resource\formats\twoda\twoda_data.py:856: note: This violates the Liskov substitution principle
Libraries\PyKotor\src\pykotor\resource\formats\twoda\twoda_data.py:856: note: See https://mypy.readthedocs.io/en/stable/common_issues.html#incompatible-overrides
Libraries\PyKotor\src\pykotor\resource\formats\twoda\twoda_data.py:1059: error: Incompatible default for argument "default" (default has type "None", argument has type "Union[int, T]")  [assignment]
Libraries\PyKotor\src\pykotor\resource\formats\twoda\twoda_data.py:1059: note: PEP 484 prohibits implicit Optional. Accordingly, mypy has changed its default to no_implicit_optional=True
Libraries\PyKotor\src\pykotor\resource\formats\twoda\twoda_data.py:1059: note: Use https://github.com/hauntsaninja/no_implicit_optional to automatically upgrade your codebase        
Libraries\PyKotor\src\pykotor\resource\formats\twoda\twoda_data.py:1089: error: Incompatible default for argument "default" (default has type "None", argument has type "Union[int, T]")  [assignment]
Libraries\PyKotor\src\pykotor\resource\formats\twoda\twoda_data.py:1089: note: PEP 484 prohibits implicit Optional. Accordingly, mypy has changed its default to no_implicit_optional=True
Libraries\PyKotor\src\pykotor\resource\formats\twoda\twoda_data.py:1089: note: Use https://github.com/hauntsaninja/no_implicit_optional to automatically upgrade your codebase        
Libraries\PyKotor\src\pykotor\resource\formats\twoda\twoda_data.py:1119: error: Incompatible default for argument "default" (default has type "None", argument has type "Union[Enum, T]")  [assignment]
Libraries\PyKotor\src\pykotor\resource\formats\twoda\twoda_data.py:1119: note: PEP 484 prohibits implicit Optional. Accordingly, mypy has changed its default to no_implicit_optional=True
Libraries\PyKotor\src\pykotor\resource\formats\twoda\twoda_data.py:1119: note: Use https://github.com/hauntsaninja/no_implicit_optional to automatically upgrade your codebase        
Libraries\PyKotor\src\pykotor\resource\formats\bwm\io_bwm.py:297: error: Name "face_idx" already defined on line 254  [no-redef]
Libraries\PyKotor\src\pykotor\extract\file.py:691: error: Incompatible types in assignment (expression has type "None", variable has type "str")  [assignment]
Libraries\PyKotor\src\pykotor\extract\file.py:692: error: Incompatible types in assignment (expression has type "None", variable has type "str")  [assignment]
Libraries\PyKotor\src\pykotor\extract\file.py:693: error: Incompatible types in assignment (expression has type "None", variable has type "int")  [assignment]
Libraries\PyKotor\src\pykotor\resource\formats\bif\bif_data.py:283: error: Incompatible types in assignment (expression has type "list[BIFResource]", base class "BiowareArchive" defined the type as "list[ArchiveResource]")  [assignment]
Libraries\PyKotor\src\pykotor\resource\formats\bif\bif_data.py:283: note: "list" is invariant -- see https://mypy.readthedocs.io/en/stable/common_issues.html#variance
Libraries\PyKotor\src\pykotor\resource\formats\bif\bif_data.py:283: note: Consider using "Sequence" instead, which is covariant
Libraries\PyKotor\src\pykotor\resource\formats\bif\bif_data.py:286: error: Incompatible types in assignment (expression has type "dict[ResourceIdentifier, BIFResource]", base class "BiowareArchive" defined the type as "dict[ResourceIdentifier, ArchiveResource]")  [assignment]
Libraries\PyKotor\src\pykotor\resource\formats\bif\bif_data.py:286: note: "dict" is invariant -- see https://mypy.readthedocs.io/en/stable/common_issues.html#variance
Libraries\PyKotor\src\pykotor\resource\formats\bif\bif_data.py:286: note: Consider using "Mapping" instead, which is covariant in the value type
Libraries\PyKotor\src\pykotor\resource\formats\bif\bif_data.py:328: error: Signature of "set_data" incompatible with supertype "pykotor.resource.bioware_archive.BiowareArchive"  [override]
Libraries\PyKotor\src\pykotor\resource\formats\bif\bif_data.py:328: note:      Superclass: 
Libraries\PyKotor\src\pykotor\resource\formats\bif\bif_data.py:328: note:          def set_data(self, resname: str, restype: ResourceType, data: bytes) -> None
Libraries\PyKotor\src\pykotor\resource\formats\bif\bif_data.py:328: note:      Subclass:   
Libraries\PyKotor\src\pykotor\resource\formats\bif\bif_data.py:328: note:          def set_data(self, resref: ResRef, restype: ResourceType, data: bytes, res_id: Optional[int] = ...) -> BIFResource
Libraries\PyKotor\src\pykotor\resource\formats\bif\bif_data.py:467: error: "KeyEntry" has no attribute "resname_key_index"  [attr-defined]
Libraries\PyKotor\src\pykotor\resource\formats\bif\bif_data.py:477: error: Name "key_res" already defined on line 466  [no-redef]
Libraries\PyKotor\src\pykotor\resource\formats\bif\bif_data.py:477: error: "KeyEntry" has no attribute "resname_key_index"  [attr-defined]
Libraries\PyKotor\src\pykotor\resource\formats\bif\bif_data.py:495: error: "KeyEntry" has no attribute "resname_key_index"  [attr-defined]
Libraries\PyKotor\src\pykotor\resource\formats\bif\bif_data.py:547: error: "KeyEntry" has no attribute "resname_key_index"  [attr-defined]
Libraries\PyKotor\src\pykotor\resource\formats\bif\bif_data.py:560: error: "KeyEntry" has no attribute "resname_key_index"  [attr-defined]
Libraries\PyKotor\src\pykotor\extract\capsule.py:281: error: Incompatible types in assignment (expression has type "ERF", variable has type "RIM")  [assignment]
Libraries\PyKotor\src\pykotor\extract\capsule.py:283: error: Argument 1 to "write_erf" has incompatible type "RIM"; expected "ERF"  [arg-type]
Libraries\PyKotor\src\pykotor\extract\capsule.py:322: error: Incompatible types in assignment (expression has type "ERF", variable has type "RIM")  [assignment]
Libraries\PyKotor\src\pykotor\extract\capsule.py:324: error: Argument 1 to "write_erf" has incompatible type "RIM"; expected "ERF"  [arg-type]
Libraries\PyKotor\src\pykotor\extract\capsule.py:680: error: Variable "cls" is not valid as a type  [valid-type]
Libraries\PyKotor\src\pykotor\extract\capsule.py:680: note: See https://mypy.readthedocs.io/en/stable/common_issues.html#variables-vs-type-aliases
Libraries\PyKotor\src\pykotor\extract\capsule.py:681: error: cls? has no attribute "__class__"  [attr-defined]
Libraries\PyKotor\src\pykotor\extract\capsule.py:685: error: cls? has no attribute "_resources"  [attr-defined]
Libraries\PyKotor\src\pykotor\extract\capsule.py:685: error: cls? has no attribute "_load_erf"  [attr-defined]
Libraries\PyKotor\src\pykotor\extract\capsule.py:687: error: cls? has no attribute "_resources"  [attr-defined]
Libraries\PyKotor\src\pykotor\extract\capsule.py:687: error: cls? has no attribute "_load_rim"  [attr-defined]
Libraries\PyKotor\src\pykotor\resource\formats\bif\bif_auto.py:46: error: Name "msg" already defined on line 42  [no-redef]
Libraries\PyKotor\src\pykotor\resource\formats\lip\io_lip_xml.py:9: error: Library stubs not installed for "defusedxml.ElementTree"  [import-untyped]
Libraries\PyKotor\src\pykotor\resource\generics\dlg\nodes.py:402: error: Returning Any from function declared to return "Union[DLGEntry, DLGReply]"  [no-any-return]
Libraries\PyKotor\src\pykotor\resource\generics\dlg\nodes.py:442: error: Incompatible types in assignment (expression has type "list[DLGLink[Never]]", variable has type "Union[list[DLGLink[DLGReply]], list[DLGLink[DLGEntry]]]")  [assignment]
Libraries\PyKotor\src\pykotor\resource\generics\dlg\links.py:161: error: Name "p1" already defined on line 159  [no-redef]
Libraries\PyKotor\src\pykotor\resource\generics\dlg\links.py:224: error: Returning Any from function declared to return "DLGLink[T_co]"  [no-any-return]
Libraries\PyKotor\src\pykotor\resource\generics\dlg\links.py:228: error: Returning Any from function declared to return "DLGLink[T_co]"  [no-any-return]
Libraries\PyKotor\src\pykotor\resource\generics\dlg\links.py:264: error: Incompatible types in assignment (expression has type "None", variable has type "Union[T_co, DLGNode]")  [assignment]
Libraries\PyKotor\src\pykotor\resource\formats\twoda\io_twoda_json.py:23: error: Need type annotation for "_json" (hint: "_json: dict[<type>, <type>] = ...")  [var-annotated]        
Libraries\PyKotor\src\pykotor\resource\formats\twoda\io_twoda.py:98: error: Name "column_header" already defined on line 74  [no-redef]
Libraries\PyKotor\src\pykotor\resource\formats\ssf\io_ssf_xml.py:9: error: Library stubs not installed for "defusedxml.ElementTree"  [import-untyped]
Libraries\PyKotor\src\pykotor\extract\talktable.py:76: error: Returning Any from function declared to return "str"  [no-any-return]
Libraries\PyKotor\src\pykotor\extract\talktable.py:176: error: Returning Any from function declared to return "int"  [no-any-return]
Libraries\PyKotor\src\pykotor\resource\formats\gff\gff_data.py:1089: error: Incompatible default for argument "default" (default has type "int", argument has type "T")  [assignment] 
Libraries\PyKotor\src\pykotor\resource\formats\gff\gff_data.py:1105: error: Returning Any from function declared to return "Union[int, T]"  [no-any-return]
Libraries\PyKotor\src\pykotor\resource\formats\gff\gff_data.py:1112: error: Incompatible default for argument "default" (default has type "int", argument has type "T")  [assignment] 
Libraries\PyKotor\src\pykotor\resource\formats\gff\gff_data.py:1128: error: Returning Any from function declared to return "Union[int, T]"  [no-any-return]
Libraries\PyKotor\src\pykotor\resource\formats\gff\gff_data.py:1135: error: Incompatible default for argument "default" (default has type "int", argument has type "T")  [assignment] 
Libraries\PyKotor\src\pykotor\resource\formats\gff\gff_data.py:1151: error: Returning Any from function declared to return "Union[int, T]"  [no-any-return]
Libraries\PyKotor\src\pykotor\resource\formats\gff\gff_data.py:1158: error: Incompatible default for argument "default" (default has type "int", argument has type "T")  [assignment] 
Libraries\PyKotor\src\pykotor\resource\formats\gff\gff_data.py:1174: error: Returning Any from function declared to return "Union[int, T]"  [no-any-return]
Libraries\PyKotor\src\pykotor\resource\formats\gff\gff_data.py:1181: error: Incompatible default for argument "default" (default has type "int", argument has type "T")  [assignment] 
Libraries\PyKotor\src\pykotor\resource\formats\gff\gff_data.py:1197: error: Returning Any from function declared to return "Union[int, T]"  [no-any-return]
Libraries\PyKotor\src\pykotor\resource\formats\gff\gff_data.py:1204: error: Incompatible default for argument "default" (default has type "int", argument has type "T")  [assignment] 
Libraries\PyKotor\src\pykotor\resource\formats\gff\gff_data.py:1220: error: Returning Any from function declared to return "Union[int, T]"  [no-any-return]
Libraries\PyKotor\src\pykotor\resource\formats\gff\gff_data.py:1227: error: Incompatible default for argument "default" (default has type "int", argument has type "T")  [assignment] 
Libraries\PyKotor\src\pykotor\resource\formats\gff\gff_data.py:1243: error: Returning Any from function declared to return "Union[int, T]"  [no-any-return]
Libraries\PyKotor\src\pykotor\resource\formats\gff\gff_data.py:1250: error: Incompatible default for argument "default" (default has type "int", argument has type "T")  [assignment] 
Libraries\PyKotor\src\pykotor\resource\formats\gff\gff_data.py:1266: error: Returning Any from function declared to return "Union[int, T]"  [no-any-return]
Libraries\PyKotor\src\pykotor\resource\formats\gff\gff_data.py:1273: error: Incompatible default for argument "default" (default has type "float", argument has type "T")  [assignment]
Libraries\PyKotor\src\pykotor\resource\formats\gff\gff_data.py:1289: error: Returning Any from function declared to return "Union[float, T]"  [no-any-return]
Libraries\PyKotor\src\pykotor\resource\formats\gff\gff_data.py:1296: error: Incompatible default for argument "default" (default has type "float", argument has type "T")  [assignment]
Libraries\PyKotor\src\pykotor\resource\formats\gff\gff_data.py:1312: error: Returning Any from function declared to return "Union[float, T]"  [no-any-return]
Libraries\PyKotor\src\pykotor\resource\formats\gff\gff_data.py:1319: error: Incompatible default for argument "default" (default has type "None", argument has type "T")  [assignment]
Libraries\PyKotor\src\pykotor\resource\formats\gff\gff_data.py:1319: note: PEP 484 prohibits implicit Optional. Accordingly, mypy has changed its default to no_implicit_optional=True
Libraries\PyKotor\src\pykotor\resource\formats\gff\gff_data.py:1319: note: Use https://github.com/hauntsaninja/no_implicit_optional to automatically upgrade your codebase
Libraries\PyKotor\src\pykotor\resource\formats\gff\gff_data.py:1335: error: Returning Any from function declared to return "Union[ResRef, T]"  [no-any-return]
Libraries\PyKotor\src\pykotor\resource\formats\gff\gff_data.py:1342: error: Incompatible default for argument "default" (default has type "str", argument has type "T")  [assignment] 
Libraries\PyKotor\src\pykotor\resource\formats\gff\gff_data.py:1358: error: Returning Any from function declared to return "Union[str, T]"  [no-any-return]
Libraries\PyKotor\src\pykotor\resource\formats\gff\gff_data.py:1365: error: Incompatible default for argument "default" (default has type "None", argument has type "T")  [assignment]
Libraries\PyKotor\src\pykotor\resource\formats\gff\gff_data.py:1365: note: PEP 484 prohibits implicit Optional. Accordingly, mypy has changed its default to no_implicit_optional=True
Libraries\PyKotor\src\pykotor\resource\formats\gff\gff_data.py:1365: note: Use https://github.com/hauntsaninja/no_implicit_optional to automatically upgrade your codebase
Libraries\PyKotor\src\pykotor\resource\formats\gff\gff_data.py:1381: error: Returning Any from function declared to return "Union[LocalizedString, T]"  [no-any-return]
Libraries\PyKotor\src\pykotor\resource\formats\gff\gff_data.py:1388: error: Incompatible default for argument "default" (default has type "None", argument has type "T")  [assignment]
Libraries\PyKotor\src\pykotor\resource\formats\gff\gff_data.py:1388: note: PEP 484 prohibits implicit Optional. Accordingly, mypy has changed its default to no_implicit_optional=True
Libraries\PyKotor\src\pykotor\resource\formats\gff\gff_data.py:1388: note: Use https://github.com/hauntsaninja/no_implicit_optional to automatically upgrade your codebase
Libraries\PyKotor\src\pykotor\resource\formats\gff\gff_data.py:1404: error: Returning Any from function declared to return "Union[Vector3, T]"  [no-any-return]
Libraries\PyKotor\src\pykotor\resource\formats\gff\gff_data.py:1411: error: Incompatible default for argument "default" (default has type "None", argument has type "T")  [assignment]
Libraries\PyKotor\src\pykotor\resource\formats\gff\gff_data.py:1411: note: PEP 484 prohibits implicit Optional. Accordingly, mypy has changed its default to no_implicit_optional=True
Libraries\PyKotor\src\pykotor\resource\formats\gff\gff_data.py:1411: note: Use https://github.com/hauntsaninja/no_implicit_optional to automatically upgrade your codebase
Libraries\PyKotor\src\pykotor\resource\formats\gff\gff_data.py:1427: error: Returning Any from function declared to return "Union[Vector4, T]"  [no-any-return]
Libraries\PyKotor\src\pykotor\resource\formats\gff\gff_data.py:1434: error: Incompatible default for argument "default" (default has type "None", argument has type "T")  [assignment]
Libraries\PyKotor\src\pykotor\resource\formats\gff\gff_data.py:1434: note: PEP 484 prohibits implicit Optional. Accordingly, mypy has changed its default to no_implicit_optional=True
Libraries\PyKotor\src\pykotor\resource\formats\gff\gff_data.py:1434: note: Use https://github.com/hauntsaninja/no_implicit_optional to automatically upgrade your codebase
Libraries\PyKotor\src\pykotor\resource\formats\gff\gff_data.py:1450: error: Returning Any from function declared to return "Union[bytes, T]"  [no-any-return]
Libraries\PyKotor\src\pykotor\resource\formats\gff\gff_data.py:1457: error: Incompatible default for argument "default" (default has type "None", argument has type "T")  [assignment]
Libraries\PyKotor\src\pykotor\resource\formats\gff\gff_data.py:1457: note: PEP 484 prohibits implicit Optional. Accordingly, mypy has changed its default to no_implicit_optional=True
Libraries\PyKotor\src\pykotor\resource\formats\gff\gff_data.py:1457: note: Use https://github.com/hauntsaninja/no_implicit_optional to automatically upgrade your codebase
Libraries\PyKotor\src\pykotor\resource\formats\gff\gff_data.py:1473: error: Returning Any from function declared to return "Union[GFFStruct, T]"  [no-any-return]
Libraries\PyKotor\src\pykotor\resource\formats\gff\gff_data.py:1480: error: Incompatible default for argument "default" (default has type "None", argument has type "T")  [assignment]
Libraries\PyKotor\src\pykotor\resource\formats\gff\gff_data.py:1480: note: PEP 484 prohibits implicit Optional. Accordingly, mypy has changed its default to no_implicit_optional=True
Libraries\PyKotor\src\pykotor\resource\formats\gff\gff_data.py:1480: note: Use https://github.com/hauntsaninja/no_implicit_optional to automatically upgrade your codebase
Libraries\PyKotor\src\pykotor\resource\formats\gff\gff_data.py:1496: error: Returning Any from function declared to return "Union[GFFList, T]"  [no-any-return]
Libraries\PyKotor\src\pykotor\resource\formats\gff\gff_data.py:1524: error: Incompatible default for argument "default" (default has type "None", argument has type "T")  [assignment]
Libraries\PyKotor\src\pykotor\resource\formats\gff\gff_data.py:1524: note: PEP 484 prohibits implicit Optional. Accordingly, mypy has changed its default to no_implicit_optional=True
Libraries\PyKotor\src\pykotor\resource\formats\gff\gff_data.py:1524: note: Use https://github.com/hauntsaninja/no_implicit_optional to automatically upgrade your codebase
Libraries\PyKotor\src\pykotor\resource\formats\tpc\tpc_data.py:109: error: Incompatible return value type (got "int", expected "Literal[0, 1, 3, 4, 8, 16]")  [return-value]
Libraries\PyKotor\src\pykotor\tools\archives.py:731: error: Too many arguments for "BifEntry"  [call-arg]
Libraries\PyKotor\src\pykotor\tools\model.py:578: error: Unsupported target for indexed assignment ("Union[bytes, bytearray]")  [index]
Libraries\PyKotor\src\pykotor\tools\model.py:579: error: Unsupported target for indexed assignment ("Union[bytes, bytearray]")  [index]
Libraries\PyKotor\src\pykotor\tools\model.py:582: error: Unsupported target for indexed assignment ("Union[bytes, bytearray]")  [index]
Libraries\PyKotor\src\pykotor\tools\model.py:583: error: Unsupported target for indexed assignment ("Union[bytes, bytearray]")  [index]
Libraries\PyKotor\src\pykotor\tools\model.py:589: error: Unsupported target for indexed assignment ("Union[bytes, bytearray]")  [index]
Libraries\PyKotor\src\pykotor\tools\model.py:590: error: Unsupported target for indexed assignment ("Union[bytes, bytearray]")  [index]
Libraries\PyKotor\src\pykotor\tools\model.py:593: error: Unsupported target for indexed assignment ("Union[bytes, bytearray]")  [index]
Libraries\PyKotor\src\pykotor\tools\model.py:594: error: Unsupported target for indexed assignment ("Union[bytes, bytearray]")  [index]
Libraries\PyKotor\src\pykotor\tools\model.py:597: error: Unsupported target for indexed assignment ("Union[bytes, bytearray]")  [index]
Libraries\PyKotor\src\pykotor\tools\model.py:598: error: Unsupported target for indexed assignment ("Union[bytes, bytearray]")  [index]
Libraries\PyKotor\src\pykotor\tools\model.py:601: error: Unsupported target for indexed assignment ("Union[bytes, bytearray]")  [index]
Libraries\PyKotor\src\pykotor\tools\model.py:602: error: Unsupported target for indexed assignment ("Union[bytes, bytearray]")  [index]
Libraries\PyKotor\src\pykotor\tools\model.py:633: error: Unsupported target for indexed assignment ("Union[bytes, bytearray]")  [index]
Libraries\PyKotor\src\pykotor\resource\formats\ncs\dencs\utils\ncs_to_ast_converter.py:262: error: Incompatible types in assignment (expression has type "AFloatConstant", variable has type "AIntConstant")  [assignment]
Libraries\PyKotor\src\pykotor\resource\formats\ncs\dencs\utils\ncs_to_ast_converter.py:263:
 error: "AIntConstant" has no attribute "set_float_constant"  [attr-defined]
Libraries\PyKotor\src\pykotor\resource\formats\ncs\dencs\utils\ncs_to_ast_converter.py:267: error: Incompatible types in assignment (expression has type "AStringConstant", variable has type "AIntConstant")  [assignment]
Libraries\PyKotor\src\pykotor\resource\formats\ncs\dencs\utils\ncs_to_ast_converter.py:268:
 error: "AIntConstant" has no attribute "set_string_literal"  [attr-defined]
Libraries\PyKotor\src\pykotor\resource\formats\ncs\dencs\utils\ncs_to_ast_converter.py:464: error: Incompatible types in assignment (expression has type "ACopytopspCmd", variable has type "ACopydownspCmd")  [assignment]
Libraries\PyKotor\src\pykotor\resource\formats\ncs\dencs\utils\ncs_to_ast_converter.py:465: error: Incompatible types in assignment (expression has type "ACopyTopSpCommand", variable has type "ACopyDownSpCommand")  [assignment]
Libraries\PyKotor\src\pykotor\resource\formats\ncs\dencs\utils\ncs_to_ast_converter.py:466: error: "ACopyDownSpCommand" has no attribute "set_cptopsp"; maybe "set_cpdownsp" or "set_pos"?  [attr-defined]
Libraries\PyKotor\src\pykotor\resource\formats\ncs\dencs\utils\ncs_to_ast_converter.py:472: error: "ACopydownspCmd" has no attribute "set_copy_top_sp_command"; maybe "set_copy_down_sp_command", "get_copy_down_sp_command", or "_copy_down_sp_command"?  [attr-defined]        
Libraries\PyKotor\src\pykotor\resource\formats\ncs\dencs\utils\ncs_to_ast_converter.py:504: error: Incompatible types in assignment (expression has type "ACopytopbpCmd", variable has type "ACopydownbpCmd")  [assignment]
Libraries\PyKotor\src\pykotor\resource\formats\ncs\dencs\utils\ncs_to_ast_converter.py:505: error: Incompatible types in assignment (expression has type "ACopyTopBpCommand", variable has type "ACopyDownBpCommand")  [assignment]
Libraries\PyKotor\src\pykotor\resource\formats\ncs\dencs\utils\ncs_to_ast_converter.py:506: error: "ACopyDownBpCommand" has no attribute "set_cptopbp"; maybe "set_cpdownbp"?  [attr-defined]
Libraries\PyKotor\src\pykotor\resource\formats\ncs\dencs\utils\ncs_to_ast_converter.py:512: error: "ACopydownbpCmd" has no attribute "set_copy_top_bp_command"; maybe "set_copy_down_bp_command", "get_copy_down_bp_command", or "_copy_down_bp_command"?  [attr-defined]        
Libraries\PyKotor\src\pykotor\resource\formats\ncs\dencs\utils\ncs_to_ast_converter.py:592: error: Incompatible types in assignment (expression has type "ADecispStackOp", variable has type "AIncispStackOp")  [assignment]
Libraries\PyKotor\src\pykotor\resource\formats\ncs\dencs\utils\ncs_to_ast_converter.py:593:
 error: "AIncispStackOp" has no attribute "set_decisp"; maybe "set_incisp"?  [attr-defined]
Libraries\PyKotor\src\pykotor\resource\formats\ncs\dencs\utils\ncs_to_ast_converter.py:595: error: Incompatible types in assignment (expression has type "AIncibpStackOp", variable has type "AIncispStackOp")  [assignment]
Libraries\PyKotor\src\pykotor\resource\formats\ncs\dencs\utils\ncs_to_ast_converter.py:596: error: "AIncispStackOp" has no attribute "set_incibp"; maybe "set_incisp" or "get_incisp"?
  [attr-defined]
Libraries\PyKotor\src\pykotor\resource\formats\ncs\dencs\utils\ncs_to_ast_converter.py:598: error: Incompatible types in assignment (expression has type "ADecibpStackOp", variable has type "AIncispStackOp")  [assignment]
Libraries\PyKotor\src\pykotor\resource\formats\ncs\dencs\utils\ncs_to_ast_converter.py:599:
 error: "AIncispStackOp" has no attribute "set_decibp"  [attr-defined]
Libraries\PyKotor\src\pykotor\resource\formats\ncs\dencs\utils\ncs_to_ast_converter.py:646: error: Argument 1 to "set_destruct_command" of "ADestructCmd" has incompatible type "ADestructCommand"; expected "Optional[PDestructCommand]"  [arg-type]
Libraries\PyKotor\src\pykotor\resource\formats\ncs\dencs\utils\ncs_to_ast_converter.py:673: error: Incompatible types in assignment (expression has type "ARestorebpBpOp", variable has type "ASavebpBpOp")  [assignment]
Libraries\PyKotor\src\pykotor\resource\formats\ncs\dencs\utils\ncs_to_ast_converter.py:674:
 error: "ASavebpBpOp" has no attribute "set_restorebp"  [attr-defined]
Libraries\PyKotor\src\pykotor\resource\formats\lyt\io_lyt.py:46: error: Attribute "_lines" already defined on line 40  [no-redef]
Libraries\PyKotor\src\pykotor\resource\formats\tlk\io_tlk_xml.py:7: error: Library stubs not installed for "defusedxml.ElementTree"  [import-untyped]
Libraries\PyKotor\src\pykotor\resource\formats\gff\io_gff_xml.py:13: error: Library stubs not installed for "defusedxml.ElementTree"  [import-untyped]
Libraries\PyKotor\src\pykotor\resource\formats\gff\io_gff_xml.py:13: note: Hint: "python3 -m pip install types-defusedxml"
Libraries\PyKotor\src\pykotor\resource\formats\gff\io_gff_xml.py:146: error: Incompatible types in assignment (expression has type "Optional[GFFStruct]", variable has type "GFFStruct")  [assignment]
Libraries\PyKotor\src\pykotor\resource\formats\gff\io_gff.py:225: error: Argument 1 to "_load_struct" of "GFFBinaryReader" has incompatible type "Optional[GFFStruct]"; expected "GFFStruct"  [arg-type]
Libraries\PyKotor\src\pykotor\resource\formats\mdl\mdl_data.py:278: error: "MDLMesh" has no attribute "skin"  [attr-defined]
Libraries\PyKotor\src\pykotor\resource\formats\mdl\mdl_data.py:281: error: "MDLMesh" has no attribute "skin"  [attr-defined]
Libraries\PyKotor\src\pykotor\resource\formats\mdl\mdl_data.py:1370: error: Incompatible types in assignment (expression has type "Optional[int]", variable has type "int")  [assignment]
Libraries\PyKotor\src\pykotor\resource\formats\mdl\io_mdl_ascii.py:316: error: "MDLNode" has no attribute "node_type"  [attr-defined]
Libraries\PyKotor\src\pykotor\resource\formats\mdl\io_mdl_ascii.py:326: error: "MDLNode" has no attribute "parent_id"  [attr-defined]
Libraries\PyKotor\src\pykotor\resource\formats\mdl\io_mdl_ascii.py:475: error: "type[MDLControllerType]" has no attribute "COMBINEETIME"  [attr-defined]
Libraries\PyKotor\src\pykotor\resource\formats\mdl\io_mdl_ascii.py:477: error: "type[MDLControllerType]" has no attribute "FOCUSZONETX"  [attr-defined]
Libraries\PyKotor\src\pykotor\resource\formats\mdl\io_mdl_ascii.py:478: error: "type[MDLControllerType]" has no attribute "FOCUSZONETY"  [attr-defined]
Libraries\PyKotor\src\pykotor\resource\formats\mdl\io_mdl_ascii.py:479: error: "type[MDLControllerType]" has no attribute "FRAME"  [attr-defined]
Libraries\PyKotor\src\pykotor\resource\formats\mdl\io_mdl_ascii.py:485: error: "type[MDLControllerType]" has no attribute "PARTICLEROTX"  [attr-defined]
Libraries\PyKotor\src\pykotor\resource\formats\mdl\io_mdl_ascii.py:486: error: "type[MDLControllerType]" has no attribute "PARTICLEROTY"  [attr-defined]
Libraries\PyKotor\src\pykotor\resource\formats\mdl\io_mdl_ascii.py:487: error: "type[MDLControllerType]" has no attribute "PARTICLEROTZ"  [attr-defined]
Libraries\PyKotor\src\pykotor\resource\formats\mdl\io_mdl_ascii.py:488: error: "type[MDLControllerType]" has no attribute "RANDVELX"  [attr-defined]
Libraries\PyKotor\src\pykotor\resource\formats\mdl\io_mdl_ascii.py:489: error: "type[MDLControllerType]" has no attribute "RANDVELY"  [attr-defined]
Libraries\PyKotor\src\pykotor\resource\formats\mdl\io_mdl_ascii.py:490: error: "type[MDLControllerType]" has no attribute "RANDVELZ"  [attr-defined]
Libraries\PyKotor\src\pykotor\resource\formats\mdl\io_mdl_ascii.py:500: error: "type[MDLControllerType]" has no attribute "BLUR"  [attr-defined]
Libraries\PyKotor\src\pykotor\resource\formats\mdl\io_mdl_ascii.py:509: error: "type[MDLControllerType]" has no attribute "RANDOMVELX"  [attr-defined]
Libraries\PyKotor\src\pykotor\resource\formats\mdl\io_mdl_ascii.py:510: error: "type[MDLControllerType]" has no attribute "RANDOMVELY"  [attr-defined]
Libraries\PyKotor\src\pykotor\resource\formats\mdl\io_mdl_ascii.py:511: error: "type[MDLControllerType]" has no attribute "RANDOMVELZ"  [attr-defined]
Libraries\PyKotor\src\pykotor\resource\formats\mdl\io_mdl_ascii.py:512: error: "type[MDLControllerType]" has no attribute "TILING"  [attr-defined]
Libraries\PyKotor\src\pykotor\resource\formats\mdl\io_mdl_ascii.py:555: error: Incompatible types in assignment (expression has type "<subclass of "os.PathLike[Any]" and "io.TextIOBase">", variable has type "StringIO")  [assignment]
Libraries\PyKotor\src\pykotor\resource\formats\mdl\io_mdl_ascii.py:561: error: Incompatible types in assignment (expression has type "bytes", variable has type "str")  [assignment]  
Libraries\PyKotor\src\pykotor\resource\formats\mdl\io_mdl_ascii.py:562: error: "str" has no attribute "decode"; maybe "encode"?  [attr-defined]
Libraries\PyKotor\src\pykotor\resource\formats\mdl\io_mdl_ascii.py:729: error: "MDLNode" has no attribute "node_type"  [attr-defined]
Libraries\PyKotor\src\pykotor\resource\formats\mdl\io_mdl_ascii.py:748: error: Incompatible types in assignment (expression has type "MDLDangly", variable has type "Optional[MDLMesh]")  [assignment]
Libraries\PyKotor\src\pykotor\resource\formats\mdl\io_mdl_ascii.py:777: error: "MDLNode" has no attribute "parent_id"  [attr-defined]
Libraries\PyKotor\src\pykotor\resource\formats\mdl\io_mdl_ascii.py:846: error: "MDLNode" has no attribute "get_flags"  [attr-defined]
Libraries\PyKotor\src\pykotor\resource\formats\mdl\io_mdl_ascii.py:891: error: Argument 3 to "MDLController" has incompatible type "Union[Literal[''], Any, bool, None]"; expected "bool"  [arg-type]
Libraries\PyKotor\src\pykotor\resource\formats\mdl\io_mdl_ascii.py:1387: error: Argument 1 to "append" of "list" has incompatible type "list[float]"; expected "float"  [arg-type]    
Libraries\PyKotor\src\pykotor\resource\formats\mdl\io_mdl_ascii.py:1593: error: "MDLNode" has no attribute "parent_id"  [attr-defined]
Libraries\PyKotor\src\pykotor\resource\formats\mdl\io_mdl_ascii.py:1599: error: "MDLNode" has no attribute "parent_id"  [attr-defined]
Libraries\PyKotor\src\pykotor\resource\formats\mdl\io_mdl_ascii.py:1606: error: "MDLNode" has no attribute "parent_id"  [attr-defined]
Libraries\PyKotor\src\pykotor\resource\formats\mdl\io_mdl_ascii.py:1607: error: "MDLNode" has no attribute "parent_id"  [attr-defined]
Libraries\PyKotor\src\pykotor\resource\formats\mdl\io_mdl.py:266: error: Returning Any from function declared to return "int"  [no-any-return]
Libraries\PyKotor\src\pykotor\resource\formats\mdl\io_mdl.py:1942: error: Attribute "_mdl_nodes" already defined on line 1932  [no-redef]
Libraries\PyKotor\src\pykotor\resource\formats\mdl\io_mdl.py:1943: error: Attribute "_bin_nodes" already defined on line 1933  [no-redef]
Libraries\PyKotor\src\pykotor\resource\formats\mdl\io_mdl.py:1944: error: Attribute "_bin_anims" already defined on line 1934  [no-redef]
Libraries\PyKotor\src\pykotor\resource\formats\mdl\io_mdl.py:1945: error: Attribute "_names" already defined on line 1935  [no-redef]
Libraries\PyKotor\src\pykotor\resource\formats\mdl\io_mdl.py:1947: error: Attribute "_anim_offsets" already defined on line 1928  [no-redef]
Libraries\PyKotor\src\pykotor\resource\formats\mdl\io_mdl.py:1948: error: Attribute "_node_offsets" already defined on line 1929  [no-redef]
Libraries\PyKotor\src\pykotor\resource\formats\mdl\io_mdl.py:1949: error: Attribute "_file_header" already defined on line 1936  [no-redef]
Libraries\PyKotor\src\pykotor\resource\formats\mdl\io_mdl.py:1991: error: Incompatible types in assignment (expression has type "Literal[4216640]", variable has type "Literal[4216592]")  [assignment]
Libraries\PyKotor\src\pykotor\resource\formats\mdl\io_mdl.py:1992: error: Incompatible types in assignment (expression has type "Literal[4216624]", variable has type "Literal[4216608]")  [assignment]
Libraries\PyKotor\src\pykotor\resource\formats\mdl\io_mdl.py:1994: error: Incompatible types in assignment (expression has type "Literal[4216656]", variable has type "Literal[4216592]")  [assignment]
Libraries\PyKotor\src\pykotor\resource\formats\mdl\io_mdl.py:1995: error: Incompatible types in assignment (expression has type "Literal[4216672]", variable has type "Literal[4216608]")  [assignment]
Libraries\PyKotor\src\pykotor\resource\formats\mdl\io_mdl.py:1997: error: Incompatible types in assignment (expression has type "Literal[4216816]", variable has type "Literal[4216592]")  [assignment]
Libraries\PyKotor\src\pykotor\resource\formats\mdl\io_mdl.py:1998: error: Incompatible types in assignment (expression has type "Literal[4216832]", variable has type "Literal[4216608]")  [assignment]
Libraries\PyKotor\src\pykotor\resource\formats\mdl\io_mdl.py:2000: error: Incompatible types in assignment (expression has type "Literal[4216864]", variable has type "Literal[4216592]")  [assignment]
Libraries\PyKotor\src\pykotor\resource\formats\mdl\io_mdl.py:2001: error: Incompatible types in assignment (expression has type "Literal[4216848]", variable has type "Literal[4216608]")  [assignment]
Libraries\PyKotor\src\pykotor\resource\formats\mdl\io_mdl.py:2003: error: Incompatible types in assignment (expression has type "Literal[4216880]", variable has type "Literal[4216592]")  [assignment]
Libraries\PyKotor\src\pykotor\resource\formats\mdl\io_mdl.py:2004: error: Incompatible types in assignment (expression has type "Literal[4216896]", variable has type "Literal[4216608]")  [assignment]
Libraries\PyKotor\src\pykotor\resource\formats\mdl\io_mdl.py:2370: error: Incompatible types in assignment (expression has type "RawBinaryWriter", variable has type "BinaryWriter")  [assignment]
Libraries\PyKotor\src\pykotor\resource\formats\tlk\tlk_auto.py:59: error: Returning Any from function declared to return "ResourceType"  [no-any-return]
Libraries\PyKotor\src\pykotor\resource\generics\dlg\io\twine.py:14: error: Library stubs not installed for "defusedxml"  [import-untyped]
Libraries\PyKotor\src\pykotor\resource\generics\dlg\io\twine.py:345: error: Incompatible types in assignment (expression has type "DLGReply", variable has type "DLGEntry")  [assignment]
Libraries\PyKotor\src\pykotor\resource\generics\dlg\io\twine.py:364: error: Argument 1 to "DLGLink" has incompatible type "Union[DLGEntry, DLGReply]"; expected "DLGReply"  [arg-type]
Libraries\PyKotor\src\pykotor\resource\generics\dlg\io\twine.py:364: error: Argument 1 to "DLGLink" has incompatible type "Union[DLGEntry, DLGReply]"; expected "DLGEntry"  [arg-type]
Libraries\PyKotor\src\pykotor\resource\generics\dlg\io\twine.py:368: error: Argument 1 to "DLGLink" has incompatible type "Union[DLGEntry, DLGReply]"; expected "DLGEntry"  [arg-type]
Libraries\PyKotor\src\pykotor\resource\generics\dlg\io\twine.py:429: error: Argument 1 to "process_node" has incompatible type "DLGNode"; expected "Union[DLGEntry, DLGReply]"  [arg-type]
Libraries\PyKotor\src\pykotor\resource\generics\dlg\io\twine.py:448: error: Argument 1 to "process_node" has incompatible type "Union[DLGEntry, DLGNode]"; expected "Union[DLGEntry, DLGReply]"  [arg-type]
Libraries\PyKotor\src\pykotor\resource\generics\dlg\io\gff.py:272: error: Name "context_link_msg" already defined on line 252  [no-redef]
Libraries\PyKotor\src\pykotor\resource\generics\dlg\io\gff.py:275: error: Name "link" already defined on line 255  [no-redef]
Libraries\PyKotor\src\pykotor\resource\generics\dlg\io\gff.py:290: error: Name "node_struct_id" already defined on line 248  [no-redef]
Libraries\PyKotor\src\pykotor\resource\generics\dlg\io\gff.py:294: error: Name "context_link_msg" already defined on line 252  [no-redef]
Libraries\PyKotor\src\pykotor\resource\generics\dlg\io\gff.py:297: error: Name "link" already defined on line 255  [no-redef]
Libraries\PyKotor\src\pykotor\resource\formats\mdl\mdl_auto.py:195: error: Too many arguments for "MDLAsciiWriter"  [call-arg]
Libraries\PyKotor\src\pykotor\resource\formats\mdl\mdl_auto.py:195: error: "MDLAsciiWriter" has no attribute "write"; maybe "_writer"?  [attr-defined]
Libraries\PyKotor\src\pykotor\resource\formats\mdl\mdl_auto.py:195: error: Argument 1 to "MDLAsciiWriter" has incompatible type "MDL"; expected "TextIO"  [arg-type]
Libraries\PyKotor\src\pykotor\resource\generics\utt.py:12: error: Module "pykotor.extract.installation" has no attribute "GFFStruct"  [attr-defined]
Libraries\PyKotor\src\pykotor\resource\generics\utt.py:209: error: Attribute "name" already defined on line 178  [no-redef]
Libraries\PyKotor\src\pykotor\tools\registry.py:109: error: Returning Any from function declared to return "Optional[str]"  [no-any-return]
Libraries\PyKotor\src\pykotor\tools\registry.py:133: error: Argument 1 to "resolve_reg_key_to_path" has incompatible type "int"; expected "Union[str, HKEYType]"  [arg-type]
Libraries\PyKotor\src\pykotor\tools\registry.py:169: error: Missing return statement  [return]
Libraries\PyKotor\src\pykotor\tools\registry.py:269: error: Incompatible types in assignment (expression has type "Optional[Game]", variable has type "Game")  [assignment]
Libraries\PyKotor\src\pykotor\tools\path.py:40: error: Cannot find implementation or library stub for module named "fuse"  [import-not-found]
Libraries\PyKotor\src\pykotor\tools\path.py:40: note: See https://mypy.readthedocs.io/en/stable/running_mypy.html#missing-imports
Libraries\PyKotor\src\pykotor\tools\path.py:157: error: Incompatible types in assignment (expression has type "Union[tuple[str, bool], str]", variable has type "str")  [assignment]  
Libraries\PyKotor\src\pykotor\tools\path.py:174: error: Returning Any from function declared to return "None"  [no-any-return]
Libraries\PyKotor\src\pykotor\tools\path.py:174: error: Module has no attribute "chown"  [attr-defined]
Libraries\PyKotor\src\pykotor\tools\path.py:211: error: Returning Any from function declared to return "None"  [no-any-return]
Libraries\PyKotor\src\pykotor\tools\path.py:211: error: Module has no attribute "mknod"  [attr-defined]
Libraries\PyKotor\src\pykotor\tools\path.py:225: error: Module has no attribute "statvfs"  [attr-defined]
Libraries\PyKotor\src\pykotor\tools\path.py:629: error: Returning Any from function declared to return "str"  [no-any-return]
Libraries\PyKotor\src\pykotor\tools\path.py:938: error: Incompatible types in assignment (expression has type "PurePath", variable has type "Path")  [assignment]
Libraries\PyKotor\src\pykotor\tools\path.py:1179: error: Returning Any from function declared to return "Self"  [no-any-return]
Libraries\PyKotor\src\pykotor\tools\path.py:1185: error: Incompatible types in assignment (expression has type "list[str]", variable has type "tuple[str, ...]")  [assignment]        
Libraries\PyKotor\src\pykotor\tools\path.py:1213: error: Unsupported target for indexed assignment ("tuple[str, ...]")  [index]
Libraries\PyKotor\src\pykotor\tools\path.py:1222: error: Returning Any from function declared to return "Self"  [no-any-return]
Libraries\PyKotor\src\pykotor\tools\path.py:1380: error: Cannot assign to a type  [misc]   
Libraries\PyKotor\src\pykotor\tools\path.py:1380: note: Error code "misc" not covered by "type: ignore" comment
Libraries\PyKotor\src\pykotor\extract\savedata.py:910: error: Incompatible types in assignment (expression has type "Vector4", variable has type "Vector3")  [assignment]
Libraries\PyKotor\src\pykotor\extract\savedata.py:911: error: Argument 2 to "set_vector4" of "GFFStruct" has incompatible type "Vector3"; expected "Vector4"  [arg-type]
Libraries\PyKotor\src\pykotor\extract\savedata.py:1390: error: Incompatible types in assignment (expression has type "int", variable has type "bool")  [assignment]
Libraries\PyKotor\src\pykotor\extract\savedata.py:1406: error: Incompatible types in assignment (expression has type "str", variable has type "bool")  [assignment]
Libraries\PyKotor\src\pykotor\extract\savedata.py:1413: error: Argument 2 to "set_string" of "GFFStruct" has incompatible type "bool"; expected "str"  [arg-type]
Libraries\PyKotor\src\pykotor\resource\formats\tpc\tpc_auto.py:114: error: Item "PathLike[Any]" of "Union[PathLike[Any], str, bytes, bytearray, memoryview[int], BufferedIOBase, RawIOBase, mmap, BinaryReader, Any]" has no attribute "is_file"  [union-attr]
Libraries\PyKotor\src\pykotor\resource\formats\tpc\tpc_auto.py:114: error: Item "str" of "Union[PathLike[Any], str, bytes, bytearray, memoryview[int], BufferedIOBase, RawIOBase, mmap, BinaryReader, Any]" has no attribute "is_file"  [union-attr]
Libraries\PyKotor\src\pykotor\resource\formats\tpc\tpc_auto.py:114: error: Item "bytes" of "Union[PathLike[Any], str, bytes, bytearray, memoryview[int], BufferedIOBase, RawIOBase, mmap, BinaryReader, Any]" has no attribute "is_file"  [union-attr]
Libraries\PyKotor\src\pykotor\resource\formats\tpc\tpc_auto.py:114: error: Item "bytearray" of "Union[PathLike[Any], str, bytes, bytearray, memoryview[int], BufferedIOBase, RawIOBase, mmap, BinaryReader, Any]" has no attribute "is_file"  [union-attr]
Libraries\PyKotor\src\pykotor\resource\formats\tpc\tpc_auto.py:114: error: Item "memoryview[int]" of "Union[PathLike[Any], str, bytes, bytearray, memoryview[int], BufferedIOBase, RawIOBase, mmap, BinaryReader, Any]" has no attribute "is_file"  [union-attr]
Libraries\PyKotor\src\pykotor\resource\formats\tpc\tpc_auto.py:114: error: Item "BufferedIOBase" of "Union[PathLike[Any], str, bytes, bytearray, memoryview[int], BufferedIOBase, RawIOBase, mmap, BinaryReader, Any]" has no attribute "is_file"  [union-attr]
Libraries\PyKotor\src\pykotor\resource\formats\tpc\tpc_auto.py:114: error: Item "RawIOBase" of "Union[PathLike[Any], str, bytes, bytearray, memoryview[int], BufferedIOBase, RawIOBase, mmap, BinaryReader, Any]" has no attribute "is_file"  [union-attr]
Libraries\PyKotor\src\pykotor\resource\formats\tpc\tpc_auto.py:114: error: Item "mmap" of "Union[PathLike[Any], str, bytes, bytearray, memoryview[int], BufferedIOBase, RawIOBase, mmap, BinaryReader, Any]" has no attribute "is_file"  [union-attr]
Libraries\PyKotor\src\pykotor\resource\formats\tpc\tpc_auto.py:114: error: Item "BinaryReader" of "Union[PathLike[Any], str, bytes, bytearray, memoryview[int], BufferedIOBase, RawIOBase, mmap, BinaryReader, Any]" has no attribute "is_file"  [union-attr]
Libraries\PyKotor\src\pykotor\resource\formats\tpc\tpc_auto.py:118: error: Item "PathLike[Any]" of "Union[PathLike[Any], str, bytes, bytearray, memoryview[int], BufferedIOBase, RawIOBase, mmap, BinaryReader, Any]" has no attribute "is_file"  [union-attr]
Libraries\PyKotor\src\pykotor\resource\formats\tpc\tpc_auto.py:118: error: Item "str" of "Union[PathLike[Any], str, bytes, bytearray, memoryview[int], BufferedIOBase, RawIOBase, mmap, BinaryReader, Any]" has no attribute "is_file"  [union-attr]
Libraries\PyKotor\src\pykotor\resource\formats\tpc\tpc_auto.py:118: error: Item "bytes" of "Union[PathLike[Any], str, bytes, bytearray, memoryview[int], BufferedIOBase, RawIOBase, mmap, BinaryReader, Any]" has no attribute "is_file"  [union-attr]
Libraries\PyKotor\src\pykotor\resource\formats\tpc\tpc_auto.py:118: error: Item "bytearray" of "Union[PathLike[Any], str, bytes, bytearray, memoryview[int], BufferedIOBase, RawIOBase, mmap, BinaryReader, Any]" has no attribute "is_file"  [union-attr]
Libraries\PyKotor\src\pykotor\resource\formats\tpc\tpc_auto.py:118: error: Item "memoryview[int]" of "Union[PathLike[Any], str, bytes, bytearray, memoryview[int], BufferedIOBase, RawIOBase, mmap, BinaryReader, Any]" has no attribute "is_file"  [union-attr]
Libraries\PyKotor\src\pykotor\resource\formats\tpc\tpc_auto.py:118: error: Item "BufferedIOBase" of "Union[PathLike[Any], str, bytes, bytearray, memoryview[int], BufferedIOBase, RawIOBase, mmap, BinaryReader, Any]" has no attribute "is_file"  [union-attr]
Libraries\PyKotor\src\pykotor\resource\formats\tpc\tpc_auto.py:118: error: Item "RawIOBase" of "Union[PathLike[Any], str, bytes, bytearray, memoryview[int], BufferedIOBase, RawIOBase, mmap, BinaryReader, Any]" has no attribute "is_file"  [union-attr]
Libraries\PyKotor\src\pykotor\resource\formats\tpc\tpc_auto.py:118: error: Item "mmap" of "Union[PathLike[Any], str, bytes, bytearray, memoryview[int], BufferedIOBase, RawIOBase, mmap, BinaryReader, Any]" has no attribute "is_file"  [union-attr]
Libraries\PyKotor\src\pykotor\resource\formats\tpc\tpc_auto.py:118: error: Item "BinaryReader" of "Union[PathLike[Any], str, bytes, bytearray, memoryview[int], BufferedIOBase, RawIOBase, mmap, BinaryReader, Any]" has no attribute "is_file"  [union-attr]
Libraries\PyKotor\src\pykotor\extract\installation.py:1414: error: "object" has no attribute "restype"  [attr-defined]
Libraries\PyKotor\src\pykotor\resource\formats\ncs\dencs\decompile_ncs.py:56: error: Argument 1 to "FlattenSub" has incompatible type "Optional[ASubroutine]"; expected "ASubroutine" 
 [arg-type]
Libraries\PyKotor\src\pykotor\resource\formats\ncs\dencs\decompile_ncs.py:57: error: Item "None" of "Optional[ASubroutine]" has no attribute "apply"  [union-attr]
Libraries\PyKotor\src\pykotor\resource\formats\ncs\dencs\decompile_ncs.py:91: error: Argument 1 to "SubroutinePathFinder" has incompatible type "Optional[SubroutineState]"; expected "SubroutineState"  [arg-type]
Libraries\PyKotor\src\pykotor\resource\formats\ncs\dencs\decompile_ncs.py:94: error: Argument 1 to "DoTypes" has incompatible type "Optional[SubroutineState]"; expected "SubroutineState"  [arg-type]
Libraries\PyKotor\src\pykotor\resource\formats\ncs\dencs\decompile_ncs.py:104: error: Argument 1 to "DoTypes" has incompatible type "Optional[SubroutineState]"; expected "SubroutineState"  [arg-type]
Libraries\PyKotor\src\pykotor\resource\formats\ncs\dencs\decompile_ncs.py:105: error: Item "None" of "Optional[ASubroutine]" has no attribute "apply"  [union-attr]
Libraries\PyKotor\src\pykotor\resource\formats\ncs\dencs\decompile_ncs.py:121: error: Argument 1 to "DoTypes" has incompatible type "Optional[SubroutineState]"; expected "SubroutineState"  [arg-type]
Libraries\PyKotor\src\pykotor\resource\formats\ncs\dencs\decompile_ncs.py:124: error: Argument 1 to "DoTypes" has incompatible type "Optional[SubroutineState]"; expected "SubroutineState"  [arg-type]
Libraries\PyKotor\src\pykotor\resource\formats\ncs\dencs\decompile_ncs.py:125: error: Item "None" of "Optional[ASubroutine]" has no attribute "apply"  [union-attr]
Libraries\PyKotor\src\pykotor\resource\formats\ncs\dencs\decompile_ncs.py:144: error: Item "None" of "Optional[ASubroutine]" has no attribute "apply"  [union-attr]
Libraries\PyKotor\src\pykotor\resource\formats\ncs\dencs\decompile_ncs.py:164: error: Item "None" of "Optional[ASubroutine]" has no attribute "apply"  [union-attr]
Libraries\PyKotor\src\pykotor\resource\formats\ncs\decompiler.py:27: error: Incompatible redefinition (redefinition with type "Callable[[BaseException, VarArg(Any), KwArg(Any)], str]", original type "_lru_cache_wrapper[str]")  [misc]
Libraries\PyKotor\src\pykotor\resource\formats\ncs\decompiler.py:691: error: Need type annotation for "args" (hint: "args: list[<type>] = ...")  [var-annotated]
Libraries\PyKotor\src\pykotor\resource\formats\ncs\compiler\parser.py:6: error: Skipping analyzing "ply": module is installed, but missing library stubs or py.typed marker  [import-untyped]
Libraries\PyKotor\src\pykotor\resource\formats\ncs\compiler\lexer.py:5: error: Skipping analyzing "ply": module is installed, but missing library stubs or py.typed marker  [import-untyped]
Libraries\PyKotor\src\pykotor\resource\formats\ncs\ncs_auto.py:185: error: Argument "library_lookup" to "NssParser" has incompatible type "Union[Sequence[Union[str, Path, PathLike[str]]], str, Path, PathLike[str], None]"; expected "Optional[Sequence[Union[str, Path]]]"  [arg-type]
Libraries\PyKotor\src\pykotor\common\module.py:429: error: Expected TypedDict key to be string literal  [misc]
Libraries\PyKotor\src\pykotor\common\module.py:439: error: Name "strict" is not defined  [name-defined]
Libraries\PyKotor\src\pykotor\common\module.py:462: error: Argument 1 to "list" has incompatible type "dict_values[str, object]"; expected "Iterable[ModulePieceResource]"  [arg-type]
Libraries\PyKotor\src\pykotor\common\module.py:647: error: No overload variant of "locations" of "Installation" matches argument types "list[ResourceIdentifier]", "tuple[SearchLocation, ...]", "list[Union[ModuleFullOverridePiece, ModuleLinkPiece]]"  [call-overload]        
Libraries\PyKotor\src\pykotor\common\module.py:647: note: Possible overload variants:      
Libraries\PyKotor\src\pykotor\common\module.py:647: note:     def locations(self, queries: list[ResourceIdentifier], order: Optional[list[SearchLocation]] = ..., *, capsules: Optional[Sequence[LazyCapsule]] = ..., folders: Optional[list[Path]] = ..., module_root: Optional[str] = ..., logger: Optional[Callable[[str], None]] = ...) -> dict[ResourceIdentifier, list[LocationResult]]
Libraries\PyKotor\src\pykotor\common\module.py:647: note:     def locations(self, queries: tuple[Sequence[str], Union[Sequence[ResourceIdentifier], Sequence[ResourceType]]], order: Optional[list[SearchLocation]] = ..., *, capsules: Optional[Sequence[LazyCapsule]] = ..., folders: Optional[list[Path]] = ..., module_root: Optional[str] = ..., logger: Optional[Callable[[str], None]] = ...) -> dict[ResourceIdentifier, list[LocationResult]]
Libraries\PyKotor\src\pykotor\common\module.py:695: error: No overload variant of "locations" of "Installation" matches argument types "list[ResourceIdentifier]", "tuple[SearchLocation, ...]", "list[Union[ModuleFullOverridePiece, ModuleLinkPiece]]"  [call-overload]        
Libraries\PyKotor\src\pykotor\common\module.py:695: note: Possible overload variants:      
Libraries\PyKotor\src\pykotor\common\module.py:695: note:     def locations(self, queries: list[ResourceIdentifier], order: Optional[list[SearchLocation]] = ..., *, capsules: Optional[Sequence[LazyCapsule]] = ..., folders: Optional[list[Path]] = ..., module_root: Optional[str] = ..., logger: Optional[Callable[[str], None]] = ...) -> dict[ResourceIdentifier, list[LocationResult]]
Libraries\PyKotor\src\pykotor\common\module.py:695: note:     def locations(self, queries: tuple[Sequence[str], Union[Sequence[ResourceIdentifier], Sequence[ResourceType]]], order: Optional[list[SearchLocation]] = ..., *, capsules: Optional[Sequence[LazyCapsule]] = ..., folders: Optional[list[Path]] = ..., module_root: Optional[str] = ..., logger: Optional[Callable[[str], None]] = ...) -> dict[ResourceIdentifier, list[LocationResult]]
Libraries\PyKotor\src\pykotor\common\module.py:1937: error: Returning Any from function declared to return "Optional[T]"  [no-any-return]
Libraries\PyKotor\src\pykotor\resource\salvage.py:123: error: Argument 1 to "validate_resource" has incompatible type "ArchiveResource"; expected "Union[FileResource, ERFResource, RIMResource]"  [arg-type]
Libraries\PyKotor\src\pykotor\resource\salvage.py:141: error: If x = b'abc' then f"{x}" or "{}".format(x) produces "b'abc'", not "abc". If this is desired behavior, use f"{x!r}" or "{!r}".format(x). Otherwise, decode the bytes  [str-bytes-safe]
Libraries\PyKotor\src\pykotor\resource\salvage.py:278: error: Parameterized generics cannot be used with class or instance checks  [misc]
Libraries\PyKotor\src\pykotor\resource\salvage.py:278: error: Argument 2 to "isinstance" has incompatible type "<typing special form>"; expected "_ClassInfo"  [arg-type]
Libraries\PyKotor\src\pykotor\resource\salvage.py:302: error: If x = b'abc' then f"{x}" or "{}".format(x) produces "b'abc'", not "abc". If this is desired behavior, use f"{x!r}" or "{!r}".format(x). Otherwise, decode the bytes  [str-bytes-safe]
Libraries\PyKotor\src\pykotor\tools\placeable.py:41: error: No overload variant of "resource" of "Installation" matches argument type "ResourceIdentifier"  [call-overload]
Libraries\PyKotor\src\pykotor\tools\placeable.py:41: note: Possible overload variants:     
Libraries\PyKotor\src\pykotor\tools\placeable.py:41: note:     def resource(self, resname: str, restype: ResourceType, order: Optional[Sequence[SearchLocation]] = ..., *, capsules: Optional[Sequence[Capsule]] = ..., folders: Optional[list[Path]] = ..., module_root: Optional[str] = ..., logger: Optional[Callable[[str], None]] = ...) -> Any
Libraries\PyKotor\src\pykotor\tools\placeable.py:41: note:     def resource(self, resname: str, restype: Sequence[ResourceType], order: Optional[Sequence[SearchLocation]] = ..., *, capsules: Optional[Sequence[Capsule]] = ..., folders: Optional[list[Path]] = ..., module_root: Optional[str] = ..., logger: Optional[Callable[[str], None]] = ...) -> Any
Libraries\PyKotor\src\pykotor\tools\door.py:237: error: "add" of "set" does not return a value (it only ever returns None)  [func-returns-value]
Libraries\PyKotor\src\pykotor\tools\patching.py:615: error: Argument 1 to "bytes_tpc" has incompatible type "Union[GFF, TPC, None]"; expected "TPC"  [arg-type]
Libraries\PyKotor\src\pykotor\tools\kit.py:1019: error: Incompatible types in assignment (expression has type "dict[str, bytes]", variable has type "Optional[bytes]")  [assignment]  
Libraries\PyKotor\src\pykotor\tools\kit.py:1024: error: No overload variant of "__getitem__" of "bytes" matches argument type "str"  [call-overload]
Libraries\PyKotor\src\pykotor\tools\kit.py:1024: note: Possible overload variants:
Libraries\PyKotor\src\pykotor\tools\kit.py:1024: note:     def __getitem__(self, SupportsIndex, /) -> int
Libraries\PyKotor\src\pykotor\tools\kit.py:1024: note:     def __getitem__(self, slice[Any, Any, Any], /) -> bytes
Libraries\PyKotor\src\pykotor\tools\kit.py:1024: error: Value of type "Optional[bytes]" is not indexable  [index]
Libraries\PyKotor\src\pykotor\tools\kit.py:1025: error: Item "bytes" of "Optional[bytes]" has no attribute "get"  [union-attr]
Libraries\PyKotor\src\pykotor\tools\kit.py:1025: error: Item "None" of "Optional[bytes]" has no attribute "get"  [union-attr]
Libraries\PyKotor\src\pykotor\tools\kit.py:1026: error: No overload variant of "__getitem__" of "bytes" matches argument type "str"  [call-overload]
Libraries\PyKotor\src\pykotor\tools\kit.py:1026: note: Possible overload variants:
Libraries\PyKotor\src\pykotor\tools\kit.py:1026: note:     def __getitem__(self, SupportsIndex, /) -> int
Libraries\PyKotor\src\pykotor\tools\kit.py:1026: note:     def __getitem__(self, slice[Any, Any, Any], /) -> bytes
Libraries\PyKotor\src\pykotor\tools\kit.py:1026: error: Value of type "Optional[bytes]" is not indexable  [index]
Libraries\PyKotor\src\pykotor\tools\kit.py:1151: error: Incompatible types in assignment (expression has type "tuple[int, int, int]", variable has type "QColor")  [assignment]       
Libraries\PyKotor\src\pykotor\tools\kit.py:1163: error: Argument "fill" to "polygon" of "ImageDraw" has incompatible type "QColor"; expected "Optional[Union[str, int, Union[tuple[int, int, int], tuple[int, int, int, int]]]]"  [arg-type]
Libraries\PyKotor\src\pykotor\tools\kit.py:1163: error: Argument "outline" to "polygon" of "ImageDraw" has incompatible type "QColor"; expected "Optional[Union[str, int, Union[tuple[int, int, int], tuple[int, int, int, int]]]]"  [arg-type]
Found 1173 errors in 238 files (checked 1 source file)
(.venv_3.13) PS G:\GitHub\PyKotor> 